[2023-12-04T11:01:49.036Z] info: Connecting to database: DEVELOPMENT
[2023-12-04T11:02:47.187Z] info: Failed to email: 250 OK id=1rA6it-001aqo-23
[2023-12-04T11:06:46.099Z] info: Connecting to database: DEVELOPMENT
[2023-12-04T11:07:57.361Z] info: Connecting to database: DEVELOPMENT
[2023-12-07T10:08:08.427Z] info: Connecting to database: DEVELOPMENT
[2023-12-07T10:26:10.968Z] info: Connecting to database: DEVELOPMENT
[2023-12-07T10:29:19.243Z] info: Connecting to database: DEVELOPMENT
[2023-12-07T10:34:16.261Z] info: Connecting to database: DEVELOPMENT
[2023-12-07T10:35:32.641Z] info: Connecting to database: DEVELOPMENT
[2023-12-07T11:13:26.480Z] info: Connecting to database: DEVELOPMENT
[2023-12-07T11:13:45.452Z] info: Connecting to database: DEVELOPMENT
[2023-12-07T16:50:32.886Z] info: Connecting to database: DEVELOPMENT
[2023-12-07T16:51:40.477Z] info: Connecting to database: DEVELOPMENT
[2023-12-07T16:52:49.279Z] info: Connecting to database: DEVELOPMENT
[2023-12-07T16:53:00.033Z] info: Connecting to database: DEVELOPMENT
[2023-12-07T16:53:13.674Z] info: Connecting to database: DEVELOPMENT
[2023-12-07T16:56:39.117Z] info: Connecting to database: DEVELOPMENT
[2023-12-07T16:57:02.101Z] info: Connecting to database: DEVELOPMENT
[2023-12-07T16:59:14.128Z] error: Failed to signup: TypeError: Cannot read properties of undefined (reading 'length')
    at Object.execute (E:\KAHER-Backend\use-cases\application\get-assigned-applications.js:72:49)
    at process.processTicksAndRejections (node:internal/process/task_queues:95:5)
    at async exports.getAssignedApplications (E:\KAHER-Backend\controllers\application.controller.js:203:20)
[2023-12-07T16:59:14.128Z] error: Failed to signup: TypeError: Cannot read properties of undefined (reading 'length')
    at Object.execute (E:\KAHER-Backend\use-cases\application\get-assigned-applications.js:72:49)
    at process.processTicksAndRejections (node:internal/process/task_queues:95:5)
    at async exports.getAssignedApplications (E:\KAHER-Backend\controllers\application.controller.js:203:20)
[2023-12-07T16:59:31.062Z] info: Connecting to database: DEVELOPMENT
[2023-12-07T16:59:43.909Z] info: Connecting to database: DEVELOPMENT
[2023-12-07T17:00:00.483Z] info: Connecting to database: DEVELOPMENT
[2023-12-07T17:00:22.316Z] info: Connecting to database: DEVELOPMENT
[2023-12-07T17:00:28.658Z] info: Connecting to database: DEVELOPMENT
[2023-12-07T17:00:49.584Z] info: Connecting to database: DEVELOPMENT
[2023-12-07T17:01:03.871Z] info: Connecting to database: DEVELOPMENT
[2023-12-07T17:01:15.219Z] info: Connecting to database: DEVELOPMENT
[2023-12-07T17:01:21.372Z] info: Connecting to database: DEVELOPMENT
[2023-12-07T17:01:25.080Z] info: Connecting to database: DEVELOPMENT
[2023-12-07T17:03:19.359Z] info: Connecting to database: DEVELOPMENT
[2023-12-12T17:37:07.859Z] info: Connecting to database: DEVELOPMENT
[2023-12-12T17:37:53.848Z] error: token verification expired
[2023-12-12T17:37:53.848Z] error: token verification expired
[2023-12-12T17:39:00.008Z] info: Email sent: 250 OK id=1rD6ij-00EvZa-0E
[2023-12-12T17:40:23.738Z] error: Failed to find user by id: Cannot read properties of null (reading 'uuid') TypeError: Cannot read properties of null (reading 'uuid')
    at Object.findById (E:\KAHER-Backend\lib\database\methods\workflow.js:180:37)
    at process.processTicksAndRejections (node:internal/process/task_queues:95:5)
    at async Object.execute (E:\KAHER-Backend\use-cases\application\create-application.js:61:26)
    at async exports.createApplication (E:\KAHER-Backend\controllers\application.controller.js:17:20)
[2023-12-12T17:40:23.738Z] error: Failed to find user by id: Cannot read properties of null (reading 'uuid') TypeError: Cannot read properties of null (reading 'uuid')
    at Object.findById (E:\KAHER-Backend\lib\database\methods\workflow.js:180:37)
    at process.processTicksAndRejections (node:internal/process/task_queues:95:5)
    at async Object.execute (E:\KAHER-Backend\use-cases\application\create-application.js:61:26)
    at async exports.createApplication (E:\KAHER-Backend\controllers\application.controller.js:17:20)
[2023-12-12T17:40:23.746Z] error: Failed to signup: Error: Please find the Contact Details for support - Contact - It Section, Email - itsection@kledeemeduniversity.edu.in, Contact Number - 244404378/77
    at Object.findById (E:\KAHER-Backend\lib\database\methods\workflow.js:234:15)
    at process.processTicksAndRejections (node:internal/process/task_queues:95:5)
    at async Object.execute (E:\KAHER-Backend\use-cases\application\create-application.js:61:26)
    at async exports.createApplication (E:\KAHER-Backend\controllers\application.controller.js:17:20)
[2023-12-12T17:40:23.746Z] error: Failed to signup: Error: Please find the Contact Details for support - Contact - It Section, Email - itsection@kledeemeduniversity.edu.in, Contact Number - 244404378/77
    at Object.findById (E:\KAHER-Backend\lib\database\methods\workflow.js:234:15)
    at process.processTicksAndRejections (node:internal/process/task_queues:95:5)
    at async Object.execute (E:\KAHER-Backend\use-cases\application\create-application.js:61:26)
    at async exports.createApplication (E:\KAHER-Backend\controllers\application.controller.js:17:20)
[2023-12-12T17:42:37.628Z] error: Failed to email: Error: No recipients defined
    at SMTPConnection._formatError (E:\KAHER-Backend\node_modules\nodemailer\lib\smtp-connection\index.js:790:19)
    at SMTPConnection._setEnvelope (E:\KAHER-Backend\node_modules\nodemailer\lib\smtp-connection\index.js:1023:34)
    at SMTPConnection.send (E:\KAHER-Backend\node_modules\nodemailer\lib\smtp-connection\index.js:621:14)
    at sendMessage (E:\KAHER-Backend\node_modules\nodemailer\lib\smtp-transport\index.js:228:28)
    at E:\KAHER-Backend\node_modules\nodemailer\lib\smtp-transport\index.js:286:25
    at SMTPConnection._actionAUTHComplete (E:\KAHER-Backend\node_modules\nodemailer\lib\smtp-connection\index.js:1578:9)
    at SMTPConnection.<anonymous> (E:\KAHER-Backend\node_modules\nodemailer\lib\smtp-connection\index.js:546:26)
    at SMTPConnection._processResponse (E:\KAHER-Backend\node_modules\nodemailer\lib\smtp-connection\index.js:969:20)
    at SMTPConnection._onData (E:\KAHER-Backend\node_modules\nodemailer\lib\smtp-connection\index.js:755:14)
    at SMTPConnection._onSocketData (E:\KAHER-Backend\node_modules\nodemailer\lib\smtp-connection\index.js:193:44) {
  code: 'EENVELOPE',
  command: 'API'
}
[2023-12-12T17:42:37.628Z] error: Failed to email: Error: No recipients defined
    at SMTPConnection._formatError (E:\KAHER-Backend\node_modules\nodemailer\lib\smtp-connection\index.js:790:19)
    at SMTPConnection._setEnvelope (E:\KAHER-Backend\node_modules\nodemailer\lib\smtp-connection\index.js:1023:34)
    at SMTPConnection.send (E:\KAHER-Backend\node_modules\nodemailer\lib\smtp-connection\index.js:621:14)
    at sendMessage (E:\KAHER-Backend\node_modules\nodemailer\lib\smtp-transport\index.js:228:28)
    at E:\KAHER-Backend\node_modules\nodemailer\lib\smtp-transport\index.js:286:25
    at SMTPConnection._actionAUTHComplete (E:\KAHER-Backend\node_modules\nodemailer\lib\smtp-connection\index.js:1578:9)
    at SMTPConnection.<anonymous> (E:\KAHER-Backend\node_modules\nodemailer\lib\smtp-connection\index.js:546:26)
    at SMTPConnection._processResponse (E:\KAHER-Backend\node_modules\nodemailer\lib\smtp-connection\index.js:969:20)
    at SMTPConnection._onData (E:\KAHER-Backend\node_modules\nodemailer\lib\smtp-connection\index.js:755:14)
    at SMTPConnection._onSocketData (E:\KAHER-Backend\node_modules\nodemailer\lib\smtp-connection\index.js:193:44) {
  code: 'EENVELOPE',
  command: 'API'
}
[2023-12-12T17:43:11.694Z] info: Connecting to database: DEVELOPMENT
[2023-12-12T17:43:22.973Z] info: Connecting to database: DEVELOPMENT
[2023-12-12T17:43:28.621Z] info: Connecting to database: DEVELOPMENT
[2023-12-12T17:45:02.268Z] info: Email sent: 250 OK id=1rD6oZ-00Ey2p-0p
[2023-12-12T17:45:25.173Z] info: Connecting to database: DEVELOPMENT
[2023-12-12T17:45:37.540Z] info: Connecting to database: DEVELOPMENT
[2023-12-12T17:45:47.074Z] info: Email sent: 250 OK id=1rD6pI-00EyY6-07
[2023-12-12T17:47:03.702Z] info: Connecting to database: DEVELOPMENT
[2023-12-12T17:47:09.463Z] info: Connecting to database: DEVELOPMENT
[2023-12-12T17:48:38.403Z] info: Email sent: 250 OK id=1rD6s3-00EzdY-1G
[2023-12-12T17:50:02.215Z] info: Connecting to database: DEVELOPMENT
[2023-12-12T17:50:16.549Z] info: Connecting to database: DEVELOPMENT
[2023-12-12T17:50:44.095Z] info: Email sent: 250 OK id=1rD6u5-00F0RM-0C
[2023-12-12T17:51:36.823Z] info: Connecting to database: DEVELOPMENT
[2023-12-12T17:51:46.394Z] info: Email sent: 250 OK id=1rD6v5-00F0im-1F
[2023-12-12T17:54:02.136Z] info: Connecting to database: DEVELOPMENT
[2023-12-12T17:55:17.816Z] info: Connecting to database: DEVELOPMENT
[2023-12-12T17:55:28.724Z] info: Connecting to database: DEVELOPMENT
[2023-12-12T17:55:33.717Z] info: Connecting to database: DEVELOPMENT
[2023-12-12T17:56:05.089Z] info: Connecting to database: DEVELOPMENT
[2023-12-12T17:56:10.342Z] info: Connecting to database: DEVELOPMENT
[2023-12-12T17:56:33.795Z] info: Connecting to database: DEVELOPMENT
[2023-12-12T17:56:38.711Z] info: Connecting to database: DEVELOPMENT
[2023-12-12T17:56:46.129Z] info: Connecting to database: DEVELOPMENT
[2023-12-12T17:56:53.022Z] info: Connecting to database: DEVELOPMENT
[2023-12-12T17:57:03.178Z] info: Connecting to database: DEVELOPMENT
[2023-12-12T17:57:17.097Z] info: Connecting to database: DEVELOPMENT
[2023-12-12T17:57:21.011Z] info: Connecting to database: DEVELOPMENT
[2023-12-12T17:57:28.845Z] info: Connecting to database: DEVELOPMENT
[2023-12-12T17:57:39.450Z] info: Email sent: 250 OK id=1rD70m-00F3BX-1O
[2023-12-12T17:58:01.052Z] info: Connecting to database: DEVELOPMENT
[2023-12-12T17:58:14.154Z] info: Email sent: 250 OK id=1rD71L-00F3dd-0Q
[2023-12-12T17:58:55.631Z] info: Connecting to database: DEVELOPMENT
[2023-12-12T17:59:11.605Z] info: Email sent: 250 OK id=1rD72G-00F4AE-1v
[2023-12-12T18:08:22.086Z] info: Email sent: 250 OK id=1rD7B9-00FAKe-0L
[2023-12-12T18:09:13.593Z] info: Connecting to database: DEVELOPMENT
[2023-12-12T18:09:39.197Z] info: Email sent: 250 OK id=1rD7CO-00FAjQ-0b
[2023-12-13T09:44:20.868Z] info: Connecting to database: DEVELOPMENT
[2023-12-13T09:46:21.642Z] info: Connecting to database: DEVELOPMENT
[2023-12-13T09:46:27.573Z] info: Email sent: 250 OK id=1rDLox-006pr7-1d
[2023-12-13T09:46:53.958Z] info: Connecting to database: DEVELOPMENT
[2023-12-13T09:47:03.320Z] info: Email sent: 250 OK id=1rDLpX-006qBK-0q
[2023-12-13T09:47:22.196Z] info: Connecting to database: DEVELOPMENT
[2023-12-13T09:47:35.821Z] info: Connecting to database: DEVELOPMENT
[2023-12-13T09:47:54.906Z] info: Email sent: 250 OK id=1rDLqM-006qeM-2e
[2023-12-13T09:48:45.054Z] info: Connecting to database: DEVELOPMENT
[2023-12-13T09:48:53.477Z] info: Connecting to database: DEVELOPMENT
[2023-12-13T09:49:16.156Z] info: Connecting to database: DEVELOPMENT
[2023-12-13T09:49:28.063Z] info: Connecting to database: DEVELOPMENT
[2023-12-13T09:49:35.376Z] info: Connecting to database: DEVELOPMENT
[2023-12-13T09:49:50.468Z] info: Connecting to database: DEVELOPMENT
[2023-12-13T09:50:07.173Z] info: Connecting to database: DEVELOPMENT
[2023-12-13T09:50:29.320Z] error: Failed to signup: TypeError: approvers.forEach is not a function
    at Object.execute (E:\KAHER-Backend\use-cases\application\submit-application.js:189:23)
    at process.processTicksAndRejections (node:internal/process/task_queues:95:5)
    at async exports.submitApplications (E:\KAHER-Backend\controllers\application.controller.js:228:20)
[2023-12-13T09:50:29.320Z] error: Failed to signup: TypeError: approvers.forEach is not a function
    at Object.execute (E:\KAHER-Backend\use-cases\application\submit-application.js:189:23)
    at process.processTicksAndRejections (node:internal/process/task_queues:95:5)
    at async exports.submitApplications (E:\KAHER-Backend\controllers\application.controller.js:228:20)
[2023-12-13T09:50:30.414Z] info: Email sent: 250 OK id=1rDLss-006sKL-1B
[2023-12-13T09:50:48.774Z] info: Connecting to database: DEVELOPMENT
[2023-12-13T09:51:26.358Z] info: Email sent: 250 OK id=1rDLtm-006smN-10
[2023-12-13T09:51:26.441Z] info: Email sent: 250 OK id=1rDLtm-006smO-1H
[2023-12-13T09:51:26.450Z] info: Email sent: 250 OK id=1rDLtm-006smR-1K
[2023-12-13T09:51:26.453Z] info: Email sent: 250 OK id=1rDLtm-006smQ-1K
[2023-12-13T09:51:26.463Z] info: Email sent: 250 OK id=1rDLtm-006smP-1M
[2023-12-13T09:51:26.473Z] info: Email sent: 250 OK id=1rDLtm-006smT-1O
[2023-12-13T09:51:26.477Z] info: Email sent: 250 OK id=1rDLtm-006smS-1O
[2023-12-13T09:51:26.504Z] info: Email sent: 250 OK id=1rDLtm-006smU-1U
[2023-12-13T09:51:26.506Z] info: Email sent: 250 OK id=1rDLtm-006smV-1T
[2023-12-13T09:51:26.521Z] info: Email sent: 250 OK id=1rDLtm-006smX-1X
[2023-12-13T09:51:26.524Z] info: Email sent: 250 OK id=1rDLtm-006smW-1X
[2023-12-13T09:51:26.535Z] info: Email sent: 250 OK id=1rDLtm-006smY-1a
[2023-12-13T09:51:27.035Z] info: Email sent: 250 OK id=1rDLtm-006sml-3C
[2023-12-13T09:51:27.543Z] info: Email sent: 250 OK id=1rDLtn-006snw-1b
[2023-12-13T10:32:27.741Z] info: Connecting to database: DEVELOPMENT
[2023-12-13T10:32:38.706Z] info: Connecting to database: DEVELOPMENT
[2023-12-13T10:32:42.108Z] info: Connecting to database: DEVELOPMENT
[2023-12-13T10:38:24.066Z] info: Connecting to database: DEVELOPMENT
[2023-12-13T10:38:49.528Z] info: Connecting to database: DEVELOPMENT
[2023-12-13T10:39:00.417Z] info: Connecting to database: DEVELOPMENT
[2023-12-13T10:39:06.721Z] info: Connecting to database: DEVELOPMENT
[2023-12-13T10:40:47.830Z] info: Connecting to database: DEVELOPMENT
[2023-12-13T10:42:03.026Z] info: Connecting to database: DEVELOPMENT
[2023-12-13T10:42:22.055Z] info: Connecting to database: DEVELOPMENT
[2023-12-13T11:10:50.827Z] error: Failed to update user details: Plan executor error during findAndModify :: caused by :: E11000 duplicate key error collection: test.users index: email_1 dup key: { email: "principal@klepharm.edu" } MongoServerError: Plan executor error during findAndModify :: caused by :: E11000 duplicate key error collection: test.users index: email_1 dup key: { email: "principal@klepharm.edu" }
    at Connection.onMessage (E:\KAHER-Backend\node_modules\mongoose\node_modules\mongodb\lib\cmap\connection.js:202:26)
    at MessageStream.<anonymous> (E:\KAHER-Backend\node_modules\mongoose\node_modules\mongodb\lib\cmap\connection.js:61:60)
    at MessageStream.emit (node:events:513:28)
    at processIncomingData (E:\KAHER-Backend\node_modules\mongoose\node_modules\mongodb\lib\cmap\message_stream.js:124:16)
    at MessageStream._write (E:\KAHER-Backend\node_modules\mongoose\node_modules\mongodb\lib\cmap\message_stream.js:33:9)
    at writeOrBuffer (node:internal/streams/writable:392:12)
    at _write (node:internal/streams/writable:333:10)
    at Writable.write (node:internal/streams/writable:337:10)
    at Socket.ondata (node:internal/streams/readable:766:22)
    at Socket.emit (node:events:513:28) {
  ok: 0,
  code: 11000,
  codeName: 'DuplicateKey',
  keyPattern: [Object],
  keyValue: [Object],
  [Symbol(errorLabels)]: Set(0) {}
}
[2023-12-13T11:10:50.827Z] error: Failed to update user details: Plan executor error during findAndModify :: caused by :: E11000 duplicate key error collection: test.users index: email_1 dup key: { email: "principal@klepharm.edu" } MongoServerError: Plan executor error during findAndModify :: caused by :: E11000 duplicate key error collection: test.users index: email_1 dup key: { email: "principal@klepharm.edu" }
    at Connection.onMessage (E:\KAHER-Backend\node_modules\mongoose\node_modules\mongodb\lib\cmap\connection.js:202:26)
    at MessageStream.<anonymous> (E:\KAHER-Backend\node_modules\mongoose\node_modules\mongodb\lib\cmap\connection.js:61:60)
    at MessageStream.emit (node:events:513:28)
    at processIncomingData (E:\KAHER-Backend\node_modules\mongoose\node_modules\mongodb\lib\cmap\message_stream.js:124:16)
    at MessageStream._write (E:\KAHER-Backend\node_modules\mongoose\node_modules\mongodb\lib\cmap\message_stream.js:33:9)
    at writeOrBuffer (node:internal/streams/writable:392:12)
    at _write (node:internal/streams/writable:333:10)
    at Writable.write (node:internal/streams/writable:337:10)
    at Socket.ondata (node:internal/streams/readable:766:22)
    at Socket.emit (node:events:513:28) {
  ok: 0,
  code: 11000,
  codeName: 'DuplicateKey',
  keyPattern: [Object],
  keyValue: [Object],
  [Symbol(errorLabels)]: Set(0) {}
}
[2023-12-13T11:10:50.839Z] error: Failed to signup: Error: Please find the Contact Details for support - Contact - It Section, Email - itsection@kledeemeduniversity.edu.in, Contact Number - 244404378/77
    at Object.update (E:\KAHER-Backend\lib\database\methods\user.js:339:15)
    at process.processTicksAndRejections (node:internal/process/task_queues:95:5)
    at async Object.execute (E:\KAHER-Backend\use-cases\users\update-user.js:94:21)
    at async exports.updateUser (E:\KAHER-Backend\controllers\user.controller.js:147:20)
[2023-12-13T11:10:50.839Z] error: Failed to signup: Error: Please find the Contact Details for support - Contact - It Section, Email - itsection@kledeemeduniversity.edu.in, Contact Number - 244404378/77
    at Object.update (E:\KAHER-Backend\lib\database\methods\user.js:339:15)
    at process.processTicksAndRejections (node:internal/process/task_queues:95:5)
    at async Object.execute (E:\KAHER-Backend\use-cases\users\update-user.js:94:21)
    at async exports.updateUser (E:\KAHER-Backend\controllers\user.controller.js:147:20)
[2023-12-13T11:12:16.753Z] error: Failed to update user details: Plan executor error during findAndModify :: caused by :: E11000 duplicate key error collection: test.users index: email_1 dup key: { email: "principal@klepharm.edu" } MongoServerError: Plan executor error during findAndModify :: caused by :: E11000 duplicate key error collection: test.users index: email_1 dup key: { email: "principal@klepharm.edu" }
    at Connection.onMessage (E:\KAHER-Backend\node_modules\mongoose\node_modules\mongodb\lib\cmap\connection.js:202:26)
    at MessageStream.<anonymous> (E:\KAHER-Backend\node_modules\mongoose\node_modules\mongodb\lib\cmap\connection.js:61:60)
    at MessageStream.emit (node:events:513:28)
    at processIncomingData (E:\KAHER-Backend\node_modules\mongoose\node_modules\mongodb\lib\cmap\message_stream.js:124:16)
    at MessageStream._write (E:\KAHER-Backend\node_modules\mongoose\node_modules\mongodb\lib\cmap\message_stream.js:33:9)
    at writeOrBuffer (node:internal/streams/writable:392:12)
    at _write (node:internal/streams/writable:333:10)
    at Writable.write (node:internal/streams/writable:337:10)
    at Socket.ondata (node:internal/streams/readable:766:22)
    at Socket.emit (node:events:513:28) {
  ok: 0,
  code: 11000,
  codeName: 'DuplicateKey',
  keyPattern: [Object],
  keyValue: [Object],
  [Symbol(errorLabels)]: Set(0) {}
}
[2023-12-13T11:12:16.753Z] error: Failed to update user details: Plan executor error during findAndModify :: caused by :: E11000 duplicate key error collection: test.users index: email_1 dup key: { email: "principal@klepharm.edu" } MongoServerError: Plan executor error during findAndModify :: caused by :: E11000 duplicate key error collection: test.users index: email_1 dup key: { email: "principal@klepharm.edu" }
    at Connection.onMessage (E:\KAHER-Backend\node_modules\mongoose\node_modules\mongodb\lib\cmap\connection.js:202:26)
    at MessageStream.<anonymous> (E:\KAHER-Backend\node_modules\mongoose\node_modules\mongodb\lib\cmap\connection.js:61:60)
    at MessageStream.emit (node:events:513:28)
    at processIncomingData (E:\KAHER-Backend\node_modules\mongoose\node_modules\mongodb\lib\cmap\message_stream.js:124:16)
    at MessageStream._write (E:\KAHER-Backend\node_modules\mongoose\node_modules\mongodb\lib\cmap\message_stream.js:33:9)
    at writeOrBuffer (node:internal/streams/writable:392:12)
    at _write (node:internal/streams/writable:333:10)
    at Writable.write (node:internal/streams/writable:337:10)
    at Socket.ondata (node:internal/streams/readable:766:22)
    at Socket.emit (node:events:513:28) {
  ok: 0,
  code: 11000,
  codeName: 'DuplicateKey',
  keyPattern: [Object],
  keyValue: [Object],
  [Symbol(errorLabels)]: Set(0) {}
}
[2023-12-13T11:12:16.759Z] error: Failed to signup: Error: Please find the Contact Details for support - Contact - It Section, Email - itsection@kledeemeduniversity.edu.in, Contact Number - 244404378/77
    at Object.update (E:\KAHER-Backend\lib\database\methods\user.js:339:15)
    at process.processTicksAndRejections (node:internal/process/task_queues:95:5)
    at async Object.execute (E:\KAHER-Backend\use-cases\users\update-user.js:94:21)
    at async exports.updateUser (E:\KAHER-Backend\controllers\user.controller.js:147:20)
[2023-12-13T11:12:16.759Z] error: Failed to signup: Error: Please find the Contact Details for support - Contact - It Section, Email - itsection@kledeemeduniversity.edu.in, Contact Number - 244404378/77
    at Object.update (E:\KAHER-Backend\lib\database\methods\user.js:339:15)
    at process.processTicksAndRejections (node:internal/process/task_queues:95:5)
    at async Object.execute (E:\KAHER-Backend\use-cases\users\update-user.js:94:21)
    at async exports.updateUser (E:\KAHER-Backend\controllers\user.controller.js:147:20)
[2023-12-13T11:22:43.801Z] info: Connecting to database: DEVELOPMENT
[2023-12-13T11:23:16.333Z] info: Connecting to database: DEVELOPMENT
[2023-12-13T11:23:45.386Z] info: Connecting to database: DEVELOPMENT
[2023-12-13T11:23:52.223Z] info: Connecting to database: DEVELOPMENT
[2023-12-13T11:23:54.963Z] error: Failed to update user details: Plan executor error during findAndModify :: caused by :: E11000 duplicate key error collection: test.users index: email_1 dup key: { email: "principal@klepharm.edu" } MongoServerError: Plan executor error during findAndModify :: caused by :: E11000 duplicate key error collection: test.users index: email_1 dup key: { email: "principal@klepharm.edu" }
    at Connection.onMessage (E:\KAHER-Backend\node_modules\mongoose\node_modules\mongodb\lib\cmap\connection.js:202:26)
    at MessageStream.<anonymous> (E:\KAHER-Backend\node_modules\mongoose\node_modules\mongodb\lib\cmap\connection.js:61:60)
    at MessageStream.emit (node:events:513:28)
    at processIncomingData (E:\KAHER-Backend\node_modules\mongoose\node_modules\mongodb\lib\cmap\message_stream.js:124:16)
    at MessageStream._write (E:\KAHER-Backend\node_modules\mongoose\node_modules\mongodb\lib\cmap\message_stream.js:33:9)
    at writeOrBuffer (node:internal/streams/writable:392:12)
    at _write (node:internal/streams/writable:333:10)
    at Writable.write (node:internal/streams/writable:337:10)
    at Socket.ondata (node:internal/streams/readable:766:22)
    at Socket.emit (node:events:513:28) {
  ok: 0,
  code: 11000,
  codeName: 'DuplicateKey',
  keyPattern: [Object],
  keyValue: [Object],
  [Symbol(errorLabels)]: Set(0) {}
}
[2023-12-13T11:23:54.963Z] error: Failed to update user details: Plan executor error during findAndModify :: caused by :: E11000 duplicate key error collection: test.users index: email_1 dup key: { email: "principal@klepharm.edu" } MongoServerError: Plan executor error during findAndModify :: caused by :: E11000 duplicate key error collection: test.users index: email_1 dup key: { email: "principal@klepharm.edu" }
    at Connection.onMessage (E:\KAHER-Backend\node_modules\mongoose\node_modules\mongodb\lib\cmap\connection.js:202:26)
    at MessageStream.<anonymous> (E:\KAHER-Backend\node_modules\mongoose\node_modules\mongodb\lib\cmap\connection.js:61:60)
    at MessageStream.emit (node:events:513:28)
    at processIncomingData (E:\KAHER-Backend\node_modules\mongoose\node_modules\mongodb\lib\cmap\message_stream.js:124:16)
    at MessageStream._write (E:\KAHER-Backend\node_modules\mongoose\node_modules\mongodb\lib\cmap\message_stream.js:33:9)
    at writeOrBuffer (node:internal/streams/writable:392:12)
    at _write (node:internal/streams/writable:333:10)
    at Writable.write (node:internal/streams/writable:337:10)
    at Socket.ondata (node:internal/streams/readable:766:22)
    at Socket.emit (node:events:513:28) {
  ok: 0,
  code: 11000,
  codeName: 'DuplicateKey',
  keyPattern: [Object],
  keyValue: [Object],
  [Symbol(errorLabels)]: Set(0) {}
}
[2023-12-13T11:23:54.972Z] error: Failed to signup: Error: Please find the Contact Details for support - Contact - It Section, Email - itsection@kledeemeduniversity.edu.in, Contact Number - 244404378/77
    at Object.update (E:\KAHER-Backend\lib\database\methods\user.js:339:15)
    at process.processTicksAndRejections (node:internal/process/task_queues:95:5)
    at async Object.execute (E:\KAHER-Backend\use-cases\users\update-user.js:101:21)
    at async exports.updateUser (E:\KAHER-Backend\controllers\user.controller.js:147:20)
[2023-12-13T11:23:54.972Z] error: Failed to signup: Error: Please find the Contact Details for support - Contact - It Section, Email - itsection@kledeemeduniversity.edu.in, Contact Number - 244404378/77
    at Object.update (E:\KAHER-Backend\lib\database\methods\user.js:339:15)
    at process.processTicksAndRejections (node:internal/process/task_queues:95:5)
    at async Object.execute (E:\KAHER-Backend\use-cases\users\update-user.js:101:21)
    at async exports.updateUser (E:\KAHER-Backend\controllers\user.controller.js:147:20)
[2023-12-13T11:24:07.879Z] info: Connecting to database: DEVELOPMENT
[2023-12-13T11:24:10.352Z] error: Failed to update user details: Plan executor error during findAndModify :: caused by :: E11000 duplicate key error collection: test.users index: email_1 dup key: { email: "principal@klepharm.edu" } MongoServerError: Plan executor error during findAndModify :: caused by :: E11000 duplicate key error collection: test.users index: email_1 dup key: { email: "principal@klepharm.edu" }
    at Connection.onMessage (E:\KAHER-Backend\node_modules\mongoose\node_modules\mongodb\lib\cmap\connection.js:202:26)
    at MessageStream.<anonymous> (E:\KAHER-Backend\node_modules\mongoose\node_modules\mongodb\lib\cmap\connection.js:61:60)
    at MessageStream.emit (node:events:513:28)
    at processIncomingData (E:\KAHER-Backend\node_modules\mongoose\node_modules\mongodb\lib\cmap\message_stream.js:124:16)
    at MessageStream._write (E:\KAHER-Backend\node_modules\mongoose\node_modules\mongodb\lib\cmap\message_stream.js:33:9)
    at writeOrBuffer (node:internal/streams/writable:392:12)
    at _write (node:internal/streams/writable:333:10)
    at Writable.write (node:internal/streams/writable:337:10)
    at Socket.ondata (node:internal/streams/readable:766:22)
    at Socket.emit (node:events:513:28) {
  ok: 0,
  code: 11000,
  codeName: 'DuplicateKey',
  keyPattern: [Object],
  keyValue: [Object],
  [Symbol(errorLabels)]: Set(0) {}
}
[2023-12-13T11:24:10.352Z] error: Failed to update user details: Plan executor error during findAndModify :: caused by :: E11000 duplicate key error collection: test.users index: email_1 dup key: { email: "principal@klepharm.edu" } MongoServerError: Plan executor error during findAndModify :: caused by :: E11000 duplicate key error collection: test.users index: email_1 dup key: { email: "principal@klepharm.edu" }
    at Connection.onMessage (E:\KAHER-Backend\node_modules\mongoose\node_modules\mongodb\lib\cmap\connection.js:202:26)
    at MessageStream.<anonymous> (E:\KAHER-Backend\node_modules\mongoose\node_modules\mongodb\lib\cmap\connection.js:61:60)
    at MessageStream.emit (node:events:513:28)
    at processIncomingData (E:\KAHER-Backend\node_modules\mongoose\node_modules\mongodb\lib\cmap\message_stream.js:124:16)
    at MessageStream._write (E:\KAHER-Backend\node_modules\mongoose\node_modules\mongodb\lib\cmap\message_stream.js:33:9)
    at writeOrBuffer (node:internal/streams/writable:392:12)
    at _write (node:internal/streams/writable:333:10)
    at Writable.write (node:internal/streams/writable:337:10)
    at Socket.ondata (node:internal/streams/readable:766:22)
    at Socket.emit (node:events:513:28) {
  ok: 0,
  code: 11000,
  codeName: 'DuplicateKey',
  keyPattern: [Object],
  keyValue: [Object],
  [Symbol(errorLabels)]: Set(0) {}
}
[2023-12-13T11:24:10.365Z] error: Failed to signup: Error: Please find the Contact Details for support - Contact - It Section, Email - itsection@kledeemeduniversity.edu.in, Contact Number - 244404378/77
    at Object.update (E:\KAHER-Backend\lib\database\methods\user.js:339:15)
    at process.processTicksAndRejections (node:internal/process/task_queues:95:5)
    at async Object.execute (E:\KAHER-Backend\use-cases\users\update-user.js:102:21)
    at async exports.updateUser (E:\KAHER-Backend\controllers\user.controller.js:147:20)
[2023-12-13T11:24:10.365Z] error: Failed to signup: Error: Please find the Contact Details for support - Contact - It Section, Email - itsection@kledeemeduniversity.edu.in, Contact Number - 244404378/77
    at Object.update (E:\KAHER-Backend\lib\database\methods\user.js:339:15)
    at process.processTicksAndRejections (node:internal/process/task_queues:95:5)
    at async Object.execute (E:\KAHER-Backend\use-cases\users\update-user.js:102:21)
    at async exports.updateUser (E:\KAHER-Backend\controllers\user.controller.js:147:20)
[2023-12-13T11:24:27.490Z] info: Connecting to database: DEVELOPMENT
[2023-12-13T11:24:29.767Z] error: Failed to update user details: Plan executor error during findAndModify :: caused by :: E11000 duplicate key error collection: test.users index: email_1 dup key: { email: "principal@klepharm.edu" } MongoServerError: Plan executor error during findAndModify :: caused by :: E11000 duplicate key error collection: test.users index: email_1 dup key: { email: "principal@klepharm.edu" }
    at Connection.onMessage (E:\KAHER-Backend\node_modules\mongoose\node_modules\mongodb\lib\cmap\connection.js:202:26)
    at MessageStream.<anonymous> (E:\KAHER-Backend\node_modules\mongoose\node_modules\mongodb\lib\cmap\connection.js:61:60)
    at MessageStream.emit (node:events:513:28)
    at processIncomingData (E:\KAHER-Backend\node_modules\mongoose\node_modules\mongodb\lib\cmap\message_stream.js:124:16)
    at MessageStream._write (E:\KAHER-Backend\node_modules\mongoose\node_modules\mongodb\lib\cmap\message_stream.js:33:9)
    at writeOrBuffer (node:internal/streams/writable:392:12)
    at _write (node:internal/streams/writable:333:10)
    at Writable.write (node:internal/streams/writable:337:10)
    at Socket.ondata (node:internal/streams/readable:766:22)
    at Socket.emit (node:events:513:28) {
  ok: 0,
  code: 11000,
  codeName: 'DuplicateKey',
  keyPattern: [Object],
  keyValue: [Object],
  [Symbol(errorLabels)]: Set(0) {}
}
[2023-12-13T11:24:29.767Z] error: Failed to update user details: Plan executor error during findAndModify :: caused by :: E11000 duplicate key error collection: test.users index: email_1 dup key: { email: "principal@klepharm.edu" } MongoServerError: Plan executor error during findAndModify :: caused by :: E11000 duplicate key error collection: test.users index: email_1 dup key: { email: "principal@klepharm.edu" }
    at Connection.onMessage (E:\KAHER-Backend\node_modules\mongoose\node_modules\mongodb\lib\cmap\connection.js:202:26)
    at MessageStream.<anonymous> (E:\KAHER-Backend\node_modules\mongoose\node_modules\mongodb\lib\cmap\connection.js:61:60)
    at MessageStream.emit (node:events:513:28)
    at processIncomingData (E:\KAHER-Backend\node_modules\mongoose\node_modules\mongodb\lib\cmap\message_stream.js:124:16)
    at MessageStream._write (E:\KAHER-Backend\node_modules\mongoose\node_modules\mongodb\lib\cmap\message_stream.js:33:9)
    at writeOrBuffer (node:internal/streams/writable:392:12)
    at _write (node:internal/streams/writable:333:10)
    at Writable.write (node:internal/streams/writable:337:10)
    at Socket.ondata (node:internal/streams/readable:766:22)
    at Socket.emit (node:events:513:28) {
  ok: 0,
  code: 11000,
  codeName: 'DuplicateKey',
  keyPattern: [Object],
  keyValue: [Object],
  [Symbol(errorLabels)]: Set(0) {}
}
[2023-12-13T11:24:29.776Z] error: Failed to signup: Error: Please find the Contact Details for support - Contact - It Section, Email - itsection@kledeemeduniversity.edu.in, Contact Number - 244404378/77
    at Object.update (E:\KAHER-Backend\lib\database\methods\user.js:339:15)
    at process.processTicksAndRejections (node:internal/process/task_queues:95:5)
    at async Object.execute (E:\KAHER-Backend\use-cases\users\update-user.js:103:21)
    at async exports.updateUser (E:\KAHER-Backend\controllers\user.controller.js:147:20)
[2023-12-13T11:24:29.776Z] error: Failed to signup: Error: Please find the Contact Details for support - Contact - It Section, Email - itsection@kledeemeduniversity.edu.in, Contact Number - 244404378/77
    at Object.update (E:\KAHER-Backend\lib\database\methods\user.js:339:15)
    at process.processTicksAndRejections (node:internal/process/task_queues:95:5)
    at async Object.execute (E:\KAHER-Backend\use-cases\users\update-user.js:103:21)
    at async exports.updateUser (E:\KAHER-Backend\controllers\user.controller.js:147:20)
[2023-12-13T11:24:44.061Z] info: Connecting to database: DEVELOPMENT
[2023-12-13T11:24:46.964Z] error: Failed to update user details: Plan executor error during findAndModify :: caused by :: E11000 duplicate key error collection: test.users index: email_1 dup key: { email: "principal@klepharm.edu" } MongoServerError: Plan executor error during findAndModify :: caused by :: E11000 duplicate key error collection: test.users index: email_1 dup key: { email: "principal@klepharm.edu" }
    at Connection.onMessage (E:\KAHER-Backend\node_modules\mongoose\node_modules\mongodb\lib\cmap\connection.js:202:26)
    at MessageStream.<anonymous> (E:\KAHER-Backend\node_modules\mongoose\node_modules\mongodb\lib\cmap\connection.js:61:60)
    at MessageStream.emit (node:events:513:28)
    at processIncomingData (E:\KAHER-Backend\node_modules\mongoose\node_modules\mongodb\lib\cmap\message_stream.js:124:16)
    at MessageStream._write (E:\KAHER-Backend\node_modules\mongoose\node_modules\mongodb\lib\cmap\message_stream.js:33:9)
    at writeOrBuffer (node:internal/streams/writable:392:12)
    at _write (node:internal/streams/writable:333:10)
    at Writable.write (node:internal/streams/writable:337:10)
    at Socket.ondata (node:internal/streams/readable:766:22)
    at Socket.emit (node:events:513:28) {
  ok: 0,
  code: 11000,
  codeName: 'DuplicateKey',
  keyPattern: [Object],
  keyValue: [Object],
  [Symbol(errorLabels)]: Set(0) {}
}
[2023-12-13T11:24:46.964Z] error: Failed to update user details: Plan executor error during findAndModify :: caused by :: E11000 duplicate key error collection: test.users index: email_1 dup key: { email: "principal@klepharm.edu" } MongoServerError: Plan executor error during findAndModify :: caused by :: E11000 duplicate key error collection: test.users index: email_1 dup key: { email: "principal@klepharm.edu" }
    at Connection.onMessage (E:\KAHER-Backend\node_modules\mongoose\node_modules\mongodb\lib\cmap\connection.js:202:26)
    at MessageStream.<anonymous> (E:\KAHER-Backend\node_modules\mongoose\node_modules\mongodb\lib\cmap\connection.js:61:60)
    at MessageStream.emit (node:events:513:28)
    at processIncomingData (E:\KAHER-Backend\node_modules\mongoose\node_modules\mongodb\lib\cmap\message_stream.js:124:16)
    at MessageStream._write (E:\KAHER-Backend\node_modules\mongoose\node_modules\mongodb\lib\cmap\message_stream.js:33:9)
    at writeOrBuffer (node:internal/streams/writable:392:12)
    at _write (node:internal/streams/writable:333:10)
    at Writable.write (node:internal/streams/writable:337:10)
    at Socket.ondata (node:internal/streams/readable:766:22)
    at Socket.emit (node:events:513:28) {
  ok: 0,
  code: 11000,
  codeName: 'DuplicateKey',
  keyPattern: [Object],
  keyValue: [Object],
  [Symbol(errorLabels)]: Set(0) {}
}
[2023-12-13T11:24:46.977Z] error: Failed to signup: Error: Please find the Contact Details for support - Contact - It Section, Email - itsection@kledeemeduniversity.edu.in, Contact Number - 244404378/77
    at Object.update (E:\KAHER-Backend\lib\database\methods\user.js:339:15)
    at process.processTicksAndRejections (node:internal/process/task_queues:95:5)
    at async Object.execute (E:\KAHER-Backend\use-cases\users\update-user.js:104:21)
    at async exports.updateUser (E:\KAHER-Backend\controllers\user.controller.js:147:20)
[2023-12-13T11:24:46.977Z] error: Failed to signup: Error: Please find the Contact Details for support - Contact - It Section, Email - itsection@kledeemeduniversity.edu.in, Contact Number - 244404378/77
    at Object.update (E:\KAHER-Backend\lib\database\methods\user.js:339:15)
    at process.processTicksAndRejections (node:internal/process/task_queues:95:5)
    at async Object.execute (E:\KAHER-Backend\use-cases\users\update-user.js:104:21)
    at async exports.updateUser (E:\KAHER-Backend\controllers\user.controller.js:147:20)
[2023-12-13T11:25:31.094Z] info: Connecting to database: DEVELOPMENT
[2023-12-13T11:25:46.726Z] info: Connecting to database: DEVELOPMENT
[2023-12-13T11:34:00.453Z] info: Connecting to database: DEVELOPMENT
[2023-12-13T11:36:50.879Z] info: Connecting to database: DEVELOPMENT
[2023-12-13T11:37:22.085Z] info: Connecting to database: DEVELOPMENT
[2023-12-13T11:37:27.821Z] info: Connecting to database: DEVELOPMENT
[2023-12-13T11:38:31.094Z] info: Connecting to database: DEVELOPMENT
[2023-12-13T11:39:10.338Z] info: Connecting to database: DEVELOPMENT
[2023-12-13T11:39:26.911Z] info: Connecting to database: DEVELOPMENT
[2023-12-13T11:39:50.567Z] info: Connecting to database: DEVELOPMENT
[2023-12-13T11:40:15.304Z] info: Connecting to database: DEVELOPMENT
[2023-12-13T11:41:07.254Z] info: Connecting to database: DEVELOPMENT
[2023-12-13T11:41:34.921Z] info: Connecting to database: DEVELOPMENT
[2023-12-13T11:41:42.430Z] info: Connecting to database: DEVELOPMENT
[2023-12-13T11:41:45.533Z] info: Connecting to database: DEVELOPMENT
[2023-12-13T11:42:16.877Z] info: Connecting to database: DEVELOPMENT
[2023-12-13T11:42:34.148Z] info: Connecting to database: DEVELOPMENT
[2023-12-13T11:42:54.883Z] info: Connecting to database: DEVELOPMENT
[2023-12-13T11:43:21.753Z] info: Connecting to database: DEVELOPMENT
[2023-12-13T11:43:26.210Z] info: Connecting to database: DEVELOPMENT
[2023-12-13T11:43:47.274Z] info: Connecting to database: DEVELOPMENT
[2023-12-13T11:43:56.961Z] info: Connecting to database: DEVELOPMENT
[2023-12-13T11:44:06.868Z] info: Connecting to database: DEVELOPMENT
[2023-12-13T11:45:16.401Z] info: Connecting to database: DEVELOPMENT
[2023-12-13T11:45:42.001Z] info: Connecting to database: DEVELOPMENT
[2023-12-13T11:46:02.073Z] info: Connecting to database: DEVELOPMENT
[2023-12-13T11:46:14.904Z] info: Connecting to database: DEVELOPMENT
[2023-12-13T11:46:36.786Z] info: Connecting to database: DEVELOPMENT
[2023-12-13T11:46:58.779Z] info: Connecting to database: DEVELOPMENT
[2023-12-13T11:47:45.802Z] info: Connecting to database: DEVELOPMENT
[2023-12-13T11:48:38.839Z] info: Connecting to database: DEVELOPMENT
[2023-12-13T11:48:54.105Z] info: Connecting to database: DEVELOPMENT
[2023-12-13T12:23:47.279Z] info: Connecting to database: DEVELOPMENT
[2023-12-14T09:07:15.657Z] info: Connecting to database: DEVELOPMENT
[2023-12-14T09:07:16.748Z] error: Failed to signup: ReferenceError: acesssRes is not defined
    at Object.execute (E:\KAHER-Backend\use-cases\users\admin-report.js:42:32)
    at exports.AdminReport (E:\KAHER-Backend\controllers\user.controller.js:404:8)
    at Layer.handle [as handle_request] (E:\KAHER-Backend\node_modules\express\lib\router\layer.js:95:5)
    at next (E:\KAHER-Backend\node_modules\express\lib\router\route.js:144:13)
    at module.exports.isLogged (E:\KAHER-Backend\middlewares\is-logged.js:84:12)
    at process.processTicksAndRejections (node:internal/process/task_queues:95:5)
[2023-12-14T09:07:16.748Z] error: Failed to signup: ReferenceError: acesssRes is not defined
    at Object.execute (E:\KAHER-Backend\use-cases\users\admin-report.js:42:32)
    at exports.AdminReport (E:\KAHER-Backend\controllers\user.controller.js:404:8)
    at Layer.handle [as handle_request] (E:\KAHER-Backend\node_modules\express\lib\router\layer.js:95:5)
    at next (E:\KAHER-Backend\node_modules\express\lib\router\route.js:144:13)
    at module.exports.isLogged (E:\KAHER-Backend\middlewares\is-logged.js:84:12)
    at process.processTicksAndRejections (node:internal/process/task_queues:95:5)
[2023-12-14T09:07:36.648Z] info: Connecting to database: DEVELOPMENT
[2023-12-14T09:08:22.761Z] info: Connecting to database: DEVELOPMENT
[2023-12-14T09:15:42.359Z] info: Connecting to database: DEVELOPMENT
[2023-12-14T09:20:39.034Z] info: Connecting to database: DEVELOPMENT
[2023-12-14T09:21:18.302Z] info: Connecting to database: DEVELOPMENT
[2023-12-14T09:21:21.512Z] info: Connecting to database: DEVELOPMENT
[2023-12-14T09:21:26.074Z] info: Connecting to database: DEVELOPMENT
[2023-12-14T09:21:46.243Z] info: Connecting to database: DEVELOPMENT
[2023-12-14T09:23:19.297Z] info: Connecting to database: DEVELOPMENT
[2023-12-14T09:27:20.575Z] info: Connecting to database: DEVELOPMENT
[2023-12-14T09:28:13.245Z] info: Connecting to database: DEVELOPMENT
[2023-12-14T09:29:18.603Z] info: Connecting to database: DEVELOPMENT
[2023-12-14T09:29:35.036Z] info: Connecting to database: DEVELOPMENT
[2023-12-14T09:29:48.893Z] info: Connecting to database: DEVELOPMENT
[2023-12-14T09:30:32.426Z] info: Connecting to database: DEVELOPMENT
[2023-12-14T09:31:18.074Z] info: Connecting to database: DEVELOPMENT
[2023-12-14T09:31:42.475Z] info: Connecting to database: DEVELOPMENT
[2023-12-14T09:42:18.173Z] info: Connecting to database: DEVELOPMENT
[2023-12-14T09:43:56.612Z] error: Failed to signup: TypeError: templates[params.type] is not a function
    at exports.mailer (E:\KAHER-Backend\services\send-mail.js:30:49)
    at E:\KAHER-Backend\use-cases\application\approve-application.js:267:38
    at Array.forEach (<anonymous>)
    at Object.execute (E:\KAHER-Backend\use-cases\application\approve-application.js:260:32)
    at process.processTicksAndRejections (node:internal/process/task_queues:95:5)
    at async exports.approveApplication (E:\KAHER-Backend\controllers\application.controller.js:345:20)
[2023-12-14T09:43:56.612Z] error: Failed to signup: TypeError: templates[params.type] is not a function
    at exports.mailer (E:\KAHER-Backend\services\send-mail.js:30:49)
    at E:\KAHER-Backend\use-cases\application\approve-application.js:267:38
    at Array.forEach (<anonymous>)
    at Object.execute (E:\KAHER-Backend\use-cases\application\approve-application.js:260:32)
    at process.processTicksAndRejections (node:internal/process/task_queues:95:5)
    at async exports.approveApplication (E:\KAHER-Backend\controllers\application.controller.js:345:20)
[2023-12-14T09:43:56.615Z] error: Failed to signup: TypeError: templates[params.type] is not a function
    at exports.mailer (E:\KAHER-Backend\services\send-mail.js:30:49)
    at E:\KAHER-Backend\use-cases\application\approve-application.js:267:38
    at Array.forEach (<anonymous>)
    at Object.execute (E:\KAHER-Backend\use-cases\application\approve-application.js:260:32)
    at process.processTicksAndRejections (node:internal/process/task_queues:95:5)
    at async exports.approveApplication (E:\KAHER-Backend\controllers\application.controller.js:345:20)
[2023-12-14T09:43:56.615Z] error: Failed to signup: TypeError: templates[params.type] is not a function
    at exports.mailer (E:\KAHER-Backend\services\send-mail.js:30:49)
    at E:\KAHER-Backend\use-cases\application\approve-application.js:267:38
    at Array.forEach (<anonymous>)
    at Object.execute (E:\KAHER-Backend\use-cases\application\approve-application.js:260:32)
    at process.processTicksAndRejections (node:internal/process/task_queues:95:5)
    at async exports.approveApplication (E:\KAHER-Backend\controllers\application.controller.js:345:20)
[2023-12-14T09:43:57.708Z] info: Email sent: 250 OK id=1rDiG6-003cSb-2q
[2023-12-14T09:43:57.982Z] info: Email sent: 250 OK id=1rDiG7-003cSw-0a
[2023-12-14T09:45:58.746Z] info: Connecting to database: DEVELOPMENT
[2023-12-14T09:46:15.855Z] info: Connecting to database: DEVELOPMENT
[2023-12-14T09:46:27.658Z] info: Connecting to database: DEVELOPMENT
[2023-12-14T09:46:38.487Z] info: Connecting to database: DEVELOPMENT
[2023-12-14T09:51:30.953Z] info: Email sent: 250 OK id=1rDiNQ-003k8m-0V
[2023-12-14T09:51:30.974Z] info: Email sent: 250 OK id=1rDiNQ-003k91-0W
[2023-12-14T09:51:31.013Z] info: Email sent: 250 OK id=1rDiNQ-003k8x-0h
[2023-12-14T09:51:31.460Z] info: Email sent: 250 OK id=1rDiNQ-003k9Q-1z
[2023-12-14T09:51:57.539Z] info: Connecting to database: DEVELOPMENT
[2023-12-14T09:52:04.013Z] info: Connecting to database: DEVELOPMENT
[2023-12-14T09:52:59.274Z] info: Email sent: 250 OK id=1rDiOq-003lEo-1L
[2023-12-14T09:52:59.346Z] info: Email sent: 250 OK id=1rDiOq-003lEz-1c
[2023-12-14T09:52:59.374Z] info: Email sent: 250 OK id=1rDiOq-003lF0-1f
[2023-12-14T09:52:59.882Z] info: Email sent: 250 OK id=1rDiOr-003lFM-09
[2023-12-14T09:57:04.338Z] info: Connecting to database: DEVELOPMENT
[2023-12-14T09:57:10.908Z] info: Connecting to database: DEVELOPMENT
[2023-12-14T09:58:32.648Z] info: Connecting to database: DEVELOPMENT
[2023-12-14T10:09:02.794Z] info: Connecting to database: DEVELOPMENT
[2023-12-14T10:15:17.026Z] info: Email sent: 250 OK id=1rDikQ-0049Ky-0l
[2023-12-14T10:15:17.049Z] info: Email sent: 250 OK id=1rDikQ-0049L5-0m
[2023-12-14T10:15:17.096Z] info: Email sent: 250 OK id=1rDikQ-0049L1-0t
[2023-12-14T10:18:19.152Z] info: Connecting to database: DEVELOPMENT
[2023-12-14T10:22:45.599Z] info: Connecting to database: DEVELOPMENT
[2023-12-14T10:23:28.179Z] info: Connecting to database: DEVELOPMENT
[2023-12-14T10:24:09.924Z] info: Connecting to database: DEVELOPMENT
[2023-12-14T10:35:24.516Z] info: Email sent: 250 OK id=1rDj3t-004RBw-2K
[2023-12-14T10:35:25.264Z] info: Email sent: 250 OK id=1rDj3u-004RBs-1T
[2023-12-14T10:35:25.853Z] info: Email sent: 250 OK id=1rDj3v-004RC7-0A
[2023-12-14T10:35:26.375Z] info: Email sent: 250 OK id=1rDj3v-004RBx-1q
[2023-12-15T06:21:06.852Z] info: Connecting to database: DEVELOPMENT
[2023-12-15T06:22:13.276Z] info: Connecting to database: DEVELOPMENT
[2023-12-15T06:23:06.445Z] info: Connecting to database: DEVELOPMENT
[2023-12-15T06:23:21.518Z] info: Connecting to database: DEVELOPMENT
[2023-12-15T06:23:39.762Z] info: Connecting to database: DEVELOPMENT
[2023-12-15T06:23:49.526Z] info: Connecting to database: DEVELOPMENT
[2023-12-15T06:23:53.798Z] info: Connecting to database: DEVELOPMENT
[2023-12-15T06:23:58.697Z] info: Connecting to database: DEVELOPMENT
[2023-12-15T06:24:16.125Z] info: Connecting to database: DEVELOPMENT
[2023-12-15T06:25:07.262Z] info: Connecting to database: DEVELOPMENT
[2023-12-15T06:25:42.341Z] info: Connecting to database: DEVELOPMENT
[2023-12-15T06:25:53.136Z] info: Connecting to database: DEVELOPMENT
[2023-12-15T06:25:57.768Z] info: Connecting to database: DEVELOPMENT
[2023-12-15T06:26:03.178Z] info: Connecting to database: DEVELOPMENT
[2023-12-15T06:28:59.716Z] info: Connecting to database: DEVELOPMENT
[2023-12-15T08:37:28.513Z] info: Connecting to database: DEVELOPMENT
[2023-12-15T08:37:57.748Z] info: Connecting to database: DEVELOPMENT
[2023-12-15T08:38:22.373Z] info: Email sent: 250 OK id=1rE3iC-00Gg9Y-0c
[2023-12-15T08:38:22.378Z] info: Email sent: 250 OK id=1rE3iC-00Gg9b-0c
[2023-12-15T08:38:22.381Z] info: Email sent: 250 OK id=1rE3iC-00Gg9W-0c
[2023-12-15T08:38:22.385Z] info: Email sent: 250 OK id=1rE3iC-00Gg9Q-0d
[2023-12-15T08:38:22.388Z] info: Email sent: 250 OK id=1rE3iC-00Gg9d-0d
[2023-12-15T08:38:22.391Z] info: Email sent: 250 OK id=1rE3iC-00Gg9e-0d
[2023-12-15T08:38:22.394Z] info: Email sent: 250 OK id=1rE3iC-00Gg9a-0e
[2023-12-15T08:38:22.398Z] info: Email sent: 250 OK id=1rE3iC-00Gg9V-0f
[2023-12-15T08:38:22.401Z] info: Email sent: 250 OK id=1rE3iC-00Gg9c-0d
[2023-12-15T08:38:22.403Z] info: Email sent: 250 OK id=1rE3iC-00Gg9Z-0f
[2023-12-15T08:38:22.407Z] info: Email sent: 250 OK id=1rE3iC-00Gg9f-0f
[2023-12-15T08:38:22.411Z] info: Email sent: 250 OK id=1rE3iC-00Gg9X-0g
[2023-12-15T08:38:22.769Z] info: Email sent: 250 OK id=1rE3iC-00Gg9k-1q
[2023-12-15T08:38:39.720Z] info: Connecting to database: DEVELOPMENT
[2023-12-15T08:39:03.723Z] info: Connecting to database: DEVELOPMENT
[2023-12-15T08:39:19.244Z] info: Connecting to database: DEVELOPMENT
[2023-12-15T08:40:30.270Z] info: Email sent: 250 OK id=1rE3kG-00Ghdt-0H
[2023-12-15T08:40:30.272Z] info: Email sent: 250 OK id=1rE3kG-00Ghdu-0I
[2023-12-15T08:40:30.273Z] info: Email sent: 250 OK id=1rE3kG-00Ghda-0I
[2023-12-15T08:40:30.275Z] info: Email sent: 250 OK id=1rE3kG-00Ghdy-0J
[2023-12-15T08:40:30.282Z] info: Email sent: 250 OK id=1rE3kG-00Ghdz-0K
[2023-12-15T08:40:30.284Z] info: Email sent: 250 OK id=1rE3kG-00Ghdw-0K
[2023-12-15T08:40:30.288Z] info: Email sent: 250 OK id=1rE3kG-00Ghdx-0L
[2023-12-15T08:40:30.291Z] info: Email sent: 250 OK id=1rE3kG-00Ghe0-0M
[2023-12-15T08:40:30.294Z] info: Email sent: 250 OK id=1rE3kG-00Ghe2-0N
[2023-12-15T08:40:30.299Z] info: Email sent: 250 OK id=1rE3kG-00Ghe1-0O
[2023-12-15T08:40:30.352Z] info: Email sent: 250 OK id=1rE3kG-00Ghe4-0V
[2023-12-15T08:40:30.359Z] info: Email sent: 250 OK id=1rE3kG-00Ghe5-0X
[2023-12-15T08:40:30.819Z] info: Email sent: 250 OK id=1rE3kG-00GheE-23
[2023-12-15T08:41:02.454Z] info: Connecting to database: DEVELOPMENT
[2023-12-15T09:03:37.759Z] info: Connecting to database: DEVELOPMENT
[2023-12-15T09:03:56.323Z] info: Connecting to database: DEVELOPMENT
[2023-12-15T09:04:01.291Z] info: Connecting to database: DEVELOPMENT
[2023-12-15T10:43:08.810Z] info: Connecting to database: PRODUCTION
[2023-12-15T10:46:30.581Z] info: Connecting to database: PRODUCTION
[2023-12-15T10:46:42.661Z] info: Connecting to database: PRODUCTION
[2023-12-15T10:51:13.657Z] info: Connecting to database: PRODUCTION
[2023-12-15T11:03:07.174Z] info: Connecting to database: PRODUCTION
[2023-12-15T11:03:17.110Z] info: Connecting to database: PRODUCTION
[2023-12-15T11:08:02.142Z] info: Connecting to database: PRODUCTION
[2023-12-15T11:31:28.879Z] info: Connecting to database: DEVELOPMENT
[2023-12-15T11:50:51.760Z] info: Connecting to database: DEVELOPMENT
[2023-12-15T11:51:33.237Z] info: Connecting to database: DEVELOPMENT
[2023-12-20T15:42:26.943Z] info: Connecting to database: DEVELOPMENT
[2023-12-20T15:48:40.703Z] error: token verification expired
[2023-12-20T15:48:40.703Z] error: token verification expired
[2023-12-20T15:49:04.048Z] info: Connecting to database: DEVELOPMENT
[2023-12-20T15:58:36.579Z] info: Connecting to database: DEVELOPMENT
[2023-12-20T16:03:04.623Z] info: Connecting to database: DEVELOPMENT
[2023-12-20T16:04:03.133Z] info: Connecting to database: DEVELOPMENT
[2023-12-20T16:04:25.250Z] info: Connecting to database: DEVELOPMENT
[2023-12-20T16:08:13.085Z] info: Connecting to database: DEVELOPMENT
[2023-12-20T16:08:22.477Z] info: Connecting to database: DEVELOPMENT
[2023-12-20T16:08:33.724Z] info: Connecting to database: DEVELOPMENT
[2023-12-20T16:09:50.361Z] error: Failed to signup: ReferenceError: res is not defined
    at Object.execute (E:\KAHER-Backend\use-cases\response\add-file.js:62:23)
    at process.processTicksAndRejections (node:internal/process/task_queues:95:5)
    at async exports.addFile (E:\KAHER-Backend\controllers\response.controller.js:38:20)
[2023-12-20T16:09:50.361Z] error: Failed to signup: ReferenceError: res is not defined
    at Object.execute (E:\KAHER-Backend\use-cases\response\add-file.js:62:23)
    at process.processTicksAndRejections (node:internal/process/task_queues:95:5)
    at async exports.addFile (E:\KAHER-Backend\controllers\response.controller.js:38:20)
[2023-12-20T16:10:10.745Z] info: Connecting to database: DEVELOPMENT
[2023-12-20T17:20:37.128Z] info: Connecting to database: DEVELOPMENT
[2023-12-20T17:21:00.876Z] info: Connecting to database: DEVELOPMENT
[2024-01-02T16:23:39.122Z] info: Connecting to database: DEVELOPMENT
[2024-01-02T16:29:05.009Z] info: Connecting to database: DEVELOPMENT
[2024-01-02T16:29:20.671Z] info: Connecting to database: DEVELOPMENT
[2024-01-02T16:30:49.833Z] info: Connecting to database: DEVELOPMENT
[2024-01-02T16:32:35.936Z] info: Connecting to database: DEVELOPMENT
[2024-01-02T16:33:04.196Z] info: Connecting to database: DEVELOPMENT
[2024-01-02T16:36:33.913Z] info: Connecting to database: DEVELOPMENT
[2024-01-03T08:20:40.470Z] info: Connecting to database: DEVELOPMENT
[2024-01-03T08:28:46.059Z] info: Connecting to database: DEVELOPMENT
[2024-01-11T06:44:07.508Z] info: Connecting to database: DEVELOPMENT
[2024-01-11T06:46:11.092Z] info: Connecting to database: DEVELOPMENT
[2024-01-11T06:46:18.274Z] info: Connecting to database: DEVELOPMENT
[2024-01-11T06:47:20.642Z] error: token verification expired
[2024-01-11T06:47:20.642Z] error: token verification expired
[2024-01-11T06:53:52.632Z] info: Connecting to database: DEVELOPMENT
[2024-01-11T06:56:52.315Z] info: Connecting to database: DEVELOPMENT
[2024-01-11T06:57:02.690Z] info: Connecting to database: DEVELOPMENT
[2024-01-11T06:57:21.862Z] error: token verification expired
[2024-01-11T06:57:21.862Z] error: token verification expired
[2024-01-11T06:59:00.532Z] info: Connecting to database: DEVELOPMENT
[2024-01-11T06:59:05.310Z] info: Connecting to database: DEVELOPMENT
[2024-01-11T07:05:42.683Z] info: Connecting to database: DEVELOPMENT
[2024-01-11T07:09:40.456Z] error: Failed to find application by id: objectIdArray is not defined ReferenceError: objectIdArray is not defined
    at Object.findAllAssignedApps (E:\KAHER-Backend\lib\database\methods\application.js:684:26)
    at process.processTicksAndRejections (node:internal/process/task_queues:95:5)
    at async Object.execute (E:\KAHER-Backend\use-cases\application\get-assigned-applications.js:73:17)
    at async exports.getAssignedApplications (E:\KAHER-Backend\controllers\application.controller.js:206:20)
[2024-01-11T07:09:40.456Z] error: Failed to find application by id: objectIdArray is not defined ReferenceError: objectIdArray is not defined
    at Object.findAllAssignedApps (E:\KAHER-Backend\lib\database\methods\application.js:684:26)
    at process.processTicksAndRejections (node:internal/process/task_queues:95:5)
    at async Object.execute (E:\KAHER-Backend\use-cases\application\get-assigned-applications.js:73:17)
    at async exports.getAssignedApplications (E:\KAHER-Backend\controllers\application.controller.js:206:20)
[2024-01-11T07:09:40.473Z] error: Failed to signup: Error: Please find the Contact Details for support - Contact - It Section, Email - itsection@kledeemeduniversity.edu.in, Contact Number - 244404378/77
    at Object.findAllAssignedApps (E:\KAHER-Backend\lib\database\methods\application.js:712:15)
    at process.processTicksAndRejections (node:internal/process/task_queues:95:5)
    at async Object.execute (E:\KAHER-Backend\use-cases\application\get-assigned-applications.js:73:17)
    at async exports.getAssignedApplications (E:\KAHER-Backend\controllers\application.controller.js:206:20)
[2024-01-11T07:09:40.473Z] error: Failed to signup: Error: Please find the Contact Details for support - Contact - It Section, Email - itsection@kledeemeduniversity.edu.in, Contact Number - 244404378/77
    at Object.findAllAssignedApps (E:\KAHER-Backend\lib\database\methods\application.js:712:15)
    at process.processTicksAndRejections (node:internal/process/task_queues:95:5)
    at async Object.execute (E:\KAHER-Backend\use-cases\application\get-assigned-applications.js:73:17)
    at async exports.getAssignedApplications (E:\KAHER-Backend\controllers\application.controller.js:206:20)
[2024-01-11T07:10:16.494Z] info: Connecting to database: DEVELOPMENT
[2024-01-11T07:11:10.096Z] info: Connecting to database: DEVELOPMENT
[2024-01-11T07:11:36.354Z] info: Connecting to database: DEVELOPMENT
[2024-01-11T07:19:45.623Z] info: Connecting to database: DEVELOPMENT
[2024-01-11T07:23:19.337Z] info: Connecting to database: DEVELOPMENT
[2024-01-11T07:23:55.074Z] info: Connecting to database: DEVELOPMENT
[2024-01-11T07:24:23.647Z] info: Connecting to database: DEVELOPMENT
[2024-01-11T07:27:40.787Z] info: Connecting to database: DEVELOPMENT
[2024-01-11T07:28:30.227Z] info: Connecting to database: DEVELOPMENT
[2024-01-11T07:29:37.146Z] info: Connecting to database: DEVELOPMENT
[2024-01-11T07:30:09.315Z] info: Connecting to database: DEVELOPMENT
[2024-01-11T07:30:16.417Z] info: Connecting to database: DEVELOPMENT
[2024-01-11T07:31:29.014Z] info: Connecting to database: DEVELOPMENT
[2024-01-11T07:37:52.480Z] info: Connecting to database: DEVELOPMENT
[2024-01-11T07:39:10.653Z] error: token verification expired
[2024-01-11T07:39:10.653Z] error: token verification expired
[2024-01-11T07:41:58.976Z] error: token verification expired
[2024-01-11T07:41:58.976Z] error: token verification expired
[2024-01-11T07:42:52.746Z] info: Connecting to database: DEVELOPMENT
[2024-01-11T07:44:37.282Z] error: token verification expired
[2024-01-11T07:44:37.282Z] error: token verification expired
[2024-01-11T07:46:05.194Z] error: token verification expired
[2024-01-11T07:46:05.194Z] error: token verification expired
[2024-01-11T07:46:44.293Z] info: Connecting to database: DEVELOPMENT
[2024-01-11T07:47:21.372Z] error: Failed to find mood by uid: Operation `tokens.findOne()` buffering timed out after 10000ms MongooseError: Operation `tokens.findOne()` buffering timed out after 10000ms
    at Timeout.<anonymous> (E:\KAHER-Backend\node_modules\mongoose\lib\drivers\node-mongodb-native\collection.js:185:23)
    at listOnTimeout (node:internal/timers:569:17)
    at process.processTimers (node:internal/timers:512:7)
[2024-01-11T07:47:21.372Z] error: Failed to find mood by uid: Operation `tokens.findOne()` buffering timed out after 10000ms MongooseError: Operation `tokens.findOne()` buffering timed out after 10000ms
    at Timeout.<anonymous> (E:\KAHER-Backend\node_modules\mongoose\lib\drivers\node-mongodb-native\collection.js:185:23)
    at listOnTimeout (node:internal/timers:569:17)
    at process.processTimers (node:internal/timers:512:7)
[2024-01-11T07:47:21.380Z] error: Error while fetching refresh token from store Please find the Contact Details for support - Contact - It Section, Email - itsection@kledeemeduniversity.edu.in, Contact Number - 244404378/77
[2024-01-11T07:47:21.380Z] error: Error while fetching refresh token from store Please find the Contact Details for support - Contact - It Section, Email - itsection@kledeemeduniversity.edu.in, Contact Number - 244404378/77
[2024-01-11T07:47:44.487Z] info: Connecting to database: DEVELOPMENT
[2024-01-11T07:50:56.700Z] info: Connecting to database: DEVELOPMENT
[2024-01-11T08:07:28.743Z] info: Connecting to database: DEVELOPMENT
[2024-01-11T08:08:51.067Z] info: Connecting to database: DEVELOPMENT
[2024-01-11T08:09:09.311Z] info: Connecting to database: DEVELOPMENT
[2024-01-11T08:09:57.523Z] error: Failed to find mood by uid: Operation `tokens.findOne()` buffering timed out after 10000ms MongooseError: Operation `tokens.findOne()` buffering timed out after 10000ms
    at Timeout.<anonymous> (E:\KAHER-Backend\node_modules\mongoose\lib\drivers\node-mongodb-native\collection.js:185:23)
    at listOnTimeout (node:internal/timers:569:17)
    at process.processTimers (node:internal/timers:512:7)
[2024-01-11T08:09:57.523Z] error: Failed to find mood by uid: Operation `tokens.findOne()` buffering timed out after 10000ms MongooseError: Operation `tokens.findOne()` buffering timed out after 10000ms
    at Timeout.<anonymous> (E:\KAHER-Backend\node_modules\mongoose\lib\drivers\node-mongodb-native\collection.js:185:23)
    at listOnTimeout (node:internal/timers:569:17)
    at process.processTimers (node:internal/timers:512:7)
[2024-01-11T08:09:57.532Z] error: Error while fetching refresh token from store Please find the Contact Details for support - Contact - It Section, Email - itsection@kledeemeduniversity.edu.in, Contact Number - 244404378/77
[2024-01-11T08:09:57.532Z] error: Error while fetching refresh token from store Please find the Contact Details for support - Contact - It Section, Email - itsection@kledeemeduniversity.edu.in, Contact Number - 244404378/77
[2024-01-11T08:10:42.997Z] info: Connecting to database: DEVELOPMENT
[2024-01-11T08:11:28.662Z] info: Connecting to database: DEVELOPMENT
[2024-01-11T08:12:38.521Z] info: Connecting to database: PRODUCTION
[2024-01-11T08:13:06.361Z] info: Connecting to database: PRODUCTION
[2024-01-13T13:26:49.407Z] info: Connecting to database: DEVELOPMENT
[2024-01-13T13:28:16.756Z] info: Connecting to database: DEVELOPMENT
[2024-01-13T13:31:38.581Z] info: Connecting to database: DEVELOPMENT
[2024-01-13T13:31:46.978Z] info: Connecting to database: DEVELOPMENT
[2024-01-13T13:32:49.241Z] info: Connecting to database: DEVELOPMENT
[2024-01-13T13:32:57.433Z] info: Connecting to database: DEVELOPMENT
[2024-01-13T13:33:13.094Z] info: Connecting to database: DEVELOPMENT
[2024-01-13T13:33:20.419Z] info: Connecting to database: DEVELOPMENT
[2024-01-13T13:33:27.337Z] info: Connecting to database: DEVELOPMENT
[2024-01-13T13:33:34.298Z] info: Connecting to database: DEVELOPMENT
[2024-01-13T13:33:47.091Z] info: Connecting to database: DEVELOPMENT
[2024-01-13T13:33:59.690Z] info: Connecting to database: DEVELOPMENT
[2024-01-13T13:34:17.202Z] info: Connecting to database: DEVELOPMENT
[2024-01-13T13:34:26.417Z] info: Connecting to database: DEVELOPMENT
[2024-01-13T13:35:04.210Z] info: Connecting to database: DEVELOPMENT
[2024-01-13T13:35:14.034Z] info: Connecting to database: DEVELOPMENT
[2024-01-13T13:59:59.505Z] info: Connecting to database: DEVELOPMENT
[2024-01-13T14:00:25.868Z] info: Connecting to database: DEVELOPMENT
[2024-01-13T14:00:34.473Z] info: Connecting to database: DEVELOPMENT
[2024-01-13T14:01:03.146Z] info: Connecting to database: DEVELOPMENT
[2024-01-13T14:01:35.802Z] info: Connecting to database: DEVELOPMENT
[2024-01-13T14:01:42.565Z] info: Connecting to database: DEVELOPMENT
[2024-01-13T14:03:36.922Z] info: Connecting to database: DEVELOPMENT
[2024-01-13T14:04:06.965Z] info: Connecting to database: DEVELOPMENT
[2024-01-13T14:04:28.233Z] info: Connecting to database: DEVELOPMENT
[2024-01-13T14:04:37.983Z] info: Connecting to database: DEVELOPMENT
[2024-01-13T14:04:57.495Z] info: Connecting to database: DEVELOPMENT
[2024-01-13T14:08:22.227Z] info: Connecting to database: DEVELOPMENT
[2024-01-13T14:08:29.920Z] info: Connecting to database: DEVELOPMENT
[2024-01-13T15:16:43.580Z] info: Connecting to database: DEVELOPMENT
[2024-01-14T08:28:34.920Z] info: Connecting to database: DEVELOPMENT
[2024-01-14T08:37:32.640Z] error: Failed to find mood by uid: element is not defined ReferenceError: element is not defined
    at Object.institutionReport (E:\KAHER-Backend\lib\database\methods\application.js:1242:35)
    at Object.execute (E:\KAHER-Backend\use-cases\application\institution-report.js:40:47)
    at process.processTicksAndRejections (node:internal/process/task_queues:95:5)
    at async exports.institutionReports (E:\KAHER-Backend\controllers\application.controller.js:509:20)
[2024-01-14T08:37:32.640Z] error: Failed to find mood by uid: element is not defined ReferenceError: element is not defined
    at Object.institutionReport (E:\KAHER-Backend\lib\database\methods\application.js:1242:35)
    at Object.execute (E:\KAHER-Backend\use-cases\application\institution-report.js:40:47)
    at process.processTicksAndRejections (node:internal/process/task_queues:95:5)
    at async exports.institutionReports (E:\KAHER-Backend\controllers\application.controller.js:509:20)
[2024-01-14T08:37:32.647Z] error: Failed to signup: Error: Please find the Contact Details for support - Contact - It Section, Email - itsection@kledeemeduniversity.edu.in, Contact Number - 244404378/77
    at Object.institutionReport (E:\KAHER-Backend\lib\database\methods\application.js:1360:15)
    at Object.execute (E:\KAHER-Backend\use-cases\application\institution-report.js:40:47)
    at process.processTicksAndRejections (node:internal/process/task_queues:95:5)
    at async exports.institutionReports (E:\KAHER-Backend\controllers\application.controller.js:509:20)
[2024-01-14T08:37:32.647Z] error: Failed to signup: Error: Please find the Contact Details for support - Contact - It Section, Email - itsection@kledeemeduniversity.edu.in, Contact Number - 244404378/77
    at Object.institutionReport (E:\KAHER-Backend\lib\database\methods\application.js:1360:15)
    at Object.execute (E:\KAHER-Backend\use-cases\application\institution-report.js:40:47)
    at process.processTicksAndRejections (node:internal/process/task_queues:95:5)
    at async exports.institutionReports (E:\KAHER-Backend\controllers\application.controller.js:509:20)
[2024-01-14T08:38:02.655Z] info: Connecting to database: DEVELOPMENT
[2024-01-14T08:38:10.787Z] error: Failed to find mood by uid: applications is not defined ReferenceError: applications is not defined
    at Object.institutionReport (E:\KAHER-Backend\lib\database\methods\application.js:1350:13)
    at process.processTicksAndRejections (node:internal/process/task_queues:95:5)
    at async Object.execute (E:\KAHER-Backend\use-cases\application\institution-report.js:40:21)
    at async exports.institutionReports (E:\KAHER-Backend\controllers\application.controller.js:509:20)
[2024-01-14T08:38:10.787Z] error: Failed to find mood by uid: applications is not defined ReferenceError: applications is not defined
    at Object.institutionReport (E:\KAHER-Backend\lib\database\methods\application.js:1350:13)
    at process.processTicksAndRejections (node:internal/process/task_queues:95:5)
    at async Object.execute (E:\KAHER-Backend\use-cases\application\institution-report.js:40:21)
    at async exports.institutionReports (E:\KAHER-Backend\controllers\application.controller.js:509:20)
[2024-01-14T08:38:10.801Z] error: Failed to signup: Error: Please find the Contact Details for support - Contact - It Section, Email - itsection@kledeemeduniversity.edu.in, Contact Number - 244404378/77
    at Object.institutionReport (E:\KAHER-Backend\lib\database\methods\application.js:1360:15)
    at process.processTicksAndRejections (node:internal/process/task_queues:95:5)
    at async Object.execute (E:\KAHER-Backend\use-cases\application\institution-report.js:40:21)
    at async exports.institutionReports (E:\KAHER-Backend\controllers\application.controller.js:509:20)
[2024-01-14T08:38:10.801Z] error: Failed to signup: Error: Please find the Contact Details for support - Contact - It Section, Email - itsection@kledeemeduniversity.edu.in, Contact Number - 244404378/77
    at Object.institutionReport (E:\KAHER-Backend\lib\database\methods\application.js:1360:15)
    at process.processTicksAndRejections (node:internal/process/task_queues:95:5)
    at async Object.execute (E:\KAHER-Backend\use-cases\application\institution-report.js:40:21)
    at async exports.institutionReports (E:\KAHER-Backend\controllers\application.controller.js:509:20)
[2024-01-14T08:41:00.421Z] info: Connecting to database: DEVELOPMENT
[2024-01-14T08:41:35.025Z] info: Connecting to database: DEVELOPMENT
[2024-01-14T08:41:47.114Z] info: Connecting to database: DEVELOPMENT
[2024-01-14T08:41:55.513Z] info: Connecting to database: DEVELOPMENT
[2024-01-14T08:45:24.499Z] info: Connecting to database: DEVELOPMENT
[2024-01-14T08:48:39.996Z] info: Connecting to database: DEVELOPMENT
[2024-01-14T08:48:46.838Z] info: Connecting to database: DEVELOPMENT
[2024-01-14T08:49:22.508Z] info: Connecting to database: DEVELOPMENT
[2024-01-14T08:49:35.392Z] info: Connecting to database: DEVELOPMENT
[2024-01-14T08:50:25.566Z] info: Connecting to database: DEVELOPMENT
[2024-01-14T08:51:25.779Z] info: Connecting to database: DEVELOPMENT
[2024-01-14T08:52:50.156Z] info: Connecting to database: DEVELOPMENT
[2024-01-14T08:53:16.987Z] info: Connecting to database: DEVELOPMENT
[2024-01-14T08:53:26.921Z] info: Connecting to database: DEVELOPMENT
[2024-01-14T08:53:32.441Z] info: Connecting to database: DEVELOPMENT
[2024-01-14T08:53:42.160Z] info: Connecting to database: DEVELOPMENT
[2024-01-14T08:54:00.705Z] info: Connecting to database: DEVELOPMENT
[2024-01-14T08:54:04.907Z] info: Connecting to database: DEVELOPMENT
[2024-01-14T08:54:16.986Z] info: Connecting to database: DEVELOPMENT
[2024-01-14T08:54:20.264Z] info: Connecting to database: DEVELOPMENT
[2024-01-14T08:54:53.446Z] info: Connecting to database: DEVELOPMENT
[2024-01-14T08:55:07.411Z] info: Connecting to database: DEVELOPMENT
[2024-01-14T08:55:34.510Z] info: Connecting to database: DEVELOPMENT
[2024-01-14T08:56:03.715Z] info: Connecting to database: DEVELOPMENT
[2024-01-14T08:58:19.273Z] info: Connecting to database: DEVELOPMENT
[2024-01-14T08:59:27.882Z] info: Connecting to database: DEVELOPMENT
[2024-01-14T09:00:00.550Z] info: Connecting to database: DEVELOPMENT
[2024-01-14T09:00:10.265Z] info: Connecting to database: DEVELOPMENT
[2024-01-14T09:01:23.332Z] info: Connecting to database: DEVELOPMENT
[2024-01-14T09:03:17.972Z] info: Connecting to database: DEVELOPMENT
[2024-01-14T09:03:45.722Z] info: Connecting to database: DEVELOPMENT
[2024-01-14T09:04:12.649Z] info: Connecting to database: DEVELOPMENT
[2024-01-14T09:04:36.616Z] info: Connecting to database: DEVELOPMENT
[2024-01-14T09:05:12.863Z] info: Connecting to database: DEVELOPMENT
[2024-01-14T09:05:41.939Z] info: Connecting to database: DEVELOPMENT
[2024-01-14T09:05:53.823Z] info: Connecting to database: DEVELOPMENT
[2024-01-14T09:06:14.212Z] info: Connecting to database: DEVELOPMENT
[2024-01-14T09:06:19.214Z] error: Failed to find mood by uid: workflowArray is not defined ReferenceError: workflowArray is not defined
    at Object.workflowStatusReport (E:\KAHER-Backend\lib\database\methods\application.js:1457:9)
    at process.processTicksAndRejections (node:internal/process/task_queues:95:5)
    at async Object.execute (E:\KAHER-Backend\use-cases\application\workflow-report.js:40:21)
    at async exports.workflowReports (E:\KAHER-Backend\controllers\application.controller.js:532:20)
[2024-01-14T09:06:19.214Z] error: Failed to find mood by uid: workflowArray is not defined ReferenceError: workflowArray is not defined
    at Object.workflowStatusReport (E:\KAHER-Backend\lib\database\methods\application.js:1457:9)
    at process.processTicksAndRejections (node:internal/process/task_queues:95:5)
    at async Object.execute (E:\KAHER-Backend\use-cases\application\workflow-report.js:40:21)
    at async exports.workflowReports (E:\KAHER-Backend\controllers\application.controller.js:532:20)
[2024-01-14T09:06:19.224Z] error: Failed to signup: Error: Please find the Contact Details for support - Contact - It Section, Email - itsection@kledeemeduniversity.edu.in, Contact Number - 244404378/77
    at Object.workflowStatusReport (E:\KAHER-Backend\lib\database\methods\application.js:1473:15)
    at process.processTicksAndRejections (node:internal/process/task_queues:95:5)
    at async Object.execute (E:\KAHER-Backend\use-cases\application\workflow-report.js:40:21)
    at async exports.workflowReports (E:\KAHER-Backend\controllers\application.controller.js:532:20)
[2024-01-14T09:06:19.224Z] error: Failed to signup: Error: Please find the Contact Details for support - Contact - It Section, Email - itsection@kledeemeduniversity.edu.in, Contact Number - 244404378/77
    at Object.workflowStatusReport (E:\KAHER-Backend\lib\database\methods\application.js:1473:15)
    at process.processTicksAndRejections (node:internal/process/task_queues:95:5)
    at async Object.execute (E:\KAHER-Backend\use-cases\application\workflow-report.js:40:21)
    at async exports.workflowReports (E:\KAHER-Backend\controllers\application.controller.js:532:20)
[2024-01-14T09:06:50.998Z] info: Connecting to database: DEVELOPMENT
[2024-01-14T09:07:04.086Z] info: Connecting to database: DEVELOPMENT
[2024-01-14T09:07:28.033Z] info: Connecting to database: DEVELOPMENT
[2024-01-14T09:07:46.893Z] info: Connecting to database: DEVELOPMENT
[2024-01-14T09:08:09.711Z] info: Connecting to database: DEVELOPMENT
[2024-01-14T09:08:20.872Z] info: Connecting to database: DEVELOPMENT
[2024-01-14T09:08:39.245Z] info: Connecting to database: DEVELOPMENT
[2024-01-14T09:09:30.602Z] info: Connecting to database: DEVELOPMENT
[2024-01-14T09:09:46.993Z] info: Connecting to database: DEVELOPMENT
[2024-01-14T09:10:07.267Z] info: Connecting to database: DEVELOPMENT
[2024-01-14T09:10:28.767Z] info: Connecting to database: DEVELOPMENT
[2024-01-14T09:11:53.538Z] info: Connecting to database: DEVELOPMENT
[2024-01-14T09:12:23.054Z] info: Connecting to database: DEVELOPMENT
[2024-01-14T09:12:35.645Z] info: Connecting to database: DEVELOPMENT
[2024-01-14T09:12:55.918Z] info: Connecting to database: DEVELOPMENT
[2024-01-14T09:13:12.092Z] info: Connecting to database: DEVELOPMENT
[2024-01-14T09:19:25.756Z] info: Connecting to database: DEVELOPMENT
[2024-01-14T09:19:48.380Z] info: Connecting to database: DEVELOPMENT
[2024-01-14T09:23:22.814Z] info: Connecting to database: DEVELOPMENT
[2024-01-14T09:23:53.124Z] info: Connecting to database: DEVELOPMENT
[2024-01-24T19:54:10.328Z] info: Connecting to database: DEVELOPMENT
[2024-01-24T19:56:44.383Z] info: Connecting to database: DEVELOPMENT
[2024-01-24T19:57:08.355Z] info: Connecting to database: DEVELOPMENT
[2024-01-24T19:57:38.664Z] info: Connecting to database: DEVELOPMENT
[2024-01-24T19:57:52.890Z] info: Connecting to database: DEVELOPMENT
[2024-01-24T19:58:12.146Z] info: Connecting to database: DEVELOPMENT
[2024-01-24T19:59:09.903Z] info: Connecting to database: DEVELOPMENT
[2024-01-24T20:00:40.735Z] info: Connecting to database: DEVELOPMENT
[2024-01-24T20:01:14.832Z] info: Connecting to database: DEVELOPMENT
[2024-01-24T20:01:52.205Z] info: Connecting to database: DEVELOPMENT
[2024-01-24T20:02:58.153Z] info: Connecting to database: DEVELOPMENT
[2024-01-24T20:03:14.434Z] info: Connecting to database: DEVELOPMENT
[2024-01-24T20:03:22.096Z] info: Connecting to database: DEVELOPMENT
[2024-01-24T20:04:12.392Z] info: Connecting to database: DEVELOPMENT
[2024-01-24T20:04:22.416Z] info: Connecting to database: DEVELOPMENT
[2024-01-24T20:06:22.442Z] info: Connecting to database: DEVELOPMENT
[2024-01-24T20:07:22.439Z] info: Connecting to database: DEVELOPMENT
[2024-01-24T20:08:24.011Z] info: Connecting to database: DEVELOPMENT
[2024-01-24T20:09:25.831Z] info: Connecting to database: DEVELOPMENT
[2024-01-24T20:09:48.775Z] info: Connecting to database: DEVELOPMENT
[2024-01-24T20:10:05.896Z] info: Connecting to database: DEVELOPMENT
[2024-01-24T20:10:35.663Z] info: Connecting to database: DEVELOPMENT
[2024-01-24T20:10:40.059Z] info: Connecting to database: DEVELOPMENT
[2024-01-24T20:10:44.445Z] error: Failed to find application by id: Assignment to constant variable. TypeError: Assignment to constant variable.
    at Object.findReports (E:\KAHER-Backend\lib\database\methods\application.js:541:20)
    at process.processTicksAndRejections (node:internal/process/task_queues:95:5)
    at async Object.execute (E:\KAHER-Backend\use-cases\application\find-reports.js:49:21)
    at async exports.getReports (E:\KAHER-Backend\controllers\application.controller.js:371:20)
[2024-01-24T20:10:44.445Z] error: Failed to find application by id: Assignment to constant variable. TypeError: Assignment to constant variable.
    at Object.findReports (E:\KAHER-Backend\lib\database\methods\application.js:541:20)
    at process.processTicksAndRejections (node:internal/process/task_queues:95:5)
    at async Object.execute (E:\KAHER-Backend\use-cases\application\find-reports.js:49:21)
    at async exports.getReports (E:\KAHER-Backend\controllers\application.controller.js:371:20)
[2024-01-24T20:10:44.451Z] error: Failed to signup: Error: Please find the Contact Details for support - Contact - It Section, Email - itsection@kledeemeduniversity.edu.in, Contact Number - 244404378/77
    at Object.findReports (E:\KAHER-Backend\lib\database\methods\application.js:572:15)
    at process.processTicksAndRejections (node:internal/process/task_queues:95:5)
    at async Object.execute (E:\KAHER-Backend\use-cases\application\find-reports.js:49:21)
    at async exports.getReports (E:\KAHER-Backend\controllers\application.controller.js:371:20)
[2024-01-24T20:10:44.451Z] error: Failed to signup: Error: Please find the Contact Details for support - Contact - It Section, Email - itsection@kledeemeduniversity.edu.in, Contact Number - 244404378/77
    at Object.findReports (E:\KAHER-Backend\lib\database\methods\application.js:572:15)
    at process.processTicksAndRejections (node:internal/process/task_queues:95:5)
    at async Object.execute (E:\KAHER-Backend\use-cases\application\find-reports.js:49:21)
    at async exports.getReports (E:\KAHER-Backend\controllers\application.controller.js:371:20)
[2024-01-24T20:11:01.080Z] info: Connecting to database: DEVELOPMENT
[2024-01-24T20:11:05.055Z] error: Failed to find application by id: Cannot read properties of undefined (reading 'name') TypeError: Cannot read properties of undefined (reading 'name')
    at E:\KAHER-Backend\lib\database\methods\application.js:549:17
    at Array.forEach (<anonymous>)
    at Object.findReports (E:\KAHER-Backend\lib\database\methods\application.js:545:23)
    at process.processTicksAndRejections (node:internal/process/task_queues:95:5)
    at async Object.execute (E:\KAHER-Backend\use-cases\application\find-reports.js:49:21)
    at async exports.getReports (E:\KAHER-Backend\controllers\application.controller.js:371:20)
[2024-01-24T20:11:05.055Z] error: Failed to find application by id: Cannot read properties of undefined (reading 'name') TypeError: Cannot read properties of undefined (reading 'name')
    at E:\KAHER-Backend\lib\database\methods\application.js:549:17
    at Array.forEach (<anonymous>)
    at Object.findReports (E:\KAHER-Backend\lib\database\methods\application.js:545:23)
    at process.processTicksAndRejections (node:internal/process/task_queues:95:5)
    at async Object.execute (E:\KAHER-Backend\use-cases\application\find-reports.js:49:21)
    at async exports.getReports (E:\KAHER-Backend\controllers\application.controller.js:371:20)
[2024-01-24T20:11:05.061Z] error: Failed to signup: Error: Please find the Contact Details for support - Contact - It Section, Email - itsection@kledeemeduniversity.edu.in, Contact Number - 244404378/77
    at Object.findReports (E:\KAHER-Backend\lib\database\methods\application.js:572:15)
    at process.processTicksAndRejections (node:internal/process/task_queues:95:5)
    at async Object.execute (E:\KAHER-Backend\use-cases\application\find-reports.js:49:21)
    at async exports.getReports (E:\KAHER-Backend\controllers\application.controller.js:371:20)
[2024-01-24T20:11:05.061Z] error: Failed to signup: Error: Please find the Contact Details for support - Contact - It Section, Email - itsection@kledeemeduniversity.edu.in, Contact Number - 244404378/77
    at Object.findReports (E:\KAHER-Backend\lib\database\methods\application.js:572:15)
    at process.processTicksAndRejections (node:internal/process/task_queues:95:5)
    at async Object.execute (E:\KAHER-Backend\use-cases\application\find-reports.js:49:21)
    at async exports.getReports (E:\KAHER-Backend\controllers\application.controller.js:371:20)
[2024-01-24T20:11:32.199Z] info: Connecting to database: DEVELOPMENT
[2024-01-24T20:12:05.679Z] info: Connecting to database: DEVELOPMENT
[2024-01-24T20:12:25.858Z] info: Connecting to database: DEVELOPMENT
[2024-01-24T20:12:53.154Z] info: Connecting to database: DEVELOPMENT
[2024-01-24T20:13:17.465Z] info: Connecting to database: DEVELOPMENT
[2024-01-24T20:14:20.546Z] info: Connecting to database: DEVELOPMENT
[2024-01-24T20:14:33.346Z] info: Connecting to database: DEVELOPMENT
[2024-01-24T20:14:49.312Z] info: Connecting to database: DEVELOPMENT
[2024-01-24T20:15:33.249Z] info: Connecting to database: DEVELOPMENT
[2024-01-24T20:17:29.984Z] info: Connecting to database: DEVELOPMENT
[2024-01-24T20:18:23.648Z] info: Connecting to database: DEVELOPMENT
[2024-01-24T20:18:39.446Z] info: Connecting to database: DEVELOPMENT
[2024-01-24T20:19:10.636Z] info: Connecting to database: DEVELOPMENT
[2024-01-24T20:19:19.962Z] info: Connecting to database: DEVELOPMENT
[2024-02-01T08:58:53.791Z] info: Connecting to database: DEVELOPMENT
[2024-02-01T09:02:43.652Z] info: Connecting to database: DEVELOPMENT
[2024-02-01T09:07:48.966Z] info: Connecting to database: DEVELOPMENT
[2024-02-01T09:07:59.028Z] info: Connecting to database: DEVELOPMENT
[2024-02-01T09:08:20.900Z] info: Connecting to database: DEVELOPMENT
[2024-02-01T09:09:02.854Z] info: Connecting to database: DEVELOPMENT
[2024-02-01T09:12:00.748Z] info: Connecting to database: DEVELOPMENT
[2024-02-01T09:13:06.242Z] info: Connecting to database: DEVELOPMENT
[2024-02-01T09:13:25.380Z] info: Connecting to database: DEVELOPMENT
[2024-02-01T09:13:49.385Z] info: Connecting to database: DEVELOPMENT
[2024-02-01T09:13:56.029Z] info: Connecting to database: DEVELOPMENT
[2024-02-01T09:14:11.344Z] info: Connecting to database: DEVELOPMENT
[2024-02-01T09:15:32.679Z] info: Connecting to database: DEVELOPMENT
[2024-02-01T09:15:48.029Z] info: Connecting to database: DEVELOPMENT
[2024-02-01T09:16:15.631Z] info: Connecting to database: DEVELOPMENT
[2024-02-01T09:16:37.645Z] info: Connecting to database: DEVELOPMENT
[2024-02-01T09:18:02.906Z] info: Connecting to database: DEVELOPMENT
[2024-02-01T09:18:05.971Z] info: Connecting to database: DEVELOPMENT
[2024-02-01T09:19:11.040Z] info: Connecting to database: DEVELOPMENT
[2024-02-01T09:19:28.245Z] info: Connecting to database: DEVELOPMENT
[2024-02-01T09:19:34.455Z] info: Connecting to database: DEVELOPMENT
[2024-02-01T09:20:00.147Z] info: Connecting to database: DEVELOPMENT
[2024-02-01T09:20:50.319Z] info: Connecting to database: DEVELOPMENT
[2024-02-01T09:21:25.487Z] info: Connecting to database: DEVELOPMENT
[2024-02-01T09:21:50.768Z] info: Connecting to database: DEVELOPMENT
[2024-02-01T09:22:04.193Z] info: Connecting to database: DEVELOPMENT
[2024-02-01T09:23:13.292Z] info: Connecting to database: DEVELOPMENT
[2024-02-01T09:23:29.383Z] info: Connecting to database: DEVELOPMENT
[2024-02-01T09:23:36.601Z] info: Connecting to database: DEVELOPMENT
[2024-02-01T09:23:45.334Z] info: Connecting to database: DEVELOPMENT
[2024-02-01T09:24:51.334Z] info: Connecting to database: DEVELOPMENT
[2024-02-01T09:25:02.634Z] info: Connecting to database: DEVELOPMENT
[2024-02-01T09:25:18.957Z] info: Connecting to database: DEVELOPMENT
[2024-02-01T09:25:49.443Z] info: Connecting to database: DEVELOPMENT
[2024-02-01T09:26:53.127Z] info: Connecting to database: DEVELOPMENT
[2024-02-01T09:27:07.399Z] info: Connecting to database: DEVELOPMENT
[2024-02-01T09:28:26.586Z] info: Connecting to database: DEVELOPMENT
[2024-02-01T09:29:10.673Z] info: Connecting to database: DEVELOPMENT
[2024-02-01T09:29:34.777Z] error: Failed to signup: TypeError: Cannot read properties of undefined (reading 'methods')
    at exports.accessManager (E:\KAHER-Backend\services\access-manager.js:11:27)
    at Object.execute (E:\KAHER-Backend\use-cases\workflow\create-workflow.js:23:33)
    at exports.createWorkflow (E:\KAHER-Backend\controllers\workflow.controller.js:26:8)
    at Layer.handle [as handle_request] (E:\KAHER-Backend\node_modules\express\lib\router\layer.js:95:5)
    at next (E:\KAHER-Backend\node_modules\express\lib\router\route.js:144:13)
    at module.exports.isLogged (E:\KAHER-Backend\middlewares\is-logged.js:84:12)
    at process.processTicksAndRejections (node:internal/process/task_queues:95:5)
[2024-02-01T09:29:34.777Z] error: Failed to signup: TypeError: Cannot read properties of undefined (reading 'methods')
    at exports.accessManager (E:\KAHER-Backend\services\access-manager.js:11:27)
    at Object.execute (E:\KAHER-Backend\use-cases\workflow\create-workflow.js:23:33)
    at exports.createWorkflow (E:\KAHER-Backend\controllers\workflow.controller.js:26:8)
    at Layer.handle [as handle_request] (E:\KAHER-Backend\node_modules\express\lib\router\layer.js:95:5)
    at next (E:\KAHER-Backend\node_modules\express\lib\router\route.js:144:13)
    at module.exports.isLogged (E:\KAHER-Backend\middlewares\is-logged.js:84:12)
    at process.processTicksAndRejections (node:internal/process/task_queues:95:5)
[2024-02-01T09:30:10.939Z] info: Connecting to database: DEVELOPMENT
[2024-02-01T09:31:00.815Z] error: Failed to signup: TypeError: Cannot read properties of undefined (reading 'methods')
    at exports.accessManager (E:\KAHER-Backend\services\access-manager.js:11:27)
    at Object.execute (E:\KAHER-Backend\use-cases\workflow\create-workflow.js:23:33)
    at exports.createWorkflow (E:\KAHER-Backend\controllers\workflow.controller.js:26:8)
    at Layer.handle [as handle_request] (E:\KAHER-Backend\node_modules\express\lib\router\layer.js:95:5)
    at next (E:\KAHER-Backend\node_modules\express\lib\router\route.js:144:13)
    at module.exports.isLogged (E:\KAHER-Backend\middlewares\is-logged.js:84:12)
    at process.processTicksAndRejections (node:internal/process/task_queues:95:5)
[2024-02-01T09:31:00.815Z] error: Failed to signup: TypeError: Cannot read properties of undefined (reading 'methods')
    at exports.accessManager (E:\KAHER-Backend\services\access-manager.js:11:27)
    at Object.execute (E:\KAHER-Backend\use-cases\workflow\create-workflow.js:23:33)
    at exports.createWorkflow (E:\KAHER-Backend\controllers\workflow.controller.js:26:8)
    at Layer.handle [as handle_request] (E:\KAHER-Backend\node_modules\express\lib\router\layer.js:95:5)
    at next (E:\KAHER-Backend\node_modules\express\lib\router\route.js:144:13)
    at module.exports.isLogged (E:\KAHER-Backend\middlewares\is-logged.js:84:12)
    at process.processTicksAndRejections (node:internal/process/task_queues:95:5)
[2024-02-01T09:31:20.280Z] info: Connecting to database: PRODUCTION
[2024-02-01T09:31:58.976Z] info: Connecting to database: PRODUCTION
[2024-02-01T09:32:18.939Z] info: Connecting to database: PRODUCTION
[2024-02-01T09:32:29.592Z] info: Connecting to database: DEVELOPMENT
[2024-02-01T09:41:07.535Z] info: Connecting to database: DEVELOPMENT
[2024-02-01T09:44:24.753Z] info: Connecting to database: DEVELOPMENT
[2024-02-01T09:44:28.511Z] info: Connecting to database: DEVELOPMENT
[2024-02-01T09:44:54.199Z] info: Connecting to database: DEVELOPMENT
[2024-02-01T09:47:46.846Z] info: Connecting to database: DEVELOPMENT
[2024-02-01T09:48:29.630Z] info: Connecting to database: DEVELOPMENT
[2024-02-01T09:49:13.481Z] info: Connecting to database: DEVELOPMENT
[2024-02-01T09:50:08.064Z] error: Failed to create user details: Cast to ObjectId failed for value "{
  'department.id': {
    _id: new ObjectId("6527ecbb3ac77b89a5166210"),
    name: 'Principal Department',
    status: 'active',
    applications: [],
    users: [
      new ObjectId("6528d1341855c5b61655c880"),
      new ObjectId("6528d1941855c5b61655c888"),
      new ObjectId("6528d1b21855c5b61655c890"),
      new ObjectId("6528d1e51855c5b61655c898"),
      new ObjectId("6528d2021855c5b61655c8a0"),
      new ObjectId("6528d2271855c5b61655c8a8"),
      new ObjectId("6528d2491855c5b61655c8b0"),
      new ObjectId("6528d2631855c5b61655c8b8"),
      new ObjectId("6528d2b81855c5b61655c8c8"),
      new ObjectId("6528d2d31855c5b61655c8d0"),
      new ObjectId("6528d2f31855c5b61655c8d8"),
      new ObjectId("654a0e0feaca672b5bd72d98"),
      new ObjectId("654a0e7deaca672b5bd73028"),
      new ObjectId("654b3891eaca672b5bd75b18"),
      new ObjectId("6564934146f9c2f48293cce4"),
      new ObjectId("656493bb46f9c2f48293ccf0"),
      new ObjectId("6564a7b2b3a7fe94aec578a2"),
      new ObjectId("6564a7f1b3a7fe94aec578ae"),
      new ObjectId("6564abff5701c8d2cc39e29b"),
      new ObjectId("6564adb814a5f905d6860c77"),
      new ObjectId("6564ae9e5701c8d2cc39e2a7"),
      new ObjectId("6564afa3660644d2e8a95630"),
      new ObjectId("6564b0be2467b8082f16f2eb"),
      new ObjectId("6564b19a660644d2e8a9563c"),
      new ObjectId("6564b1d58034b8298d9037ee"),
      new ObjectId("6564b2158034b8298d9037fa"),
      new ObjectId("6564b2c818e0290ba91a6235"),
      new ObjectId("6564b3062139366338427f12"),
      new ObjectId("6564b40d97cc6436c254bc71"),
      new ObjectId("6564b44197cc6436c254bc7d"),
      new ObjectId("6564b46f97cc6436c254bc89"),
      new ObjectId("6564b520808392c72e61f626"),
      new ObjectId("6565de3497cc6436c254bc99"),
      new ObjectId("6565de9a5ff39ccb4cf44283"),
      new ObjectId("6565df0b5ff39ccb4cf4428f"),
      new ObjectId("6565df241c1f17e00c83390b"),
      new ObjectId("6565dfb8929c765c2cb60c7c"),
      new ObjectId("656db150753ff2c2184594f7"),
      new ObjectId("656db1cd86b8784f17343302"),
      new ObjectId("656db35e537e5c17ffe74d56"),
      new ObjectId("65789ab2797e51490f7eaed4"),
      new ObjectId("65817e65ab35d4d8d6516240")
    ],
    __v: 0
  },
  role: {
    permissions: {
      workflows: 'none',
      users: 'none',
      forms: 'none',
      departments: 'none',
      applications: 'none',
      roles: 'none'
    },
    _id: new ObjectId("6528cf993ac77b89a5169ea6"),
    name: 'Principal',
    status: 'active',
    type: 'user',
    __v: 0
  },
  institution: {
    _id: new ObjectId("6527f1cf015f9b52c8b8167b"),
    name: 'J N Medical College',
    users: [],
    __v: 0
  }
}" (type Object) at path "_id" for model "User" CastError: Cast to ObjectId failed for value "{
  'department.id': {
    _id: new ObjectId("6527ecbb3ac77b89a5166210"),
    name: 'Principal Department',
    status: 'active',
    applications: [],
    users: [
      new ObjectId("6528d1341855c5b61655c880"),
      new ObjectId("6528d1941855c5b61655c888"),
      new ObjectId("6528d1b21855c5b61655c890"),
      new ObjectId("6528d1e51855c5b61655c898"),
      new ObjectId("6528d2021855c5b61655c8a0"),
      new ObjectId("6528d2271855c5b61655c8a8"),
      new ObjectId("6528d2491855c5b61655c8b0"),
      new ObjectId("6528d2631855c5b61655c8b8"),
      new ObjectId("6528d2b81855c5b61655c8c8"),
      new ObjectId("6528d2d31855c5b61655c8d0"),
      new ObjectId("6528d2f31855c5b61655c8d8"),
      new ObjectId("654a0e0feaca672b5bd72d98"),
      new ObjectId("654a0e7deaca672b5bd73028"),
      new ObjectId("654b3891eaca672b5bd75b18"),
      new ObjectId("6564934146f9c2f48293cce4"),
      new ObjectId("656493bb46f9c2f48293ccf0"),
      new ObjectId("6564a7b2b3a7fe94aec578a2"),
      new ObjectId("6564a7f1b3a7fe94aec578ae"),
      new ObjectId("6564abff5701c8d2cc39e29b"),
      new ObjectId("6564adb814a5f905d6860c77"),
      new ObjectId("6564ae9e5701c8d2cc39e2a7"),
      new ObjectId("6564afa3660644d2e8a95630"),
      new ObjectId("6564b0be2467b8082f16f2eb"),
      new ObjectId("6564b19a660644d2e8a9563c"),
      new ObjectId("6564b1d58034b8298d9037ee"),
      new ObjectId("6564b2158034b8298d9037fa"),
      new ObjectId("6564b2c818e0290ba91a6235"),
      new ObjectId("6564b3062139366338427f12"),
      new ObjectId("6564b40d97cc6436c254bc71"),
      new ObjectId("6564b44197cc6436c254bc7d"),
      new ObjectId("6564b46f97cc6436c254bc89"),
      new ObjectId("6564b520808392c72e61f626"),
      new ObjectId("6565de3497cc6436c254bc99"),
      new ObjectId("6565de9a5ff39ccb4cf44283"),
      new ObjectId("6565df0b5ff39ccb4cf4428f"),
      new ObjectId("6565df241c1f17e00c83390b"),
      new ObjectId("6565dfb8929c765c2cb60c7c"),
      new ObjectId("656db150753ff2c2184594f7"),
      new ObjectId("656db1cd86b8784f17343302"),
      new ObjectId("656db35e537e5c17ffe74d56"),
      new ObjectId("65789ab2797e51490f7eaed4"),
      new ObjectId("65817e65ab35d4d8d6516240")
    ],
    __v: 0
  },
  role: {
    permissions: {
      workflows: 'none',
      users: 'none',
      forms: 'none',
      departments: 'none',
      applications: 'none',
      roles: 'none'
    },
    _id: new ObjectId("6528cf993ac77b89a5169ea6"),
    name: 'Principal',
    status: 'active',
    type: 'user',
    __v: 0
  },
  institution: {
    _id: new ObjectId("6527f1cf015f9b52c8b8167b"),
    name: 'J N Medical College',
    users: [],
    __v: 0
  }
}" (type Object) at path "_id" for model "User"
    at ObjectId.cast (E:\KAHER-Backend\node_modules\mongoose\lib\schema\objectid.js:250:11)
    at SchemaType.applySetters (E:\KAHER-Backend\node_modules\mongoose\lib\schematype.js:1219:12)
    at SchemaType.castForQuery (E:\KAHER-Backend\node_modules\mongoose\lib\schematype.js:1633:15)
    at cast (E:\KAHER-Backend\node_modules\mongoose\lib\cast.js:304:34)
    at Query.cast (E:\KAHER-Backend\node_modules\mongoose\lib\query.js:4909:12)
    at Query._castConditions (E:\KAHER-Backend\node_modules\mongoose\lib\query.js:2232:10)
    at model.Query._findOneAndUpdate (E:\KAHER-Backend\node_modules\mongoose\lib\query.js:3303:8)
    at model.Query.exec (E:\KAHER-Backend\node_modules\mongoose\lib\query.js:4429:28)
    at process.processTicksAndRejections (node:internal/process/task_queues:95:5)
    at async Object.addApplicationForPrincipal (E:\KAHER-Backend\lib\database\methods\user.js:433:24) {
  stringValue: '"{\n' +
    "  'department.id': {\n" +
    '    _id: new ObjectId("6527ecbb3ac77b89a5166210"),\n' +
    "    name: 'Principal Department',\n" +
    "    status: 'active',\n" +
    '    applications: [],\n' +
    '    users: [\n' +
    '      new ObjectId("6528d1341855c5b61655c880"),\n' +
    '      new ObjectId("6528d1941855c5b61655c888"),\n' +
    '      new ObjectId("6528d1b21855c5b61655c890"),\n' +
    '      new ObjectId("6528d1e51855c5b61655c898"),\n' +
    '      new ObjectId("6528d2021855c5b61655c8a0"),\n' +
    '      new ObjectId("6528d2271855c5b61655c8a8"),\n' +
    '      new ObjectId("6528d2491855c5b61655c8b0"),\n' +
    '      new ObjectId("6528d2631855c5b61655c8b8"),\n' +
    '      new ObjectId("6528d2b81855c5b61655c8c8"),\n' +
    '      new ObjectId("6528d2d31855c5b61655c8d0"),\n' +
    '      new ObjectId("6528d2f31855c5b61655c8d8"),\n' +
    '      new ObjectId("654a0e0feaca672b5bd72d98"),\n' +
    '      new ObjectId("654a0e7deaca672b5bd73028"),\n' +
    '      new ObjectId("654b3891eaca672b5bd75b18"),\n' +
    '      new ObjectId("6564934146f9c2f48293cce4"),\n' +
    '      new ObjectId("656493bb46f9c2f48293ccf0"),\n' +
    '      new ObjectId("6564a7b2b3a7fe94aec578a2"),\n' +
    '      new ObjectId("6564a7f1b3a7fe94aec578ae"),\n' +
    '      new ObjectId("6564abff5701c8d2cc39e29b"),\n' +
    '      new ObjectId("6564adb814a5f905d6860c77"),\n' +
    '      new ObjectId("6564ae9e5701c8d2cc39e2a7"),\n' +
    '      new ObjectId("6564afa3660644d2e8a95630"),\n' +
    '      new ObjectId("6564b0be2467b8082f16f2eb"),\n' +
    '      new ObjectId("6564b19a660644d2e8a9563c"),\n' +
    '      new ObjectId("6564b1d58034b8298d9037ee"),\n' +
    '      new ObjectId("6564b2158034b8298d9037fa"),\n' +
    '      new ObjectId("6564b2c818e0290ba91a6235"),\n' +
    '      new ObjectId("6564b3062139366338427f12"),\n' +
    '      new ObjectId("6564b40d97cc6436c254bc71"),\n' +
    '      new ObjectId("6564b44197cc6436c254bc7d"),\n' +
    '      new ObjectId("6564b46f97cc6436c254bc89"),\n' +
    '      new ObjectId("6564b520808392c72e61f626"),\n' +
    '      new ObjectId("6565de3497cc6436c254bc99"),\n' +
    '      new ObjectId("6565de9a5ff39ccb4cf44283"),\n' +
    '      new ObjectId("6565df0b5ff39ccb4cf4428f"),\n' +
    '      new ObjectId("6565df241c1f17e00c83390b"),\n' +
    '      new ObjectId("6565dfb8929c765c2cb60c7c"),\n' +
    '      new ObjectId("656db150753ff2c2184594f7"),\n' +
    '      new ObjectId("656db1cd86b8784f17343302"),\n' +
    '      new ObjectId("656db35e537e5c17ffe74d56"),\n' +
    '      new ObjectId("65789ab2797e51490f7eaed4"),\n' +
    '      new ObjectId("65817e65ab35d4d8d6516240")\n' +
    '    ],\n' +
    '    __v: 0\n' +
    '  },\n' +
    '  role: {\n' +
    '    permissions: {\n' +
    "      workflows: 'none',\n" +
    "      users: 'none',\n" +
    "      forms: 'none',\n" +
    "      departments: 'none',\n" +
    "      applications: 'none',\n" +
    "      roles: 'none'\n" +
    '    },\n' +
    '    _id: new ObjectId("6528cf993ac77b89a5169ea6"),\n' +
    "    name: 'Principal',\n" +
    "    status: 'active',\n" +
    "    type: 'user',\n" +
    '    __v: 0\n' +
    '  },\n' +
    '  institution: {\n' +
    '    _id: new ObjectId("6527f1cf015f9b52c8b8167b"),\n' +
    "    name: 'J N Medical College',\n" +
    '    users: [],\n' +
    '    __v: 0\n' +
    '  }\n' +
    '}"',
  messageFormat: undefined,
  kind: 'ObjectId',
  value: [Object],
  path: '_id',
  reason: BSONError: Argument passed in must be a string of 12 bytes or a string of 24 hex characters or an integer
      at new ObjectId (E:\KAHER-Backend\node_modules\bson\lib\bson.cjs:2055:23)
      at castObjectId (E:\KAHER-Backend\node_modules\mongoose\lib\cast\objectid.js:25:12)
      at ObjectId.cast (E:\KAHER-Backend\node_modules\mongoose\lib\schema\objectid.js:248:12)
      at SchemaType.applySetters (E:\KAHER-Backend\node_modules\mongoose\lib\schematype.js:1219:12)
      at SchemaType.castForQuery (E:\KAHER-Backend\node_modules\mongoose\lib\schematype.js:1633:15)
      at cast (E:\KAHER-Backend\node_modules\mongoose\lib\cast.js:304:34)
      at Query.cast (E:\KAHER-Backend\node_modules\mongoose\lib\query.js:4909:12)
      at Query._castConditions (E:\KAHER-Backend\node_modules\mongoose\lib\query.js:2232:10)
      at model.Query._findOneAndUpdate (E:\KAHER-Backend\node_modules\mongoose\lib\query.js:3303:8)
      at model.Query.exec (E:\KAHER-Backend\node_modules\mongoose\lib\query.js:4429:28),
  valueType: 'Object',
  model: Model { User }
}
[2024-02-01T09:50:08.064Z] error: Failed to create user details: Cast to ObjectId failed for value "{
  'department.id': {
    _id: new ObjectId("6527ecbb3ac77b89a5166210"),
    name: 'Principal Department',
    status: 'active',
    applications: [],
    users: [
      new ObjectId("6528d1341855c5b61655c880"),
      new ObjectId("6528d1941855c5b61655c888"),
      new ObjectId("6528d1b21855c5b61655c890"),
      new ObjectId("6528d1e51855c5b61655c898"),
      new ObjectId("6528d2021855c5b61655c8a0"),
      new ObjectId("6528d2271855c5b61655c8a8"),
      new ObjectId("6528d2491855c5b61655c8b0"),
      new ObjectId("6528d2631855c5b61655c8b8"),
      new ObjectId("6528d2b81855c5b61655c8c8"),
      new ObjectId("6528d2d31855c5b61655c8d0"),
      new ObjectId("6528d2f31855c5b61655c8d8"),
      new ObjectId("654a0e0feaca672b5bd72d98"),
      new ObjectId("654a0e7deaca672b5bd73028"),
      new ObjectId("654b3891eaca672b5bd75b18"),
      new ObjectId("6564934146f9c2f48293cce4"),
      new ObjectId("656493bb46f9c2f48293ccf0"),
      new ObjectId("6564a7b2b3a7fe94aec578a2"),
      new ObjectId("6564a7f1b3a7fe94aec578ae"),
      new ObjectId("6564abff5701c8d2cc39e29b"),
      new ObjectId("6564adb814a5f905d6860c77"),
      new ObjectId("6564ae9e5701c8d2cc39e2a7"),
      new ObjectId("6564afa3660644d2e8a95630"),
      new ObjectId("6564b0be2467b8082f16f2eb"),
      new ObjectId("6564b19a660644d2e8a9563c"),
      new ObjectId("6564b1d58034b8298d9037ee"),
      new ObjectId("6564b2158034b8298d9037fa"),
      new ObjectId("6564b2c818e0290ba91a6235"),
      new ObjectId("6564b3062139366338427f12"),
      new ObjectId("6564b40d97cc6436c254bc71"),
      new ObjectId("6564b44197cc6436c254bc7d"),
      new ObjectId("6564b46f97cc6436c254bc89"),
      new ObjectId("6564b520808392c72e61f626"),
      new ObjectId("6565de3497cc6436c254bc99"),
      new ObjectId("6565de9a5ff39ccb4cf44283"),
      new ObjectId("6565df0b5ff39ccb4cf4428f"),
      new ObjectId("6565df241c1f17e00c83390b"),
      new ObjectId("6565dfb8929c765c2cb60c7c"),
      new ObjectId("656db150753ff2c2184594f7"),
      new ObjectId("656db1cd86b8784f17343302"),
      new ObjectId("656db35e537e5c17ffe74d56"),
      new ObjectId("65789ab2797e51490f7eaed4"),
      new ObjectId("65817e65ab35d4d8d6516240")
    ],
    __v: 0
  },
  role: {
    permissions: {
      workflows: 'none',
      users: 'none',
      forms: 'none',
      departments: 'none',
      applications: 'none',
      roles: 'none'
    },
    _id: new ObjectId("6528cf993ac77b89a5169ea6"),
    name: 'Principal',
    status: 'active',
    type: 'user',
    __v: 0
  },
  institution: {
    _id: new ObjectId("6527f1cf015f9b52c8b8167b"),
    name: 'J N Medical College',
    users: [],
    __v: 0
  }
}" (type Object) at path "_id" for model "User" CastError: Cast to ObjectId failed for value "{
  'department.id': {
    _id: new ObjectId("6527ecbb3ac77b89a5166210"),
    name: 'Principal Department',
    status: 'active',
    applications: [],
    users: [
      new ObjectId("6528d1341855c5b61655c880"),
      new ObjectId("6528d1941855c5b61655c888"),
      new ObjectId("6528d1b21855c5b61655c890"),
      new ObjectId("6528d1e51855c5b61655c898"),
      new ObjectId("6528d2021855c5b61655c8a0"),
      new ObjectId("6528d2271855c5b61655c8a8"),
      new ObjectId("6528d2491855c5b61655c8b0"),
      new ObjectId("6528d2631855c5b61655c8b8"),
      new ObjectId("6528d2b81855c5b61655c8c8"),
      new ObjectId("6528d2d31855c5b61655c8d0"),
      new ObjectId("6528d2f31855c5b61655c8d8"),
      new ObjectId("654a0e0feaca672b5bd72d98"),
      new ObjectId("654a0e7deaca672b5bd73028"),
      new ObjectId("654b3891eaca672b5bd75b18"),
      new ObjectId("6564934146f9c2f48293cce4"),
      new ObjectId("656493bb46f9c2f48293ccf0"),
      new ObjectId("6564a7b2b3a7fe94aec578a2"),
      new ObjectId("6564a7f1b3a7fe94aec578ae"),
      new ObjectId("6564abff5701c8d2cc39e29b"),
      new ObjectId("6564adb814a5f905d6860c77"),
      new ObjectId("6564ae9e5701c8d2cc39e2a7"),
      new ObjectId("6564afa3660644d2e8a95630"),
      new ObjectId("6564b0be2467b8082f16f2eb"),
      new ObjectId("6564b19a660644d2e8a9563c"),
      new ObjectId("6564b1d58034b8298d9037ee"),
      new ObjectId("6564b2158034b8298d9037fa"),
      new ObjectId("6564b2c818e0290ba91a6235"),
      new ObjectId("6564b3062139366338427f12"),
      new ObjectId("6564b40d97cc6436c254bc71"),
      new ObjectId("6564b44197cc6436c254bc7d"),
      new ObjectId("6564b46f97cc6436c254bc89"),
      new ObjectId("6564b520808392c72e61f626"),
      new ObjectId("6565de3497cc6436c254bc99"),
      new ObjectId("6565de9a5ff39ccb4cf44283"),
      new ObjectId("6565df0b5ff39ccb4cf4428f"),
      new ObjectId("6565df241c1f17e00c83390b"),
      new ObjectId("6565dfb8929c765c2cb60c7c"),
      new ObjectId("656db150753ff2c2184594f7"),
      new ObjectId("656db1cd86b8784f17343302"),
      new ObjectId("656db35e537e5c17ffe74d56"),
      new ObjectId("65789ab2797e51490f7eaed4"),
      new ObjectId("65817e65ab35d4d8d6516240")
    ],
    __v: 0
  },
  role: {
    permissions: {
      workflows: 'none',
      users: 'none',
      forms: 'none',
      departments: 'none',
      applications: 'none',
      roles: 'none'
    },
    _id: new ObjectId("6528cf993ac77b89a5169ea6"),
    name: 'Principal',
    status: 'active',
    type: 'user',
    __v: 0
  },
  institution: {
    _id: new ObjectId("6527f1cf015f9b52c8b8167b"),
    name: 'J N Medical College',
    users: [],
    __v: 0
  }
}" (type Object) at path "_id" for model "User"
    at ObjectId.cast (E:\KAHER-Backend\node_modules\mongoose\lib\schema\objectid.js:250:11)
    at SchemaType.applySetters (E:\KAHER-Backend\node_modules\mongoose\lib\schematype.js:1219:12)
    at SchemaType.castForQuery (E:\KAHER-Backend\node_modules\mongoose\lib\schematype.js:1633:15)
    at cast (E:\KAHER-Backend\node_modules\mongoose\lib\cast.js:304:34)
    at Query.cast (E:\KAHER-Backend\node_modules\mongoose\lib\query.js:4909:12)
    at Query._castConditions (E:\KAHER-Backend\node_modules\mongoose\lib\query.js:2232:10)
    at model.Query._findOneAndUpdate (E:\KAHER-Backend\node_modules\mongoose\lib\query.js:3303:8)
    at model.Query.exec (E:\KAHER-Backend\node_modules\mongoose\lib\query.js:4429:28)
    at process.processTicksAndRejections (node:internal/process/task_queues:95:5)
    at async Object.addApplicationForPrincipal (E:\KAHER-Backend\lib\database\methods\user.js:433:24) {
  stringValue: '"{\n' +
    "  'department.id': {\n" +
    '    _id: new ObjectId("6527ecbb3ac77b89a5166210"),\n' +
    "    name: 'Principal Department',\n" +
    "    status: 'active',\n" +
    '    applications: [],\n' +
    '    users: [\n' +
    '      new ObjectId("6528d1341855c5b61655c880"),\n' +
    '      new ObjectId("6528d1941855c5b61655c888"),\n' +
    '      new ObjectId("6528d1b21855c5b61655c890"),\n' +
    '      new ObjectId("6528d1e51855c5b61655c898"),\n' +
    '      new ObjectId("6528d2021855c5b61655c8a0"),\n' +
    '      new ObjectId("6528d2271855c5b61655c8a8"),\n' +
    '      new ObjectId("6528d2491855c5b61655c8b0"),\n' +
    '      new ObjectId("6528d2631855c5b61655c8b8"),\n' +
    '      new ObjectId("6528d2b81855c5b61655c8c8"),\n' +
    '      new ObjectId("6528d2d31855c5b61655c8d0"),\n' +
    '      new ObjectId("6528d2f31855c5b61655c8d8"),\n' +
    '      new ObjectId("654a0e0feaca672b5bd72d98"),\n' +
    '      new ObjectId("654a0e7deaca672b5bd73028"),\n' +
    '      new ObjectId("654b3891eaca672b5bd75b18"),\n' +
    '      new ObjectId("6564934146f9c2f48293cce4"),\n' +
    '      new ObjectId("656493bb46f9c2f48293ccf0"),\n' +
    '      new ObjectId("6564a7b2b3a7fe94aec578a2"),\n' +
    '      new ObjectId("6564a7f1b3a7fe94aec578ae"),\n' +
    '      new ObjectId("6564abff5701c8d2cc39e29b"),\n' +
    '      new ObjectId("6564adb814a5f905d6860c77"),\n' +
    '      new ObjectId("6564ae9e5701c8d2cc39e2a7"),\n' +
    '      new ObjectId("6564afa3660644d2e8a95630"),\n' +
    '      new ObjectId("6564b0be2467b8082f16f2eb"),\n' +
    '      new ObjectId("6564b19a660644d2e8a9563c"),\n' +
    '      new ObjectId("6564b1d58034b8298d9037ee"),\n' +
    '      new ObjectId("6564b2158034b8298d9037fa"),\n' +
    '      new ObjectId("6564b2c818e0290ba91a6235"),\n' +
    '      new ObjectId("6564b3062139366338427f12"),\n' +
    '      new ObjectId("6564b40d97cc6436c254bc71"),\n' +
    '      new ObjectId("6564b44197cc6436c254bc7d"),\n' +
    '      new ObjectId("6564b46f97cc6436c254bc89"),\n' +
    '      new ObjectId("6564b520808392c72e61f626"),\n' +
    '      new ObjectId("6565de3497cc6436c254bc99"),\n' +
    '      new ObjectId("6565de9a5ff39ccb4cf44283"),\n' +
    '      new ObjectId("6565df0b5ff39ccb4cf4428f"),\n' +
    '      new ObjectId("6565df241c1f17e00c83390b"),\n' +
    '      new ObjectId("6565dfb8929c765c2cb60c7c"),\n' +
    '      new ObjectId("656db150753ff2c2184594f7"),\n' +
    '      new ObjectId("656db1cd86b8784f17343302"),\n' +
    '      new ObjectId("656db35e537e5c17ffe74d56"),\n' +
    '      new ObjectId("65789ab2797e51490f7eaed4"),\n' +
    '      new ObjectId("65817e65ab35d4d8d6516240")\n' +
    '    ],\n' +
    '    __v: 0\n' +
    '  },\n' +
    '  role: {\n' +
    '    permissions: {\n' +
    "      workflows: 'none',\n" +
    "      users: 'none',\n" +
    "      forms: 'none',\n" +
    "      departments: 'none',\n" +
    "      applications: 'none',\n" +
    "      roles: 'none'\n" +
    '    },\n' +
    '    _id: new ObjectId("6528cf993ac77b89a5169ea6"),\n' +
    "    name: 'Principal',\n" +
    "    status: 'active',\n" +
    "    type: 'user',\n" +
    '    __v: 0\n' +
    '  },\n' +
    '  institution: {\n' +
    '    _id: new ObjectId("6527f1cf015f9b52c8b8167b"),\n' +
    "    name: 'J N Medical College',\n" +
    '    users: [],\n' +
    '    __v: 0\n' +
    '  }\n' +
    '}"',
  messageFormat: undefined,
  kind: 'ObjectId',
  value: [Object],
  path: '_id',
  reason: BSONError: Argument passed in must be a string of 12 bytes or a string of 24 hex characters or an integer
      at new ObjectId (E:\KAHER-Backend\node_modules\bson\lib\bson.cjs:2055:23)
      at castObjectId (E:\KAHER-Backend\node_modules\mongoose\lib\cast\objectid.js:25:12)
      at ObjectId.cast (E:\KAHER-Backend\node_modules\mongoose\lib\schema\objectid.js:248:12)
      at SchemaType.applySetters (E:\KAHER-Backend\node_modules\mongoose\lib\schematype.js:1219:12)
      at SchemaType.castForQuery (E:\KAHER-Backend\node_modules\mongoose\lib\schematype.js:1633:15)
      at cast (E:\KAHER-Backend\node_modules\mongoose\lib\cast.js:304:34)
      at Query.cast (E:\KAHER-Backend\node_modules\mongoose\lib\query.js:4909:12)
      at Query._castConditions (E:\KAHER-Backend\node_modules\mongoose\lib\query.js:2232:10)
      at model.Query._findOneAndUpdate (E:\KAHER-Backend\node_modules\mongoose\lib\query.js:3303:8)
      at model.Query.exec (E:\KAHER-Backend\node_modules\mongoose\lib\query.js:4429:28),
  valueType: 'Object',
  model: Model { User }
}
[2024-02-01T09:50:08.099Z] error: Failed to signup: Error: Please find the Contact Details for support - Contact - It Section, Email - itsection@kledeemeduniversity.edu.in, Contact Number - 244404378/77
    at Object.addApplicationForPrincipal (E:\KAHER-Backend\lib\database\methods\user.js:456:15)
    at process.processTicksAndRejections (node:internal/process/task_queues:95:5)
    at async Object.execute (E:\KAHER-Backend\use-cases\application\submit-application.js:96:28)
    at async exports.submitApplications (E:\KAHER-Backend\controllers\application.controller.js:229:20)
[2024-02-01T09:50:08.099Z] error: Failed to signup: Error: Please find the Contact Details for support - Contact - It Section, Email - itsection@kledeemeduniversity.edu.in, Contact Number - 244404378/77
    at Object.addApplicationForPrincipal (E:\KAHER-Backend\lib\database\methods\user.js:456:15)
    at process.processTicksAndRejections (node:internal/process/task_queues:95:5)
    at async Object.execute (E:\KAHER-Backend\use-cases\application\submit-application.js:96:28)
    at async exports.submitApplications (E:\KAHER-Backend\controllers\application.controller.js:229:20)
[2024-02-01T09:51:02.413Z] info: Connecting to database: DEVELOPMENT
[2024-02-01T09:51:05.670Z] error: Failed to create user details: Cast to ObjectId failed for value "{
  'department.id': new ObjectId("6527ecbb3ac77b89a5166210"),
  role: new ObjectId("6528cf993ac77b89a5169ea6"),
  institution: {
    _id: new ObjectId("6527f1cf015f9b52c8b8167b"),
    name: 'J N Medical College',
    users: [],
    __v: 0
  }
}" (type Object) at path "_id" for model "User" CastError: Cast to ObjectId failed for value "{
  'department.id': new ObjectId("6527ecbb3ac77b89a5166210"),
  role: new ObjectId("6528cf993ac77b89a5169ea6"),
  institution: {
    _id: new ObjectId("6527f1cf015f9b52c8b8167b"),
    name: 'J N Medical College',
    users: [],
    __v: 0
  }
}" (type Object) at path "_id" for model "User"
    at ObjectId.cast (E:\KAHER-Backend\node_modules\mongoose\lib\schema\objectid.js:250:11)
    at SchemaType.applySetters (E:\KAHER-Backend\node_modules\mongoose\lib\schematype.js:1219:12)
    at SchemaType.castForQuery (E:\KAHER-Backend\node_modules\mongoose\lib\schematype.js:1633:15)
    at cast (E:\KAHER-Backend\node_modules\mongoose\lib\cast.js:304:34)
    at Query.cast (E:\KAHER-Backend\node_modules\mongoose\lib\query.js:4909:12)
    at Query._castConditions (E:\KAHER-Backend\node_modules\mongoose\lib\query.js:2232:10)
    at model.Query._findOneAndUpdate (E:\KAHER-Backend\node_modules\mongoose\lib\query.js:3303:8)
    at model.Query.exec (E:\KAHER-Backend\node_modules\mongoose\lib\query.js:4429:28)
    at process.processTicksAndRejections (node:internal/process/task_queues:95:5)
    at async Object.addApplicationForPrincipal (E:\KAHER-Backend\lib\database\methods\user.js:433:24) {
  stringValue: '"{\n' +
    `  'department.id': new ObjectId("6527ecbb3ac77b89a5166210"),\n` +
    '  role: new ObjectId("6528cf993ac77b89a5169ea6"),\n' +
    '  institution: {\n' +
    '    _id: new ObjectId("6527f1cf015f9b52c8b8167b"),\n' +
    "    name: 'J N Medical College',\n" +
    '    users: [],\n' +
    '    __v: 0\n' +
    '  }\n' +
    '}"',
  messageFormat: undefined,
  kind: 'ObjectId',
  value: [Object],
  path: '_id',
  reason: BSONError: Argument passed in must be a string of 12 bytes or a string of 24 hex characters or an integer
      at new ObjectId (E:\KAHER-Backend\node_modules\bson\lib\bson.cjs:2055:23)
      at castObjectId (E:\KAHER-Backend\node_modules\mongoose\lib\cast\objectid.js:25:12)
      at ObjectId.cast (E:\KAHER-Backend\node_modules\mongoose\lib\schema\objectid.js:248:12)
      at SchemaType.applySetters (E:\KAHER-Backend\node_modules\mongoose\lib\schematype.js:1219:12)
      at SchemaType.castForQuery (E:\KAHER-Backend\node_modules\mongoose\lib\schematype.js:1633:15)
      at cast (E:\KAHER-Backend\node_modules\mongoose\lib\cast.js:304:34)
      at Query.cast (E:\KAHER-Backend\node_modules\mongoose\lib\query.js:4909:12)
      at Query._castConditions (E:\KAHER-Backend\node_modules\mongoose\lib\query.js:2232:10)
      at model.Query._findOneAndUpdate (E:\KAHER-Backend\node_modules\mongoose\lib\query.js:3303:8)
      at model.Query.exec (E:\KAHER-Backend\node_modules\mongoose\lib\query.js:4429:28),
  valueType: 'Object',
  model: Model { User }
}
[2024-02-01T09:51:05.670Z] error: Failed to create user details: Cast to ObjectId failed for value "{
  'department.id': new ObjectId("6527ecbb3ac77b89a5166210"),
  role: new ObjectId("6528cf993ac77b89a5169ea6"),
  institution: {
    _id: new ObjectId("6527f1cf015f9b52c8b8167b"),
    name: 'J N Medical College',
    users: [],
    __v: 0
  }
}" (type Object) at path "_id" for model "User" CastError: Cast to ObjectId failed for value "{
  'department.id': new ObjectId("6527ecbb3ac77b89a5166210"),
  role: new ObjectId("6528cf993ac77b89a5169ea6"),
  institution: {
    _id: new ObjectId("6527f1cf015f9b52c8b8167b"),
    name: 'J N Medical College',
    users: [],
    __v: 0
  }
}" (type Object) at path "_id" for model "User"
    at ObjectId.cast (E:\KAHER-Backend\node_modules\mongoose\lib\schema\objectid.js:250:11)
    at SchemaType.applySetters (E:\KAHER-Backend\node_modules\mongoose\lib\schematype.js:1219:12)
    at SchemaType.castForQuery (E:\KAHER-Backend\node_modules\mongoose\lib\schematype.js:1633:15)
    at cast (E:\KAHER-Backend\node_modules\mongoose\lib\cast.js:304:34)
    at Query.cast (E:\KAHER-Backend\node_modules\mongoose\lib\query.js:4909:12)
    at Query._castConditions (E:\KAHER-Backend\node_modules\mongoose\lib\query.js:2232:10)
    at model.Query._findOneAndUpdate (E:\KAHER-Backend\node_modules\mongoose\lib\query.js:3303:8)
    at model.Query.exec (E:\KAHER-Backend\node_modules\mongoose\lib\query.js:4429:28)
    at process.processTicksAndRejections (node:internal/process/task_queues:95:5)
    at async Object.addApplicationForPrincipal (E:\KAHER-Backend\lib\database\methods\user.js:433:24) {
  stringValue: '"{\n' +
    `  'department.id': new ObjectId("6527ecbb3ac77b89a5166210"),\n` +
    '  role: new ObjectId("6528cf993ac77b89a5169ea6"),\n' +
    '  institution: {\n' +
    '    _id: new ObjectId("6527f1cf015f9b52c8b8167b"),\n' +
    "    name: 'J N Medical College',\n" +
    '    users: [],\n' +
    '    __v: 0\n' +
    '  }\n' +
    '}"',
  messageFormat: undefined,
  kind: 'ObjectId',
  value: [Object],
  path: '_id',
  reason: BSONError: Argument passed in must be a string of 12 bytes or a string of 24 hex characters or an integer
      at new ObjectId (E:\KAHER-Backend\node_modules\bson\lib\bson.cjs:2055:23)
      at castObjectId (E:\KAHER-Backend\node_modules\mongoose\lib\cast\objectid.js:25:12)
      at ObjectId.cast (E:\KAHER-Backend\node_modules\mongoose\lib\schema\objectid.js:248:12)
      at SchemaType.applySetters (E:\KAHER-Backend\node_modules\mongoose\lib\schematype.js:1219:12)
      at SchemaType.castForQuery (E:\KAHER-Backend\node_modules\mongoose\lib\schematype.js:1633:15)
      at cast (E:\KAHER-Backend\node_modules\mongoose\lib\cast.js:304:34)
      at Query.cast (E:\KAHER-Backend\node_modules\mongoose\lib\query.js:4909:12)
      at Query._castConditions (E:\KAHER-Backend\node_modules\mongoose\lib\query.js:2232:10)
      at model.Query._findOneAndUpdate (E:\KAHER-Backend\node_modules\mongoose\lib\query.js:3303:8)
      at model.Query.exec (E:\KAHER-Backend\node_modules\mongoose\lib\query.js:4429:28),
  valueType: 'Object',
  model: Model { User }
}
[2024-02-01T09:51:05.679Z] error: Failed to signup: Error: Please find the Contact Details for support - Contact - It Section, Email - itsection@kledeemeduniversity.edu.in, Contact Number - 244404378/77
    at Object.addApplicationForPrincipal (E:\KAHER-Backend\lib\database\methods\user.js:456:15)
    at process.processTicksAndRejections (node:internal/process/task_queues:95:5)
    at async Object.execute (E:\KAHER-Backend\use-cases\application\submit-application.js:96:28)
    at async exports.submitApplications (E:\KAHER-Backend\controllers\application.controller.js:229:20)
[2024-02-01T09:51:05.679Z] error: Failed to signup: Error: Please find the Contact Details for support - Contact - It Section, Email - itsection@kledeemeduniversity.edu.in, Contact Number - 244404378/77
    at Object.addApplicationForPrincipal (E:\KAHER-Backend\lib\database\methods\user.js:456:15)
    at process.processTicksAndRejections (node:internal/process/task_queues:95:5)
    at async Object.execute (E:\KAHER-Backend\use-cases\application\submit-application.js:96:28)
    at async exports.submitApplications (E:\KAHER-Backend\controllers\application.controller.js:229:20)
[2024-02-01T09:51:19.888Z] info: Connecting to database: DEVELOPMENT
[2024-02-01T09:51:28.593Z] error: Failed to create user details: Cast to ObjectId failed for value "{
  'department.id': new ObjectId("6527ecbb3ac77b89a5166210"),
  role: new ObjectId("6528cf993ac77b89a5169ea6"),
  institution: new ObjectId("6527f1cf015f9b52c8b8167b")
}" (type Object) at path "_id" for model "User" CastError: Cast to ObjectId failed for value "{
  'department.id': new ObjectId("6527ecbb3ac77b89a5166210"),
  role: new ObjectId("6528cf993ac77b89a5169ea6"),
  institution: new ObjectId("6527f1cf015f9b52c8b8167b")
}" (type Object) at path "_id" for model "User"
    at ObjectId.cast (E:\KAHER-Backend\node_modules\mongoose\lib\schema\objectid.js:250:11)
    at SchemaType.applySetters (E:\KAHER-Backend\node_modules\mongoose\lib\schematype.js:1219:12)
    at SchemaType.castForQuery (E:\KAHER-Backend\node_modules\mongoose\lib\schematype.js:1633:15)
    at cast (E:\KAHER-Backend\node_modules\mongoose\lib\cast.js:304:34)
    at Query.cast (E:\KAHER-Backend\node_modules\mongoose\lib\query.js:4909:12)
    at Query._castConditions (E:\KAHER-Backend\node_modules\mongoose\lib\query.js:2232:10)
    at model.Query._findOneAndUpdate (E:\KAHER-Backend\node_modules\mongoose\lib\query.js:3303:8)
    at model.Query.exec (E:\KAHER-Backend\node_modules\mongoose\lib\query.js:4429:28)
    at process.processTicksAndRejections (node:internal/process/task_queues:95:5)
    at async Object.addApplicationForPrincipal (E:\KAHER-Backend\lib\database\methods\user.js:433:24) {
  stringValue: '"{\n' +
    `  'department.id': new ObjectId("6527ecbb3ac77b89a5166210"),\n` +
    '  role: new ObjectId("6528cf993ac77b89a5169ea6"),\n' +
    '  institution: new ObjectId("6527f1cf015f9b52c8b8167b")\n' +
    '}"',
  messageFormat: undefined,
  kind: 'ObjectId',
  value: [Object],
  path: '_id',
  reason: BSONError: Argument passed in must be a string of 12 bytes or a string of 24 hex characters or an integer
      at new ObjectId (E:\KAHER-Backend\node_modules\bson\lib\bson.cjs:2055:23)
      at castObjectId (E:\KAHER-Backend\node_modules\mongoose\lib\cast\objectid.js:25:12)
      at ObjectId.cast (E:\KAHER-Backend\node_modules\mongoose\lib\schema\objectid.js:248:12)
      at SchemaType.applySetters (E:\KAHER-Backend\node_modules\mongoose\lib\schematype.js:1219:12)
      at SchemaType.castForQuery (E:\KAHER-Backend\node_modules\mongoose\lib\schematype.js:1633:15)
      at cast (E:\KAHER-Backend\node_modules\mongoose\lib\cast.js:304:34)
      at Query.cast (E:\KAHER-Backend\node_modules\mongoose\lib\query.js:4909:12)
      at Query._castConditions (E:\KAHER-Backend\node_modules\mongoose\lib\query.js:2232:10)
      at model.Query._findOneAndUpdate (E:\KAHER-Backend\node_modules\mongoose\lib\query.js:3303:8)
      at model.Query.exec (E:\KAHER-Backend\node_modules\mongoose\lib\query.js:4429:28),
  valueType: 'Object',
  model: Model { User }
}
[2024-02-01T09:51:28.593Z] error: Failed to create user details: Cast to ObjectId failed for value "{
  'department.id': new ObjectId("6527ecbb3ac77b89a5166210"),
  role: new ObjectId("6528cf993ac77b89a5169ea6"),
  institution: new ObjectId("6527f1cf015f9b52c8b8167b")
}" (type Object) at path "_id" for model "User" CastError: Cast to ObjectId failed for value "{
  'department.id': new ObjectId("6527ecbb3ac77b89a5166210"),
  role: new ObjectId("6528cf993ac77b89a5169ea6"),
  institution: new ObjectId("6527f1cf015f9b52c8b8167b")
}" (type Object) at path "_id" for model "User"
    at ObjectId.cast (E:\KAHER-Backend\node_modules\mongoose\lib\schema\objectid.js:250:11)
    at SchemaType.applySetters (E:\KAHER-Backend\node_modules\mongoose\lib\schematype.js:1219:12)
    at SchemaType.castForQuery (E:\KAHER-Backend\node_modules\mongoose\lib\schematype.js:1633:15)
    at cast (E:\KAHER-Backend\node_modules\mongoose\lib\cast.js:304:34)
    at Query.cast (E:\KAHER-Backend\node_modules\mongoose\lib\query.js:4909:12)
    at Query._castConditions (E:\KAHER-Backend\node_modules\mongoose\lib\query.js:2232:10)
    at model.Query._findOneAndUpdate (E:\KAHER-Backend\node_modules\mongoose\lib\query.js:3303:8)
    at model.Query.exec (E:\KAHER-Backend\node_modules\mongoose\lib\query.js:4429:28)
    at process.processTicksAndRejections (node:internal/process/task_queues:95:5)
    at async Object.addApplicationForPrincipal (E:\KAHER-Backend\lib\database\methods\user.js:433:24) {
  stringValue: '"{\n' +
    `  'department.id': new ObjectId("6527ecbb3ac77b89a5166210"),\n` +
    '  role: new ObjectId("6528cf993ac77b89a5169ea6"),\n' +
    '  institution: new ObjectId("6527f1cf015f9b52c8b8167b")\n' +
    '}"',
  messageFormat: undefined,
  kind: 'ObjectId',
  value: [Object],
  path: '_id',
  reason: BSONError: Argument passed in must be a string of 12 bytes or a string of 24 hex characters or an integer
      at new ObjectId (E:\KAHER-Backend\node_modules\bson\lib\bson.cjs:2055:23)
      at castObjectId (E:\KAHER-Backend\node_modules\mongoose\lib\cast\objectid.js:25:12)
      at ObjectId.cast (E:\KAHER-Backend\node_modules\mongoose\lib\schema\objectid.js:248:12)
      at SchemaType.applySetters (E:\KAHER-Backend\node_modules\mongoose\lib\schematype.js:1219:12)
      at SchemaType.castForQuery (E:\KAHER-Backend\node_modules\mongoose\lib\schematype.js:1633:15)
      at cast (E:\KAHER-Backend\node_modules\mongoose\lib\cast.js:304:34)
      at Query.cast (E:\KAHER-Backend\node_modules\mongoose\lib\query.js:4909:12)
      at Query._castConditions (E:\KAHER-Backend\node_modules\mongoose\lib\query.js:2232:10)
      at model.Query._findOneAndUpdate (E:\KAHER-Backend\node_modules\mongoose\lib\query.js:3303:8)
      at model.Query.exec (E:\KAHER-Backend\node_modules\mongoose\lib\query.js:4429:28),
  valueType: 'Object',
  model: Model { User }
}
[2024-02-01T09:51:28.603Z] error: Failed to signup: Error: Please find the Contact Details for support - Contact - It Section, Email - itsection@kledeemeduniversity.edu.in, Contact Number - 244404378/77
    at Object.addApplicationForPrincipal (E:\KAHER-Backend\lib\database\methods\user.js:456:15)
    at process.processTicksAndRejections (node:internal/process/task_queues:95:5)
    at async Object.execute (E:\KAHER-Backend\use-cases\application\submit-application.js:96:28)
    at async exports.submitApplications (E:\KAHER-Backend\controllers\application.controller.js:229:20)
[2024-02-01T09:51:28.603Z] error: Failed to signup: Error: Please find the Contact Details for support - Contact - It Section, Email - itsection@kledeemeduniversity.edu.in, Contact Number - 244404378/77
    at Object.addApplicationForPrincipal (E:\KAHER-Backend\lib\database\methods\user.js:456:15)
    at process.processTicksAndRejections (node:internal/process/task_queues:95:5)
    at async Object.execute (E:\KAHER-Backend\use-cases\application\submit-application.js:96:28)
    at async exports.submitApplications (E:\KAHER-Backend\controllers\application.controller.js:229:20)
[2024-02-01T09:52:11.454Z] info: Connecting to database: DEVELOPMENT
[2024-02-01T09:52:16.171Z] error: Failed to create user details: Cast to ObjectId failed for value "{
  'department.id': '6527ecbb3ac77b89a5166210',
  role: new ObjectId("6528cf993ac77b89a5169ea6"),
  institution: new ObjectId("6527f1cf015f9b52c8b8167b")
}" (type Object) at path "_id" for model "User" CastError: Cast to ObjectId failed for value "{
  'department.id': '6527ecbb3ac77b89a5166210',
  role: new ObjectId("6528cf993ac77b89a5169ea6"),
  institution: new ObjectId("6527f1cf015f9b52c8b8167b")
}" (type Object) at path "_id" for model "User"
    at ObjectId.cast (E:\KAHER-Backend\node_modules\mongoose\lib\schema\objectid.js:250:11)
    at SchemaType.applySetters (E:\KAHER-Backend\node_modules\mongoose\lib\schematype.js:1219:12)
    at SchemaType.castForQuery (E:\KAHER-Backend\node_modules\mongoose\lib\schematype.js:1633:15)
    at cast (E:\KAHER-Backend\node_modules\mongoose\lib\cast.js:304:34)
    at Query.cast (E:\KAHER-Backend\node_modules\mongoose\lib\query.js:4909:12)
    at Query._castConditions (E:\KAHER-Backend\node_modules\mongoose\lib\query.js:2232:10)
    at model.Query._findOneAndUpdate (E:\KAHER-Backend\node_modules\mongoose\lib\query.js:3303:8)
    at model.Query.exec (E:\KAHER-Backend\node_modules\mongoose\lib\query.js:4429:28)
    at process.processTicksAndRejections (node:internal/process/task_queues:95:5)
    at async Object.addApplicationForPrincipal (E:\KAHER-Backend\lib\database\methods\user.js:433:24) {
  stringValue: '"{\n' +
    "  'department.id': '6527ecbb3ac77b89a5166210',\n" +
    '  role: new ObjectId("6528cf993ac77b89a5169ea6"),\n' +
    '  institution: new ObjectId("6527f1cf015f9b52c8b8167b")\n' +
    '}"',
  messageFormat: undefined,
  kind: 'ObjectId',
  value: [Object],
  path: '_id',
  reason: BSONError: Argument passed in must be a string of 12 bytes or a string of 24 hex characters or an integer
      at new ObjectId (E:\KAHER-Backend\node_modules\bson\lib\bson.cjs:2055:23)
      at castObjectId (E:\KAHER-Backend\node_modules\mongoose\lib\cast\objectid.js:25:12)
      at ObjectId.cast (E:\KAHER-Backend\node_modules\mongoose\lib\schema\objectid.js:248:12)
      at SchemaType.applySetters (E:\KAHER-Backend\node_modules\mongoose\lib\schematype.js:1219:12)
      at SchemaType.castForQuery (E:\KAHER-Backend\node_modules\mongoose\lib\schematype.js:1633:15)
      at cast (E:\KAHER-Backend\node_modules\mongoose\lib\cast.js:304:34)
      at Query.cast (E:\KAHER-Backend\node_modules\mongoose\lib\query.js:4909:12)
      at Query._castConditions (E:\KAHER-Backend\node_modules\mongoose\lib\query.js:2232:10)
      at model.Query._findOneAndUpdate (E:\KAHER-Backend\node_modules\mongoose\lib\query.js:3303:8)
      at model.Query.exec (E:\KAHER-Backend\node_modules\mongoose\lib\query.js:4429:28),
  valueType: 'Object',
  model: Model { User }
}
[2024-02-01T09:52:16.171Z] error: Failed to create user details: Cast to ObjectId failed for value "{
  'department.id': '6527ecbb3ac77b89a5166210',
  role: new ObjectId("6528cf993ac77b89a5169ea6"),
  institution: new ObjectId("6527f1cf015f9b52c8b8167b")
}" (type Object) at path "_id" for model "User" CastError: Cast to ObjectId failed for value "{
  'department.id': '6527ecbb3ac77b89a5166210',
  role: new ObjectId("6528cf993ac77b89a5169ea6"),
  institution: new ObjectId("6527f1cf015f9b52c8b8167b")
}" (type Object) at path "_id" for model "User"
    at ObjectId.cast (E:\KAHER-Backend\node_modules\mongoose\lib\schema\objectid.js:250:11)
    at SchemaType.applySetters (E:\KAHER-Backend\node_modules\mongoose\lib\schematype.js:1219:12)
    at SchemaType.castForQuery (E:\KAHER-Backend\node_modules\mongoose\lib\schematype.js:1633:15)
    at cast (E:\KAHER-Backend\node_modules\mongoose\lib\cast.js:304:34)
    at Query.cast (E:\KAHER-Backend\node_modules\mongoose\lib\query.js:4909:12)
    at Query._castConditions (E:\KAHER-Backend\node_modules\mongoose\lib\query.js:2232:10)
    at model.Query._findOneAndUpdate (E:\KAHER-Backend\node_modules\mongoose\lib\query.js:3303:8)
    at model.Query.exec (E:\KAHER-Backend\node_modules\mongoose\lib\query.js:4429:28)
    at process.processTicksAndRejections (node:internal/process/task_queues:95:5)
    at async Object.addApplicationForPrincipal (E:\KAHER-Backend\lib\database\methods\user.js:433:24) {
  stringValue: '"{\n' +
    "  'department.id': '6527ecbb3ac77b89a5166210',\n" +
    '  role: new ObjectId("6528cf993ac77b89a5169ea6"),\n' +
    '  institution: new ObjectId("6527f1cf015f9b52c8b8167b")\n' +
    '}"',
  messageFormat: undefined,
  kind: 'ObjectId',
  value: [Object],
  path: '_id',
  reason: BSONError: Argument passed in must be a string of 12 bytes or a string of 24 hex characters or an integer
      at new ObjectId (E:\KAHER-Backend\node_modules\bson\lib\bson.cjs:2055:23)
      at castObjectId (E:\KAHER-Backend\node_modules\mongoose\lib\cast\objectid.js:25:12)
      at ObjectId.cast (E:\KAHER-Backend\node_modules\mongoose\lib\schema\objectid.js:248:12)
      at SchemaType.applySetters (E:\KAHER-Backend\node_modules\mongoose\lib\schematype.js:1219:12)
      at SchemaType.castForQuery (E:\KAHER-Backend\node_modules\mongoose\lib\schematype.js:1633:15)
      at cast (E:\KAHER-Backend\node_modules\mongoose\lib\cast.js:304:34)
      at Query.cast (E:\KAHER-Backend\node_modules\mongoose\lib\query.js:4909:12)
      at Query._castConditions (E:\KAHER-Backend\node_modules\mongoose\lib\query.js:2232:10)
      at model.Query._findOneAndUpdate (E:\KAHER-Backend\node_modules\mongoose\lib\query.js:3303:8)
      at model.Query.exec (E:\KAHER-Backend\node_modules\mongoose\lib\query.js:4429:28),
  valueType: 'Object',
  model: Model { User }
}
[2024-02-01T09:52:16.194Z] error: Failed to signup: Error: Please find the Contact Details for support - Contact - It Section, Email - itsection@kledeemeduniversity.edu.in, Contact Number - 244404378/77
    at Object.addApplicationForPrincipal (E:\KAHER-Backend\lib\database\methods\user.js:456:15)
    at process.processTicksAndRejections (node:internal/process/task_queues:95:5)
    at async Object.execute (E:\KAHER-Backend\use-cases\application\submit-application.js:96:28)
    at async exports.submitApplications (E:\KAHER-Backend\controllers\application.controller.js:229:20)
[2024-02-01T09:52:16.194Z] error: Failed to signup: Error: Please find the Contact Details for support - Contact - It Section, Email - itsection@kledeemeduniversity.edu.in, Contact Number - 244404378/77
    at Object.addApplicationForPrincipal (E:\KAHER-Backend\lib\database\methods\user.js:456:15)
    at process.processTicksAndRejections (node:internal/process/task_queues:95:5)
    at async Object.execute (E:\KAHER-Backend\use-cases\application\submit-application.js:96:28)
    at async exports.submitApplications (E:\KAHER-Backend\controllers\application.controller.js:229:20)
[2024-02-01T09:55:24.289Z] info: Connecting to database: DEVELOPMENT
[2024-02-01T09:55:28.576Z] info: Connecting to database: DEVELOPMENT
[2024-02-01T09:55:34.957Z] error: Failed to signup: TypeError: Cannot read properties of undefined (reading '_id')
    at Object.execute (E:\KAHER-Backend\use-cases\application\submit-application.js:195:45)
    at process.processTicksAndRejections (node:internal/process/task_queues:95:5)
    at async exports.submitApplications (E:\KAHER-Backend\controllers\application.controller.js:229:20)
[2024-02-01T09:55:34.957Z] error: Failed to signup: TypeError: Cannot read properties of undefined (reading '_id')
    at Object.execute (E:\KAHER-Backend\use-cases\application\submit-application.js:195:45)
    at process.processTicksAndRejections (node:internal/process/task_queues:95:5)
    at async exports.submitApplications (E:\KAHER-Backend\controllers\application.controller.js:229:20)
[2024-02-01T09:55:40.802Z] info: Email sent: 250 OK id=1rVTnJ-008rgY-2e
[2024-02-01T09:57:16.185Z] info: Connecting to database: DEVELOPMENT
[2024-02-01T09:58:11.690Z] error: Failed to signup: TypeError: Cannot read properties of undefined (reading '_id')
    at Object.execute (E:\KAHER-Backend\use-cases\application\submit-application.js:196:45)
    at process.processTicksAndRejections (node:internal/process/task_queues:95:5)
    at async exports.submitApplications (E:\KAHER-Backend\controllers\application.controller.js:229:20)
[2024-02-01T09:58:11.690Z] error: Failed to signup: TypeError: Cannot read properties of undefined (reading '_id')
    at Object.execute (E:\KAHER-Backend\use-cases\application\submit-application.js:196:45)
    at process.processTicksAndRejections (node:internal/process/task_queues:95:5)
    at async exports.submitApplications (E:\KAHER-Backend\controllers\application.controller.js:229:20)
[2024-02-01T09:58:16.255Z] info: Email sent: 250 OK id=1rVTpp-008tmq-0q
[2024-02-01T09:58:50.165Z] info: Connecting to database: DEVELOPMENT
[2024-02-01T09:59:51.158Z] info: Connecting to database: DEVELOPMENT
[2024-02-01T09:59:56.976Z] info: Connecting to database: DEVELOPMENT
[2024-02-01T10:00:09.765Z] info: Connecting to database: DEVELOPMENT
[2024-02-01T10:00:18.312Z] info: Connecting to database: DEVELOPMENT
[2024-02-01T10:00:28.578Z] info: Connecting to database: DEVELOPMENT
[2024-02-01T10:00:48.502Z] info: Connecting to database: DEVELOPMENT
[2024-02-01T10:00:52.860Z] info: Connecting to database: DEVELOPMENT
[2024-02-01T10:19:04.393Z] info: Connecting to database: DEVELOPMENT
[2024-02-01T10:21:43.066Z] info: Connecting to database: DEVELOPMENT
[2024-02-01T10:25:36.171Z] info: Connecting to database: DEVELOPMENT
[2024-02-01T10:26:34.919Z] info: Connecting to database: DEVELOPMENT
[2024-02-01T10:27:16.234Z] info: Connecting to database: DEVELOPMENT
[2024-02-01T10:52:30.212Z] info: Connecting to database: DEVELOPMENT
[2024-02-01T10:53:35.618Z] error: token verification error/tampered
[2024-02-01T10:53:35.618Z] error: token verification error/tampered
[2024-02-01T10:53:54.943Z] error: token verification error/tampered
[2024-02-01T10:53:54.943Z] error: token verification error/tampered
[2024-02-01T10:55:12.544Z] error: token verification error/tampered
[2024-02-01T10:55:12.544Z] error: token verification error/tampered
[2024-02-01T10:57:08.967Z] error: token verification error/tampered
[2024-02-01T10:57:08.967Z] error: token verification error/tampered
[2024-02-01T11:03:05.619Z] info: Connecting to database: PRODUCTION
[2024-02-01T11:16:34.567Z] info: Connecting to database: PRODUCTION
[2024-02-01T11:21:19.943Z] info: Connecting to database: PRODUCTION
[2024-02-01T11:21:49.158Z] info: Connecting to database: PRODUCTION
[2024-02-01T11:22:00.558Z] info: Connecting to database: PRODUCTION
[2024-02-01T11:44:58.578Z] info: Connecting to database: PRODUCTION
[2024-02-01T11:45:57.108Z] info: Connecting to database: PRODUCTION
[2024-02-01T11:46:23.128Z] info: Connecting to database: PRODUCTION
[2024-02-01T12:43:18.019Z] info: Connecting to database: PRODUCTION
[2024-02-01T12:43:29.566Z] info: Connecting to database: PRODUCTION
[2024-02-01T12:44:11.880Z] info: Connecting to database: PRODUCTION
[2024-02-06T06:14:46.049Z] info: Connecting to database: PRODUCTION
[2024-02-06T06:18:37.571Z] error: token verification expired
[2024-02-06T06:18:37.571Z] error: token verification expired
[2024-02-06T06:19:00.020Z] error: token verification expired
[2024-02-06T06:19:00.020Z] error: token verification expired
[2024-02-06T06:20:15.357Z] info: Connecting to database: PRODUCTION
[2024-02-06T06:20:22.501Z] info: Connecting to database: PRODUCTION
[2024-02-06T06:20:40.062Z] info: Connecting to database: PRODUCTION
[2024-02-06T06:21:08.046Z] info: Connecting to database: PRODUCTION
[2024-02-06T12:25:59.275Z] info: Connecting to database: PRODUCTION
[2024-02-06T12:26:32.985Z] info: Connecting to database: PRODUCTION
[2024-02-06T12:26:39.690Z] info: Connecting to database: PRODUCTION
[2024-02-06T12:26:53.793Z] info: Connecting to database: PRODUCTION
[2024-02-06T12:27:12.195Z] info: Connecting to database: PRODUCTION
[2024-02-26T14:07:30.303Z] info: Connecting to database: PRODUCTION
[2024-02-26T14:11:41.544Z] info: Connecting to database: PRODUCTION
[2024-02-26T14:12:12.672Z] info: Connecting to database: PRODUCTION
[2024-02-26T14:12:35.880Z] info: Connecting to database: PRODUCTION
[2024-02-26T14:22:29.288Z] info: Connecting to database: PRODUCTION
[2024-02-26T14:22:41.103Z] info: Connecting to database: PRODUCTION
[2024-02-26T14:22:48.362Z] error: token verification expired
[2024-02-26T14:22:48.362Z] error: token verification expired
[2024-02-26T14:23:13.867Z] error: Failed to signup: TypeError: Cannot read properties of null (reading 'questions')
    at Object.execute (E:\KAHER-Backend\use-cases\response\create-response.js:78:46)
    at process.processTicksAndRejections (node:internal/process/task_queues:95:5)
    at async exports.createResponse (E:\KAHER-Backend\controllers\response.controller.js:15:20)
[2024-02-26T14:23:13.867Z] error: Failed to signup: TypeError: Cannot read properties of null (reading 'questions')
    at Object.execute (E:\KAHER-Backend\use-cases\response\create-response.js:78:46)
    at process.processTicksAndRejections (node:internal/process/task_queues:95:5)
    at async exports.createResponse (E:\KAHER-Backend\controllers\response.controller.js:15:20)
[2024-02-26T14:24:59.392Z] info: Connecting to database: PRODUCTION
[2024-02-26T14:25:31.959Z] info: Connecting to database: PRODUCTION
[2024-02-26T14:25:58.884Z] info: Connecting to database: PRODUCTION
[2024-02-26T14:27:04.819Z] info: Connecting to database: PRODUCTION
[2024-02-26T14:27:14.205Z] info: Connecting to database: PRODUCTION
[2024-02-26T14:27:23.750Z] info: Connecting to database: PRODUCTION
[2024-02-26T14:27:45.972Z] info: Connecting to database: PRODUCTION
[2024-02-26T14:28:09.585Z] info: Connecting to database: PRODUCTION
[2024-02-26T14:28:16.897Z] info: Connecting to database: PRODUCTION
[2024-02-26T14:28:23.442Z] error: Failed to find application by id: Cannot populate path `users` because it is not in your schema. Set the `strictPopulate` option to false to override. StrictPopulateError: Cannot populate path `users` because it is not in your schema. Set the `strictPopulate` option to false to override.
    at getModelsMapForPopulate (E:\KAHER-Backend\node_modules\mongoose\lib\helpers\populate\getModelsMapForPopulate.js:50:12)
    at populate (E:\KAHER-Backend\node_modules\mongoose\lib\model.js:4346:21)
    at _populate (E:\KAHER-Backend\node_modules\mongoose\lib\model.js:4306:5)
    at E:\KAHER-Backend\node_modules\mongoose\lib\model.js:4278:5
    at new Promise (<anonymous>)
    at Function.populate (E:\KAHER-Backend\node_modules\mongoose\lib\model.js:4277:10)
    at E:\KAHER-Backend\node_modules\mongoose\lib\query.js:2506:11
    at E:\KAHER-Backend\node_modules\mongoose\lib\query.js:3149:21
    at process.processTicksAndRejections (node:internal/process/task_queues:77:11) {
  path: 'users'
}
[2024-02-26T14:28:23.442Z] error: Failed to find application by id: Cannot populate path `users` because it is not in your schema. Set the `strictPopulate` option to false to override. StrictPopulateError: Cannot populate path `users` because it is not in your schema. Set the `strictPopulate` option to false to override.
    at getModelsMapForPopulate (E:\KAHER-Backend\node_modules\mongoose\lib\helpers\populate\getModelsMapForPopulate.js:50:12)
    at populate (E:\KAHER-Backend\node_modules\mongoose\lib\model.js:4346:21)
    at _populate (E:\KAHER-Backend\node_modules\mongoose\lib\model.js:4306:5)
    at E:\KAHER-Backend\node_modules\mongoose\lib\model.js:4278:5
    at new Promise (<anonymous>)
    at Function.populate (E:\KAHER-Backend\node_modules\mongoose\lib\model.js:4277:10)
    at E:\KAHER-Backend\node_modules\mongoose\lib\query.js:2506:11
    at E:\KAHER-Backend\node_modules\mongoose\lib\query.js:3149:21
    at process.processTicksAndRejections (node:internal/process/task_queues:77:11) {
  path: 'users'
}
[2024-02-26T14:28:23.447Z] error: Failed to signup: Error: Please find the Contact Details for support - Contact - It Section, Email - itsection@kledeemeduniversity.edu.in, Contact Number - 244404378/77
    at Object.findLastApplication (E:\KAHER-Backend\lib\database\methods\application.js:710:15)
    at process.processTicksAndRejections (node:internal/process/task_queues:95:5)
    at async Object.execute (E:\KAHER-Backend\use-cases\application\application-details.js:90:33)
    at async exports.applicationDetails (E:\KAHER-Backend\controllers\application.controller.js:110:20)
[2024-02-26T14:28:23.447Z] error: Failed to signup: Error: Please find the Contact Details for support - Contact - It Section, Email - itsection@kledeemeduniversity.edu.in, Contact Number - 244404378/77
    at Object.findLastApplication (E:\KAHER-Backend\lib\database\methods\application.js:710:15)
    at process.processTicksAndRejections (node:internal/process/task_queues:95:5)
    at async Object.execute (E:\KAHER-Backend\use-cases\application\application-details.js:90:33)
    at async exports.applicationDetails (E:\KAHER-Backend\controllers\application.controller.js:110:20)
[2024-02-26T14:29:23.521Z] info: Connecting to database: PRODUCTION
[2024-02-26T14:29:40.845Z] info: Connecting to database: PRODUCTION
[2024-02-26T14:32:23.007Z] info: Connecting to database: PRODUCTION
[2024-02-26T14:32:29.396Z] error: Failed to find application by id: Argument passed in does not match the accepted types BSONError: Argument passed in does not match the accepted types
    at new ObjectId (E:\KAHER-Backend\node_modules\bson\lib\bson.cjs:2059:19)
    at Object.findLastApplication (E:\KAHER-Backend\lib\database\methods\application.js:685:17)
    at Object.execute (E:\KAHER-Backend\use-cases\application\application-details.js:90:59)
    at process.processTicksAndRejections (node:internal/process/task_queues:95:5)
    at async exports.applicationDetails (E:\KAHER-Backend\controllers\application.controller.js:110:20)
[2024-02-26T14:32:29.396Z] error: Failed to find application by id: Argument passed in does not match the accepted types BSONError: Argument passed in does not match the accepted types
    at new ObjectId (E:\KAHER-Backend\node_modules\bson\lib\bson.cjs:2059:19)
    at Object.findLastApplication (E:\KAHER-Backend\lib\database\methods\application.js:685:17)
    at Object.execute (E:\KAHER-Backend\use-cases\application\application-details.js:90:59)
    at process.processTicksAndRejections (node:internal/process/task_queues:95:5)
    at async exports.applicationDetails (E:\KAHER-Backend\controllers\application.controller.js:110:20)
[2024-02-26T14:32:29.408Z] error: Failed to signup: Error: Please find the Contact Details for support - Contact - It Section, Email - itsection@kledeemeduniversity.edu.in, Contact Number - 244404378/77
    at Object.findLastApplication (E:\KAHER-Backend\lib\database\methods\application.js:710:15)
    at Object.execute (E:\KAHER-Backend\use-cases\application\application-details.js:90:59)
    at process.processTicksAndRejections (node:internal/process/task_queues:95:5)
    at async exports.applicationDetails (E:\KAHER-Backend\controllers\application.controller.js:110:20)
[2024-02-26T14:32:29.408Z] error: Failed to signup: Error: Please find the Contact Details for support - Contact - It Section, Email - itsection@kledeemeduniversity.edu.in, Contact Number - 244404378/77
    at Object.findLastApplication (E:\KAHER-Backend\lib\database\methods\application.js:710:15)
    at Object.execute (E:\KAHER-Backend\use-cases\application\application-details.js:90:59)
    at process.processTicksAndRejections (node:internal/process/task_queues:95:5)
    at async exports.applicationDetails (E:\KAHER-Backend\controllers\application.controller.js:110:20)
[2024-02-26T14:32:59.998Z] info: Connecting to database: PRODUCTION
[2024-02-26T14:33:05.102Z] info: Connecting to database: PRODUCTION
[2024-02-26T14:33:22.590Z] info: Connecting to database: PRODUCTION
[2024-02-26T14:33:29.342Z] error: Failed to find application by id: Cannot populate path `users` because it is not in your schema. Set the `strictPopulate` option to false to override. StrictPopulateError: Cannot populate path `users` because it is not in your schema. Set the `strictPopulate` option to false to override.
    at getModelsMapForPopulate (E:\KAHER-Backend\node_modules\mongoose\lib\helpers\populate\getModelsMapForPopulate.js:50:12)
    at populate (E:\KAHER-Backend\node_modules\mongoose\lib\model.js:4346:21)
    at _populate (E:\KAHER-Backend\node_modules\mongoose\lib\model.js:4306:5)
    at E:\KAHER-Backend\node_modules\mongoose\lib\model.js:4278:5
    at new Promise (<anonymous>)
    at Function.populate (E:\KAHER-Backend\node_modules\mongoose\lib\model.js:4277:10)
    at E:\KAHER-Backend\node_modules\mongoose\lib\query.js:2506:11
    at E:\KAHER-Backend\node_modules\mongoose\lib\query.js:3149:21
    at process.processTicksAndRejections (node:internal/process/task_queues:77:11) {
  path: 'users'
}
[2024-02-26T14:33:29.342Z] error: Failed to find application by id: Cannot populate path `users` because it is not in your schema. Set the `strictPopulate` option to false to override. StrictPopulateError: Cannot populate path `users` because it is not in your schema. Set the `strictPopulate` option to false to override.
    at getModelsMapForPopulate (E:\KAHER-Backend\node_modules\mongoose\lib\helpers\populate\getModelsMapForPopulate.js:50:12)
    at populate (E:\KAHER-Backend\node_modules\mongoose\lib\model.js:4346:21)
    at _populate (E:\KAHER-Backend\node_modules\mongoose\lib\model.js:4306:5)
    at E:\KAHER-Backend\node_modules\mongoose\lib\model.js:4278:5
    at new Promise (<anonymous>)
    at Function.populate (E:\KAHER-Backend\node_modules\mongoose\lib\model.js:4277:10)
    at E:\KAHER-Backend\node_modules\mongoose\lib\query.js:2506:11
    at E:\KAHER-Backend\node_modules\mongoose\lib\query.js:3149:21
    at process.processTicksAndRejections (node:internal/process/task_queues:77:11) {
  path: 'users'
}
[2024-02-26T14:33:29.356Z] error: Failed to signup: Error: Please find the Contact Details for support - Contact - It Section, Email - itsection@kledeemeduniversity.edu.in, Contact Number - 244404378/77
    at Object.findLastApplication (E:\KAHER-Backend\lib\database\methods\application.js:710:15)
    at process.processTicksAndRejections (node:internal/process/task_queues:95:5)
    at async Object.execute (E:\KAHER-Backend\use-cases\application\application-details.js:90:33)
    at async exports.applicationDetails (E:\KAHER-Backend\controllers\application.controller.js:110:20)
[2024-02-26T14:33:29.356Z] error: Failed to signup: Error: Please find the Contact Details for support - Contact - It Section, Email - itsection@kledeemeduniversity.edu.in, Contact Number - 244404378/77
    at Object.findLastApplication (E:\KAHER-Backend\lib\database\methods\application.js:710:15)
    at process.processTicksAndRejections (node:internal/process/task_queues:95:5)
    at async Object.execute (E:\KAHER-Backend\use-cases\application\application-details.js:90:33)
    at async exports.applicationDetails (E:\KAHER-Backend\controllers\application.controller.js:110:20)
[2024-02-26T14:34:01.221Z] info: Connecting to database: PRODUCTION
[2024-02-26T14:34:07.875Z] error: Failed to find application by id: Cannot populate path `users` because it is not in your schema. Set the `strictPopulate` option to false to override. StrictPopulateError: Cannot populate path `users` because it is not in your schema. Set the `strictPopulate` option to false to override.
    at getModelsMapForPopulate (E:\KAHER-Backend\node_modules\mongoose\lib\helpers\populate\getModelsMapForPopulate.js:50:12)
    at populate (E:\KAHER-Backend\node_modules\mongoose\lib\model.js:4346:21)
    at _populate (E:\KAHER-Backend\node_modules\mongoose\lib\model.js:4306:5)
    at E:\KAHER-Backend\node_modules\mongoose\lib\model.js:4278:5
    at new Promise (<anonymous>)
    at Function.populate (E:\KAHER-Backend\node_modules\mongoose\lib\model.js:4277:10)
    at E:\KAHER-Backend\node_modules\mongoose\lib\query.js:2506:11
    at E:\KAHER-Backend\node_modules\mongoose\lib\query.js:3149:21
    at process.processTicksAndRejections (node:internal/process/task_queues:77:11) {
  path: 'users'
}
[2024-02-26T14:34:07.875Z] error: Failed to find application by id: Cannot populate path `users` because it is not in your schema. Set the `strictPopulate` option to false to override. StrictPopulateError: Cannot populate path `users` because it is not in your schema. Set the `strictPopulate` option to false to override.
    at getModelsMapForPopulate (E:\KAHER-Backend\node_modules\mongoose\lib\helpers\populate\getModelsMapForPopulate.js:50:12)
    at populate (E:\KAHER-Backend\node_modules\mongoose\lib\model.js:4346:21)
    at _populate (E:\KAHER-Backend\node_modules\mongoose\lib\model.js:4306:5)
    at E:\KAHER-Backend\node_modules\mongoose\lib\model.js:4278:5
    at new Promise (<anonymous>)
    at Function.populate (E:\KAHER-Backend\node_modules\mongoose\lib\model.js:4277:10)
    at E:\KAHER-Backend\node_modules\mongoose\lib\query.js:2506:11
    at E:\KAHER-Backend\node_modules\mongoose\lib\query.js:3149:21
    at process.processTicksAndRejections (node:internal/process/task_queues:77:11) {
  path: 'users'
}
[2024-02-26T14:34:07.880Z] error: Failed to signup: Error: Please find the Contact Details for support - Contact - It Section, Email - itsection@kledeemeduniversity.edu.in, Contact Number - 244404378/77
    at Object.findLastApplication (E:\KAHER-Backend\lib\database\methods\application.js:710:15)
    at process.processTicksAndRejections (node:internal/process/task_queues:95:5)
    at async Object.execute (E:\KAHER-Backend\use-cases\application\application-details.js:90:33)
    at async exports.applicationDetails (E:\KAHER-Backend\controllers\application.controller.js:110:20)
[2024-02-26T14:34:07.880Z] error: Failed to signup: Error: Please find the Contact Details for support - Contact - It Section, Email - itsection@kledeemeduniversity.edu.in, Contact Number - 244404378/77
    at Object.findLastApplication (E:\KAHER-Backend\lib\database\methods\application.js:710:15)
    at process.processTicksAndRejections (node:internal/process/task_queues:95:5)
    at async Object.execute (E:\KAHER-Backend\use-cases\application\application-details.js:90:33)
    at async exports.applicationDetails (E:\KAHER-Backend\controllers\application.controller.js:110:20)
[2024-02-26T14:34:46.259Z] info: Connecting to database: PRODUCTION
[2024-02-26T14:34:51.985Z] error: Failed to find application by id: Cannot populate path `users` because it is not in your schema. Set the `strictPopulate` option to false to override. StrictPopulateError: Cannot populate path `users` because it is not in your schema. Set the `strictPopulate` option to false to override.
    at getModelsMapForPopulate (E:\KAHER-Backend\node_modules\mongoose\lib\helpers\populate\getModelsMapForPopulate.js:50:12)
    at populate (E:\KAHER-Backend\node_modules\mongoose\lib\model.js:4346:21)
    at _populate (E:\KAHER-Backend\node_modules\mongoose\lib\model.js:4306:5)
    at E:\KAHER-Backend\node_modules\mongoose\lib\model.js:4278:5
    at new Promise (<anonymous>)
    at Function.populate (E:\KAHER-Backend\node_modules\mongoose\lib\model.js:4277:10)
    at E:\KAHER-Backend\node_modules\mongoose\lib\query.js:2506:11
    at E:\KAHER-Backend\node_modules\mongoose\lib\query.js:3149:21
    at process.processTicksAndRejections (node:internal/process/task_queues:77:11) {
  path: 'users'
}
[2024-02-26T14:34:51.985Z] error: Failed to find application by id: Cannot populate path `users` because it is not in your schema. Set the `strictPopulate` option to false to override. StrictPopulateError: Cannot populate path `users` because it is not in your schema. Set the `strictPopulate` option to false to override.
    at getModelsMapForPopulate (E:\KAHER-Backend\node_modules\mongoose\lib\helpers\populate\getModelsMapForPopulate.js:50:12)
    at populate (E:\KAHER-Backend\node_modules\mongoose\lib\model.js:4346:21)
    at _populate (E:\KAHER-Backend\node_modules\mongoose\lib\model.js:4306:5)
    at E:\KAHER-Backend\node_modules\mongoose\lib\model.js:4278:5
    at new Promise (<anonymous>)
    at Function.populate (E:\KAHER-Backend\node_modules\mongoose\lib\model.js:4277:10)
    at E:\KAHER-Backend\node_modules\mongoose\lib\query.js:2506:11
    at E:\KAHER-Backend\node_modules\mongoose\lib\query.js:3149:21
    at process.processTicksAndRejections (node:internal/process/task_queues:77:11) {
  path: 'users'
}
[2024-02-26T14:34:51.990Z] error: Failed to signup: Error: Please find the Contact Details for support - Contact - It Section, Email - itsection@kledeemeduniversity.edu.in, Contact Number - 244404378/77
    at Object.findLastApplication (E:\KAHER-Backend\lib\database\methods\application.js:710:15)
    at process.processTicksAndRejections (node:internal/process/task_queues:95:5)
    at async Object.execute (E:\KAHER-Backend\use-cases\application\application-details.js:90:33)
    at async exports.applicationDetails (E:\KAHER-Backend\controllers\application.controller.js:110:20)
[2024-02-26T14:34:51.990Z] error: Failed to signup: Error: Please find the Contact Details for support - Contact - It Section, Email - itsection@kledeemeduniversity.edu.in, Contact Number - 244404378/77
    at Object.findLastApplication (E:\KAHER-Backend\lib\database\methods\application.js:710:15)
    at process.processTicksAndRejections (node:internal/process/task_queues:95:5)
    at async Object.execute (E:\KAHER-Backend\use-cases\application\application-details.js:90:33)
    at async exports.applicationDetails (E:\KAHER-Backend\controllers\application.controller.js:110:20)
[2024-02-26T14:35:14.424Z] info: Connecting to database: PRODUCTION
[2024-02-26T14:35:20.341Z] error: Failed to find application by id: Cannot populate path `users` because it is not in your schema. Set the `strictPopulate` option to false to override. StrictPopulateError: Cannot populate path `users` because it is not in your schema. Set the `strictPopulate` option to false to override.
    at getModelsMapForPopulate (E:\KAHER-Backend\node_modules\mongoose\lib\helpers\populate\getModelsMapForPopulate.js:50:12)
    at populate (E:\KAHER-Backend\node_modules\mongoose\lib\model.js:4346:21)
    at _populate (E:\KAHER-Backend\node_modules\mongoose\lib\model.js:4306:5)
    at E:\KAHER-Backend\node_modules\mongoose\lib\model.js:4278:5
    at new Promise (<anonymous>)
    at Function.populate (E:\KAHER-Backend\node_modules\mongoose\lib\model.js:4277:10)
    at E:\KAHER-Backend\node_modules\mongoose\lib\query.js:2506:11
    at E:\KAHER-Backend\node_modules\mongoose\lib\query.js:3149:21
    at process.processTicksAndRejections (node:internal/process/task_queues:77:11) {
  path: 'users'
}
[2024-02-26T14:35:20.341Z] error: Failed to find application by id: Cannot populate path `users` because it is not in your schema. Set the `strictPopulate` option to false to override. StrictPopulateError: Cannot populate path `users` because it is not in your schema. Set the `strictPopulate` option to false to override.
    at getModelsMapForPopulate (E:\KAHER-Backend\node_modules\mongoose\lib\helpers\populate\getModelsMapForPopulate.js:50:12)
    at populate (E:\KAHER-Backend\node_modules\mongoose\lib\model.js:4346:21)
    at _populate (E:\KAHER-Backend\node_modules\mongoose\lib\model.js:4306:5)
    at E:\KAHER-Backend\node_modules\mongoose\lib\model.js:4278:5
    at new Promise (<anonymous>)
    at Function.populate (E:\KAHER-Backend\node_modules\mongoose\lib\model.js:4277:10)
    at E:\KAHER-Backend\node_modules\mongoose\lib\query.js:2506:11
    at E:\KAHER-Backend\node_modules\mongoose\lib\query.js:3149:21
    at process.processTicksAndRejections (node:internal/process/task_queues:77:11) {
  path: 'users'
}
[2024-02-26T14:35:20.356Z] error: Failed to signup: Error: Please find the Contact Details for support - Contact - It Section, Email - itsection@kledeemeduniversity.edu.in, Contact Number - 244404378/77
    at Object.findLastApplication (E:\KAHER-Backend\lib\database\methods\application.js:710:15)
    at process.processTicksAndRejections (node:internal/process/task_queues:95:5)
    at async Object.execute (E:\KAHER-Backend\use-cases\application\application-details.js:90:33)
    at async exports.applicationDetails (E:\KAHER-Backend\controllers\application.controller.js:110:20)
[2024-02-26T14:35:20.356Z] error: Failed to signup: Error: Please find the Contact Details for support - Contact - It Section, Email - itsection@kledeemeduniversity.edu.in, Contact Number - 244404378/77
    at Object.findLastApplication (E:\KAHER-Backend\lib\database\methods\application.js:710:15)
    at process.processTicksAndRejections (node:internal/process/task_queues:95:5)
    at async Object.execute (E:\KAHER-Backend\use-cases\application\application-details.js:90:33)
    at async exports.applicationDetails (E:\KAHER-Backend\controllers\application.controller.js:110:20)
[2024-02-26T14:35:38.447Z] info: Connecting to database: PRODUCTION
[2024-02-26T14:35:44.809Z] error: Failed to find application by id: Cannot populate path `users` because it is not in your schema. Set the `strictPopulate` option to false to override. StrictPopulateError: Cannot populate path `users` because it is not in your schema. Set the `strictPopulate` option to false to override.
    at getModelsMapForPopulate (E:\KAHER-Backend\node_modules\mongoose\lib\helpers\populate\getModelsMapForPopulate.js:50:12)
    at populate (E:\KAHER-Backend\node_modules\mongoose\lib\model.js:4346:21)
    at _populate (E:\KAHER-Backend\node_modules\mongoose\lib\model.js:4306:5)
    at E:\KAHER-Backend\node_modules\mongoose\lib\model.js:4278:5
    at new Promise (<anonymous>)
    at Function.populate (E:\KAHER-Backend\node_modules\mongoose\lib\model.js:4277:10)
    at E:\KAHER-Backend\node_modules\mongoose\lib\query.js:2506:11
    at E:\KAHER-Backend\node_modules\mongoose\lib\query.js:3149:21
    at process.processTicksAndRejections (node:internal/process/task_queues:77:11) {
  path: 'users'
}
[2024-02-26T14:35:44.809Z] error: Failed to find application by id: Cannot populate path `users` because it is not in your schema. Set the `strictPopulate` option to false to override. StrictPopulateError: Cannot populate path `users` because it is not in your schema. Set the `strictPopulate` option to false to override.
    at getModelsMapForPopulate (E:\KAHER-Backend\node_modules\mongoose\lib\helpers\populate\getModelsMapForPopulate.js:50:12)
    at populate (E:\KAHER-Backend\node_modules\mongoose\lib\model.js:4346:21)
    at _populate (E:\KAHER-Backend\node_modules\mongoose\lib\model.js:4306:5)
    at E:\KAHER-Backend\node_modules\mongoose\lib\model.js:4278:5
    at new Promise (<anonymous>)
    at Function.populate (E:\KAHER-Backend\node_modules\mongoose\lib\model.js:4277:10)
    at E:\KAHER-Backend\node_modules\mongoose\lib\query.js:2506:11
    at E:\KAHER-Backend\node_modules\mongoose\lib\query.js:3149:21
    at process.processTicksAndRejections (node:internal/process/task_queues:77:11) {
  path: 'users'
}
[2024-02-26T14:35:44.823Z] error: Failed to signup: Error: Please find the Contact Details for support - Contact - It Section, Email - itsection@kledeemeduniversity.edu.in, Contact Number - 244404378/77
    at Object.findLastApplication (E:\KAHER-Backend\lib\database\methods\application.js:710:15)
    at process.processTicksAndRejections (node:internal/process/task_queues:95:5)
    at async Object.execute (E:\KAHER-Backend\use-cases\application\application-details.js:90:33)
    at async exports.applicationDetails (E:\KAHER-Backend\controllers\application.controller.js:110:20)
[2024-02-26T14:35:44.823Z] error: Failed to signup: Error: Please find the Contact Details for support - Contact - It Section, Email - itsection@kledeemeduniversity.edu.in, Contact Number - 244404378/77
    at Object.findLastApplication (E:\KAHER-Backend\lib\database\methods\application.js:710:15)
    at process.processTicksAndRejections (node:internal/process/task_queues:95:5)
    at async Object.execute (E:\KAHER-Backend\use-cases\application\application-details.js:90:33)
    at async exports.applicationDetails (E:\KAHER-Backend\controllers\application.controller.js:110:20)
[2024-02-26T14:36:23.899Z] info: Connecting to database: PRODUCTION
[2024-02-26T14:36:33.747Z] info: Connecting to database: PRODUCTION
[2024-02-26T14:36:39.675Z] error: Failed to find application by id: Cannot populate path `users` because it is not in your schema. Set the `strictPopulate` option to false to override. StrictPopulateError: Cannot populate path `users` because it is not in your schema. Set the `strictPopulate` option to false to override.
    at getModelsMapForPopulate (E:\KAHER-Backend\node_modules\mongoose\lib\helpers\populate\getModelsMapForPopulate.js:50:12)
    at populate (E:\KAHER-Backend\node_modules\mongoose\lib\model.js:4346:21)
    at _populate (E:\KAHER-Backend\node_modules\mongoose\lib\model.js:4306:5)
    at E:\KAHER-Backend\node_modules\mongoose\lib\model.js:4278:5
    at new Promise (<anonymous>)
    at Function.populate (E:\KAHER-Backend\node_modules\mongoose\lib\model.js:4277:10)
    at E:\KAHER-Backend\node_modules\mongoose\lib\query.js:2506:11
    at E:\KAHER-Backend\node_modules\mongoose\lib\query.js:3149:21
    at process.processTicksAndRejections (node:internal/process/task_queues:77:11) {
  path: 'users'
}
[2024-02-26T14:36:39.675Z] error: Failed to find application by id: Cannot populate path `users` because it is not in your schema. Set the `strictPopulate` option to false to override. StrictPopulateError: Cannot populate path `users` because it is not in your schema. Set the `strictPopulate` option to false to override.
    at getModelsMapForPopulate (E:\KAHER-Backend\node_modules\mongoose\lib\helpers\populate\getModelsMapForPopulate.js:50:12)
    at populate (E:\KAHER-Backend\node_modules\mongoose\lib\model.js:4346:21)
    at _populate (E:\KAHER-Backend\node_modules\mongoose\lib\model.js:4306:5)
    at E:\KAHER-Backend\node_modules\mongoose\lib\model.js:4278:5
    at new Promise (<anonymous>)
    at Function.populate (E:\KAHER-Backend\node_modules\mongoose\lib\model.js:4277:10)
    at E:\KAHER-Backend\node_modules\mongoose\lib\query.js:2506:11
    at E:\KAHER-Backend\node_modules\mongoose\lib\query.js:3149:21
    at process.processTicksAndRejections (node:internal/process/task_queues:77:11) {
  path: 'users'
}
[2024-02-26T14:36:39.690Z] error: Failed to signup: Error: Please find the Contact Details for support - Contact - It Section, Email - itsection@kledeemeduniversity.edu.in, Contact Number - 244404378/77
    at Object.findLastApplication (E:\KAHER-Backend\lib\database\methods\application.js:710:15)
    at process.processTicksAndRejections (node:internal/process/task_queues:95:5)
    at async Object.execute (E:\KAHER-Backend\use-cases\application\application-details.js:90:33)
    at async exports.applicationDetails (E:\KAHER-Backend\controllers\application.controller.js:110:20)
[2024-02-26T14:36:39.690Z] error: Failed to signup: Error: Please find the Contact Details for support - Contact - It Section, Email - itsection@kledeemeduniversity.edu.in, Contact Number - 244404378/77
    at Object.findLastApplication (E:\KAHER-Backend\lib\database\methods\application.js:710:15)
    at process.processTicksAndRejections (node:internal/process/task_queues:95:5)
    at async Object.execute (E:\KAHER-Backend\use-cases\application\application-details.js:90:33)
    at async exports.applicationDetails (E:\KAHER-Backend\controllers\application.controller.js:110:20)
[2024-02-26T14:37:08.227Z] info: Connecting to database: PRODUCTION
[2024-02-26T14:37:14.660Z] error: Failed to find application by id: Class constructor ObjectId cannot be invoked without 'new' TypeError: Class constructor ObjectId cannot be invoked without 'new'
    at Object.findLastApplication (E:\KAHER-Backend\lib\database\methods\application.js:685:32)
    at Object.execute (E:\KAHER-Backend\use-cases\application\application-details.js:90:59)
    at process.processTicksAndRejections (node:internal/process/task_queues:95:5)
    at async exports.applicationDetails (E:\KAHER-Backend\controllers\application.controller.js:110:20)
[2024-02-26T14:37:14.660Z] error: Failed to find application by id: Class constructor ObjectId cannot be invoked without 'new' TypeError: Class constructor ObjectId cannot be invoked without 'new'
    at Object.findLastApplication (E:\KAHER-Backend\lib\database\methods\application.js:685:32)
    at Object.execute (E:\KAHER-Backend\use-cases\application\application-details.js:90:59)
    at process.processTicksAndRejections (node:internal/process/task_queues:95:5)
    at async exports.applicationDetails (E:\KAHER-Backend\controllers\application.controller.js:110:20)
[2024-02-26T14:37:14.669Z] error: Failed to signup: Error: Please find the Contact Details for support - Contact - It Section, Email - itsection@kledeemeduniversity.edu.in, Contact Number - 244404378/77
    at Object.findLastApplication (E:\KAHER-Backend\lib\database\methods\application.js:710:15)
    at Object.execute (E:\KAHER-Backend\use-cases\application\application-details.js:90:59)
    at process.processTicksAndRejections (node:internal/process/task_queues:95:5)
    at async exports.applicationDetails (E:\KAHER-Backend\controllers\application.controller.js:110:20)
[2024-02-26T14:37:14.669Z] error: Failed to signup: Error: Please find the Contact Details for support - Contact - It Section, Email - itsection@kledeemeduniversity.edu.in, Contact Number - 244404378/77
    at Object.findLastApplication (E:\KAHER-Backend\lib\database\methods\application.js:710:15)
    at Object.execute (E:\KAHER-Backend\use-cases\application\application-details.js:90:59)
    at process.processTicksAndRejections (node:internal/process/task_queues:95:5)
    at async exports.applicationDetails (E:\KAHER-Backend\controllers\application.controller.js:110:20)
[2024-02-26T14:38:31.821Z] info: Connecting to database: PRODUCTION
[2024-02-26T14:38:38.378Z] info: Connecting to database: PRODUCTION
[2024-02-26T14:38:44.684Z] error: Failed to find application by id: Class constructor ObjectId cannot be invoked without 'new' TypeError: Class constructor ObjectId cannot be invoked without 'new'
    at Object.findLastApplication (E:\KAHER-Backend\lib\database\methods\application.js:685:32)
    at Object.execute (E:\KAHER-Backend\use-cases\application\application-details.js:90:59)
    at process.processTicksAndRejections (node:internal/process/task_queues:95:5)
    at async exports.applicationDetails (E:\KAHER-Backend\controllers\application.controller.js:110:20)
[2024-02-26T14:38:44.684Z] error: Failed to find application by id: Class constructor ObjectId cannot be invoked without 'new' TypeError: Class constructor ObjectId cannot be invoked without 'new'
    at Object.findLastApplication (E:\KAHER-Backend\lib\database\methods\application.js:685:32)
    at Object.execute (E:\KAHER-Backend\use-cases\application\application-details.js:90:59)
    at process.processTicksAndRejections (node:internal/process/task_queues:95:5)
    at async exports.applicationDetails (E:\KAHER-Backend\controllers\application.controller.js:110:20)
[2024-02-26T14:38:44.690Z] error: Failed to signup: Error: Please find the Contact Details for support - Contact - It Section, Email - itsection@kledeemeduniversity.edu.in, Contact Number - 244404378/77
    at Object.findLastApplication (E:\KAHER-Backend\lib\database\methods\application.js:710:15)
    at Object.execute (E:\KAHER-Backend\use-cases\application\application-details.js:90:59)
    at process.processTicksAndRejections (node:internal/process/task_queues:95:5)
    at async exports.applicationDetails (E:\KAHER-Backend\controllers\application.controller.js:110:20)
[2024-02-26T14:38:44.690Z] error: Failed to signup: Error: Please find the Contact Details for support - Contact - It Section, Email - itsection@kledeemeduniversity.edu.in, Contact Number - 244404378/77
    at Object.findLastApplication (E:\KAHER-Backend\lib\database\methods\application.js:710:15)
    at Object.execute (E:\KAHER-Backend\use-cases\application\application-details.js:90:59)
    at process.processTicksAndRejections (node:internal/process/task_queues:95:5)
    at async exports.applicationDetails (E:\KAHER-Backend\controllers\application.controller.js:110:20)
[2024-02-26T14:42:22.474Z] info: Connecting to database: PRODUCTION
[2024-02-26T14:42:27.920Z] error: Failed to find application by id: Class constructor ObjectId cannot be invoked without 'new' TypeError: Class constructor ObjectId cannot be invoked without 'new'
    at Object.findLastApplication (E:\KAHER-Backend\lib\database\methods\application.js:685:32)
    at Object.execute (E:\KAHER-Backend\use-cases\application\application-details.js:90:59)
    at process.processTicksAndRejections (node:internal/process/task_queues:95:5)
    at async exports.applicationDetails (E:\KAHER-Backend\controllers\application.controller.js:110:20)
[2024-02-26T14:42:27.920Z] error: Failed to find application by id: Class constructor ObjectId cannot be invoked without 'new' TypeError: Class constructor ObjectId cannot be invoked without 'new'
    at Object.findLastApplication (E:\KAHER-Backend\lib\database\methods\application.js:685:32)
    at Object.execute (E:\KAHER-Backend\use-cases\application\application-details.js:90:59)
    at process.processTicksAndRejections (node:internal/process/task_queues:95:5)
    at async exports.applicationDetails (E:\KAHER-Backend\controllers\application.controller.js:110:20)
[2024-02-26T14:42:27.932Z] error: Failed to signup: Error: Please find the Contact Details for support - Contact - It Section, Email - itsection@kledeemeduniversity.edu.in, Contact Number - 244404378/77
    at Object.findLastApplication (E:\KAHER-Backend\lib\database\methods\application.js:710:15)
    at Object.execute (E:\KAHER-Backend\use-cases\application\application-details.js:90:59)
    at process.processTicksAndRejections (node:internal/process/task_queues:95:5)
    at async exports.applicationDetails (E:\KAHER-Backend\controllers\application.controller.js:110:20)
[2024-02-26T14:42:27.932Z] error: Failed to signup: Error: Please find the Contact Details for support - Contact - It Section, Email - itsection@kledeemeduniversity.edu.in, Contact Number - 244404378/77
    at Object.findLastApplication (E:\KAHER-Backend\lib\database\methods\application.js:710:15)
    at Object.execute (E:\KAHER-Backend\use-cases\application\application-details.js:90:59)
    at process.processTicksAndRejections (node:internal/process/task_queues:95:5)
    at async exports.applicationDetails (E:\KAHER-Backend\controllers\application.controller.js:110:20)
[2024-02-26T14:42:42.659Z] info: Connecting to database: PRODUCTION
[2024-02-26T14:42:49.216Z] error: Failed to find application by id: Cannot populate path `users` because it is not in your schema. Set the `strictPopulate` option to false to override. StrictPopulateError: Cannot populate path `users` because it is not in your schema. Set the `strictPopulate` option to false to override.
    at getModelsMapForPopulate (E:\KAHER-Backend\node_modules\mongoose\lib\helpers\populate\getModelsMapForPopulate.js:50:12)
    at populate (E:\KAHER-Backend\node_modules\mongoose\lib\model.js:4346:21)
    at _populate (E:\KAHER-Backend\node_modules\mongoose\lib\model.js:4306:5)
    at E:\KAHER-Backend\node_modules\mongoose\lib\model.js:4278:5
    at new Promise (<anonymous>)
    at Function.populate (E:\KAHER-Backend\node_modules\mongoose\lib\model.js:4277:10)
    at E:\KAHER-Backend\node_modules\mongoose\lib\query.js:2506:11
    at E:\KAHER-Backend\node_modules\mongoose\lib\query.js:3149:21
    at process.processTicksAndRejections (node:internal/process/task_queues:77:11) {
  path: 'users'
}
[2024-02-26T14:42:49.216Z] error: Failed to find application by id: Cannot populate path `users` because it is not in your schema. Set the `strictPopulate` option to false to override. StrictPopulateError: Cannot populate path `users` because it is not in your schema. Set the `strictPopulate` option to false to override.
    at getModelsMapForPopulate (E:\KAHER-Backend\node_modules\mongoose\lib\helpers\populate\getModelsMapForPopulate.js:50:12)
    at populate (E:\KAHER-Backend\node_modules\mongoose\lib\model.js:4346:21)
    at _populate (E:\KAHER-Backend\node_modules\mongoose\lib\model.js:4306:5)
    at E:\KAHER-Backend\node_modules\mongoose\lib\model.js:4278:5
    at new Promise (<anonymous>)
    at Function.populate (E:\KAHER-Backend\node_modules\mongoose\lib\model.js:4277:10)
    at E:\KAHER-Backend\node_modules\mongoose\lib\query.js:2506:11
    at E:\KAHER-Backend\node_modules\mongoose\lib\query.js:3149:21
    at process.processTicksAndRejections (node:internal/process/task_queues:77:11) {
  path: 'users'
}
[2024-02-26T14:42:49.232Z] error: Failed to signup: Error: Please find the Contact Details for support - Contact - It Section, Email - itsection@kledeemeduniversity.edu.in, Contact Number - 244404378/77
    at Object.findLastApplication (E:\KAHER-Backend\lib\database\methods\application.js:710:15)
    at process.processTicksAndRejections (node:internal/process/task_queues:95:5)
    at async Object.execute (E:\KAHER-Backend\use-cases\application\application-details.js:90:33)
    at async exports.applicationDetails (E:\KAHER-Backend\controllers\application.controller.js:110:20)
[2024-02-26T14:42:49.232Z] error: Failed to signup: Error: Please find the Contact Details for support - Contact - It Section, Email - itsection@kledeemeduniversity.edu.in, Contact Number - 244404378/77
    at Object.findLastApplication (E:\KAHER-Backend\lib\database\methods\application.js:710:15)
    at process.processTicksAndRejections (node:internal/process/task_queues:95:5)
    at async Object.execute (E:\KAHER-Backend\use-cases\application\application-details.js:90:33)
    at async exports.applicationDetails (E:\KAHER-Backend\controllers\application.controller.js:110:20)
[2024-02-26T14:43:01.490Z] info: Connecting to database: PRODUCTION
[2024-02-26T14:43:08.278Z] error: Failed to find application by id: Cannot populate path `users` because it is not in your schema. Set the `strictPopulate` option to false to override. StrictPopulateError: Cannot populate path `users` because it is not in your schema. Set the `strictPopulate` option to false to override.
    at getModelsMapForPopulate (E:\KAHER-Backend\node_modules\mongoose\lib\helpers\populate\getModelsMapForPopulate.js:50:12)
    at populate (E:\KAHER-Backend\node_modules\mongoose\lib\model.js:4346:21)
    at _populate (E:\KAHER-Backend\node_modules\mongoose\lib\model.js:4306:5)
    at E:\KAHER-Backend\node_modules\mongoose\lib\model.js:4278:5
    at new Promise (<anonymous>)
    at Function.populate (E:\KAHER-Backend\node_modules\mongoose\lib\model.js:4277:10)
    at E:\KAHER-Backend\node_modules\mongoose\lib\query.js:2506:11
    at E:\KAHER-Backend\node_modules\mongoose\lib\query.js:3149:21
    at process.processTicksAndRejections (node:internal/process/task_queues:77:11) {
  path: 'users'
}
[2024-02-26T14:43:08.278Z] error: Failed to find application by id: Cannot populate path `users` because it is not in your schema. Set the `strictPopulate` option to false to override. StrictPopulateError: Cannot populate path `users` because it is not in your schema. Set the `strictPopulate` option to false to override.
    at getModelsMapForPopulate (E:\KAHER-Backend\node_modules\mongoose\lib\helpers\populate\getModelsMapForPopulate.js:50:12)
    at populate (E:\KAHER-Backend\node_modules\mongoose\lib\model.js:4346:21)
    at _populate (E:\KAHER-Backend\node_modules\mongoose\lib\model.js:4306:5)
    at E:\KAHER-Backend\node_modules\mongoose\lib\model.js:4278:5
    at new Promise (<anonymous>)
    at Function.populate (E:\KAHER-Backend\node_modules\mongoose\lib\model.js:4277:10)
    at E:\KAHER-Backend\node_modules\mongoose\lib\query.js:2506:11
    at E:\KAHER-Backend\node_modules\mongoose\lib\query.js:3149:21
    at process.processTicksAndRejections (node:internal/process/task_queues:77:11) {
  path: 'users'
}
[2024-02-26T14:43:08.292Z] error: Failed to signup: Error: Please find the Contact Details for support - Contact - It Section, Email - itsection@kledeemeduniversity.edu.in, Contact Number - 244404378/77
    at Object.findLastApplication (E:\KAHER-Backend\lib\database\methods\application.js:710:15)
    at process.processTicksAndRejections (node:internal/process/task_queues:95:5)
    at async Object.execute (E:\KAHER-Backend\use-cases\application\application-details.js:90:33)
    at async exports.applicationDetails (E:\KAHER-Backend\controllers\application.controller.js:110:20)
[2024-02-26T14:43:08.292Z] error: Failed to signup: Error: Please find the Contact Details for support - Contact - It Section, Email - itsection@kledeemeduniversity.edu.in, Contact Number - 244404378/77
    at Object.findLastApplication (E:\KAHER-Backend\lib\database\methods\application.js:710:15)
    at process.processTicksAndRejections (node:internal/process/task_queues:95:5)
    at async Object.execute (E:\KAHER-Backend\use-cases\application\application-details.js:90:33)
    at async exports.applicationDetails (E:\KAHER-Backend\controllers\application.controller.js:110:20)
[2024-02-26T14:44:17.227Z] info: Connecting to database: PRODUCTION
[2024-02-26T14:44:37.805Z] info: Connecting to database: PRODUCTION
[2024-02-26T14:45:01.498Z] info: Connecting to database: PRODUCTION
[2024-02-26T14:45:48.006Z] info: Connecting to database: PRODUCTION
[2024-02-26T14:47:48.851Z] error: Failed to signup: TypeError: Cannot read properties of null (reading 'questions')
    at Object.execute (E:\KAHER-Backend\use-cases\response\create-response.js:78:46)
    at process.processTicksAndRejections (node:internal/process/task_queues:95:5)
    at async exports.createResponse (E:\KAHER-Backend\controllers\response.controller.js:15:20)
[2024-02-26T14:47:48.851Z] error: Failed to signup: TypeError: Cannot read properties of null (reading 'questions')
    at Object.execute (E:\KAHER-Backend\use-cases\response\create-response.js:78:46)
    at process.processTicksAndRejections (node:internal/process/task_queues:95:5)
    at async exports.createResponse (E:\KAHER-Backend\controllers\response.controller.js:15:20)
[2024-02-26T15:03:33.168Z] info: Connecting to database: PRODUCTION
[2024-02-26T15:03:51.035Z] info: Connecting to database: PRODUCTION
[2024-02-26T15:05:26.674Z] info: Connecting to database: PRODUCTION
[2024-02-26T15:05:56.521Z] info: Connecting to database: PRODUCTION
[2024-02-26T15:06:10.873Z] info: Connecting to database: PRODUCTION
[2024-02-26T15:06:15.493Z] error: Failed to signup: TypeError: Cannot read properties of null (reading 'questions')
    at Object.execute (E:\KAHER-Backend\use-cases\response\create-response.js:94:46)
    at process.processTicksAndRejections (node:internal/process/task_queues:95:5)
    at async exports.createResponse (E:\KAHER-Backend\controllers\response.controller.js:15:20)
[2024-02-26T15:06:15.493Z] error: Failed to signup: TypeError: Cannot read properties of null (reading 'questions')
    at Object.execute (E:\KAHER-Backend\use-cases\response\create-response.js:94:46)
    at process.processTicksAndRejections (node:internal/process/task_queues:95:5)
    at async exports.createResponse (E:\KAHER-Backend\controllers\response.controller.js:15:20)
[2024-02-26T15:06:15.508Z] error: Failed to find application by id: Cast to ObjectId failed for value "fghfghfg" (type string) at path "_id" for model "Application" CastError: Cast to ObjectId failed for value "fghfghfg" (type string) at path "_id" for model "Application"
    at ObjectId.cast (E:\KAHER-Backend\node_modules\mongoose\lib\schema\objectid.js:250:11)
    at SchemaType.applySetters (E:\KAHER-Backend\node_modules\mongoose\lib\schematype.js:1219:12)
    at SchemaType.castForQuery (E:\KAHER-Backend\node_modules\mongoose\lib\schematype.js:1633:15)
    at cast (E:\KAHER-Backend\node_modules\mongoose\lib\cast.js:375:32)
    at Query.cast (E:\KAHER-Backend\node_modules\mongoose\lib\query.js:4909:12)
    at Query._castConditions (E:\KAHER-Backend\node_modules\mongoose\lib\query.js:2232:10)
    at model.Query._findOne (E:\KAHER-Backend\node_modules\mongoose\lib\query.js:2518:8)
    at model.Query.exec (E:\KAHER-Backend\node_modules\mongoose\lib\query.js:4429:28)
    at process.processTicksAndRejections (node:internal/process/task_queues:95:5)
    at async Object.findById (E:\KAHER-Backend\lib\database\methods\application.js:277:29) {
  stringValue: '"fghfghfg"',
  messageFormat: undefined,
  kind: 'ObjectId',
  value: 'fghfghfg',
  path: '_id',
  reason: BSONError: Argument passed in must be a string of 12 bytes or a string of 24 hex characters or an integer
      at new ObjectId (E:\KAHER-Backend\node_modules\bson\lib\bson.cjs:2055:23)
      at castObjectId (E:\KAHER-Backend\node_modules\mongoose\lib\cast\objectid.js:25:12)
      at ObjectId.cast (E:\KAHER-Backend\node_modules\mongoose\lib\schema\objectid.js:248:12)
      at SchemaType.applySetters (E:\KAHER-Backend\node_modules\mongoose\lib\schematype.js:1219:12)
      at SchemaType.castForQuery (E:\KAHER-Backend\node_modules\mongoose\lib\schematype.js:1633:15)
      at cast (E:\KAHER-Backend\node_modules\mongoose\lib\cast.js:375:32)
      at Query.cast (E:\KAHER-Backend\node_modules\mongoose\lib\query.js:4909:12)
      at Query._castConditions (E:\KAHER-Backend\node_modules\mongoose\lib\query.js:2232:10)
      at model.Query._findOne (E:\KAHER-Backend\node_modules\mongoose\lib\query.js:2518:8)
      at model.Query.exec (E:\KAHER-Backend\node_modules\mongoose\lib\query.js:4429:28),
  valueType: 'string',
  model: Model { Application }
}
[2024-02-26T15:06:15.508Z] error: Failed to find application by id: Cast to ObjectId failed for value "fghfghfg" (type string) at path "_id" for model "Application" CastError: Cast to ObjectId failed for value "fghfghfg" (type string) at path "_id" for model "Application"
    at ObjectId.cast (E:\KAHER-Backend\node_modules\mongoose\lib\schema\objectid.js:250:11)
    at SchemaType.applySetters (E:\KAHER-Backend\node_modules\mongoose\lib\schematype.js:1219:12)
    at SchemaType.castForQuery (E:\KAHER-Backend\node_modules\mongoose\lib\schematype.js:1633:15)
    at cast (E:\KAHER-Backend\node_modules\mongoose\lib\cast.js:375:32)
    at Query.cast (E:\KAHER-Backend\node_modules\mongoose\lib\query.js:4909:12)
    at Query._castConditions (E:\KAHER-Backend\node_modules\mongoose\lib\query.js:2232:10)
    at model.Query._findOne (E:\KAHER-Backend\node_modules\mongoose\lib\query.js:2518:8)
    at model.Query.exec (E:\KAHER-Backend\node_modules\mongoose\lib\query.js:4429:28)
    at process.processTicksAndRejections (node:internal/process/task_queues:95:5)
    at async Object.findById (E:\KAHER-Backend\lib\database\methods\application.js:277:29) {
  stringValue: '"fghfghfg"',
  messageFormat: undefined,
  kind: 'ObjectId',
  value: 'fghfghfg',
  path: '_id',
  reason: BSONError: Argument passed in must be a string of 12 bytes or a string of 24 hex characters or an integer
      at new ObjectId (E:\KAHER-Backend\node_modules\bson\lib\bson.cjs:2055:23)
      at castObjectId (E:\KAHER-Backend\node_modules\mongoose\lib\cast\objectid.js:25:12)
      at ObjectId.cast (E:\KAHER-Backend\node_modules\mongoose\lib\schema\objectid.js:248:12)
      at SchemaType.applySetters (E:\KAHER-Backend\node_modules\mongoose\lib\schematype.js:1219:12)
      at SchemaType.castForQuery (E:\KAHER-Backend\node_modules\mongoose\lib\schematype.js:1633:15)
      at cast (E:\KAHER-Backend\node_modules\mongoose\lib\cast.js:375:32)
      at Query.cast (E:\KAHER-Backend\node_modules\mongoose\lib\query.js:4909:12)
      at Query._castConditions (E:\KAHER-Backend\node_modules\mongoose\lib\query.js:2232:10)
      at model.Query._findOne (E:\KAHER-Backend\node_modules\mongoose\lib\query.js:2518:8)
      at model.Query.exec (E:\KAHER-Backend\node_modules\mongoose\lib\query.js:4429:28),
  valueType: 'string',
  model: Model { Application }
}
[2024-02-26T15:06:39.672Z] info: Connecting to database: PRODUCTION
[2024-02-26T15:06:43.612Z] error: Failed to signup: TypeError: Cannot read properties of undefined (reading 'includes')
    at E:\KAHER-Backend\use-cases\response\create-response.js:100:55
    at Array.every (<anonymous>)
    at isSubset (E:\KAHER-Backend\use-cases\response\create-response.js:100:25)
    at Object.execute (E:\KAHER-Backend\use-cases\response\create-response.js:102:14)
    at process.processTicksAndRejections (node:internal/process/task_queues:95:5)
    at async exports.createResponse (E:\KAHER-Backend\controllers\response.controller.js:15:20)
[2024-02-26T15:06:43.612Z] error: Failed to signup: TypeError: Cannot read properties of undefined (reading 'includes')
    at E:\KAHER-Backend\use-cases\response\create-response.js:100:55
    at Array.every (<anonymous>)
    at isSubset (E:\KAHER-Backend\use-cases\response\create-response.js:100:25)
    at Object.execute (E:\KAHER-Backend\use-cases\response\create-response.js:102:14)
    at process.processTicksAndRejections (node:internal/process/task_queues:95:5)
    at async exports.createResponse (E:\KAHER-Backend\controllers\response.controller.js:15:20)
[2024-02-26T15:06:43.628Z] error: Failed to find application by id: Cast to ObjectId failed for value "fghfghfg" (type string) at path "_id" for model "Application" CastError: Cast to ObjectId failed for value "fghfghfg" (type string) at path "_id" for model "Application"
    at ObjectId.cast (E:\KAHER-Backend\node_modules\mongoose\lib\schema\objectid.js:250:11)
    at SchemaType.applySetters (E:\KAHER-Backend\node_modules\mongoose\lib\schematype.js:1219:12)
    at SchemaType.castForQuery (E:\KAHER-Backend\node_modules\mongoose\lib\schematype.js:1633:15)
    at cast (E:\KAHER-Backend\node_modules\mongoose\lib\cast.js:375:32)
    at Query.cast (E:\KAHER-Backend\node_modules\mongoose\lib\query.js:4909:12)
    at Query._castConditions (E:\KAHER-Backend\node_modules\mongoose\lib\query.js:2232:10)
    at model.Query._findOne (E:\KAHER-Backend\node_modules\mongoose\lib\query.js:2518:8)
    at model.Query.exec (E:\KAHER-Backend\node_modules\mongoose\lib\query.js:4429:28)
    at process.processTicksAndRejections (node:internal/process/task_queues:95:5)
    at async Object.findById (E:\KAHER-Backend\lib\database\methods\application.js:277:29) {
  stringValue: '"fghfghfg"',
  messageFormat: undefined,
  kind: 'ObjectId',
  value: 'fghfghfg',
  path: '_id',
  reason: BSONError: Argument passed in must be a string of 12 bytes or a string of 24 hex characters or an integer
      at new ObjectId (E:\KAHER-Backend\node_modules\bson\lib\bson.cjs:2055:23)
      at castObjectId (E:\KAHER-Backend\node_modules\mongoose\lib\cast\objectid.js:25:12)
      at ObjectId.cast (E:\KAHER-Backend\node_modules\mongoose\lib\schema\objectid.js:248:12)
      at SchemaType.applySetters (E:\KAHER-Backend\node_modules\mongoose\lib\schematype.js:1219:12)
      at SchemaType.castForQuery (E:\KAHER-Backend\node_modules\mongoose\lib\schematype.js:1633:15)
      at cast (E:\KAHER-Backend\node_modules\mongoose\lib\cast.js:375:32)
      at Query.cast (E:\KAHER-Backend\node_modules\mongoose\lib\query.js:4909:12)
      at Query._castConditions (E:\KAHER-Backend\node_modules\mongoose\lib\query.js:2232:10)
      at model.Query._findOne (E:\KAHER-Backend\node_modules\mongoose\lib\query.js:2518:8)
      at model.Query.exec (E:\KAHER-Backend\node_modules\mongoose\lib\query.js:4429:28),
  valueType: 'string',
  model: Model { Application }
}
[2024-02-26T15:06:43.628Z] error: Failed to find application by id: Cast to ObjectId failed for value "fghfghfg" (type string) at path "_id" for model "Application" CastError: Cast to ObjectId failed for value "fghfghfg" (type string) at path "_id" for model "Application"
    at ObjectId.cast (E:\KAHER-Backend\node_modules\mongoose\lib\schema\objectid.js:250:11)
    at SchemaType.applySetters (E:\KAHER-Backend\node_modules\mongoose\lib\schematype.js:1219:12)
    at SchemaType.castForQuery (E:\KAHER-Backend\node_modules\mongoose\lib\schematype.js:1633:15)
    at cast (E:\KAHER-Backend\node_modules\mongoose\lib\cast.js:375:32)
    at Query.cast (E:\KAHER-Backend\node_modules\mongoose\lib\query.js:4909:12)
    at Query._castConditions (E:\KAHER-Backend\node_modules\mongoose\lib\query.js:2232:10)
    at model.Query._findOne (E:\KAHER-Backend\node_modules\mongoose\lib\query.js:2518:8)
    at model.Query.exec (E:\KAHER-Backend\node_modules\mongoose\lib\query.js:4429:28)
    at process.processTicksAndRejections (node:internal/process/task_queues:95:5)
    at async Object.findById (E:\KAHER-Backend\lib\database\methods\application.js:277:29) {
  stringValue: '"fghfghfg"',
  messageFormat: undefined,
  kind: 'ObjectId',
  value: 'fghfghfg',
  path: '_id',
  reason: BSONError: Argument passed in must be a string of 12 bytes or a string of 24 hex characters or an integer
      at new ObjectId (E:\KAHER-Backend\node_modules\bson\lib\bson.cjs:2055:23)
      at castObjectId (E:\KAHER-Backend\node_modules\mongoose\lib\cast\objectid.js:25:12)
      at ObjectId.cast (E:\KAHER-Backend\node_modules\mongoose\lib\schema\objectid.js:248:12)
      at SchemaType.applySetters (E:\KAHER-Backend\node_modules\mongoose\lib\schematype.js:1219:12)
      at SchemaType.castForQuery (E:\KAHER-Backend\node_modules\mongoose\lib\schematype.js:1633:15)
      at cast (E:\KAHER-Backend\node_modules\mongoose\lib\cast.js:375:32)
      at Query.cast (E:\KAHER-Backend\node_modules\mongoose\lib\query.js:4909:12)
      at Query._castConditions (E:\KAHER-Backend\node_modules\mongoose\lib\query.js:2232:10)
      at model.Query._findOne (E:\KAHER-Backend\node_modules\mongoose\lib\query.js:2518:8)
      at model.Query.exec (E:\KAHER-Backend\node_modules\mongoose\lib\query.js:4429:28),
  valueType: 'string',
  model: Model { Application }
}
[2024-02-26T15:07:01.893Z] info: Connecting to database: PRODUCTION
[2024-02-26T15:07:07.133Z] error: Failed to find application by id: Cast to ObjectId failed for value "fghfghfg" (type string) at path "_id" for model "Application" CastError: Cast to ObjectId failed for value "fghfghfg" (type string) at path "_id" for model "Application"
    at ObjectId.cast (E:\KAHER-Backend\node_modules\mongoose\lib\schema\objectid.js:250:11)
    at SchemaType.applySetters (E:\KAHER-Backend\node_modules\mongoose\lib\schematype.js:1219:12)
    at SchemaType.castForQuery (E:\KAHER-Backend\node_modules\mongoose\lib\schematype.js:1633:15)
    at cast (E:\KAHER-Backend\node_modules\mongoose\lib\cast.js:375:32)
    at Query.cast (E:\KAHER-Backend\node_modules\mongoose\lib\query.js:4909:12)
    at Query._castConditions (E:\KAHER-Backend\node_modules\mongoose\lib\query.js:2232:10)
    at model.Query._findOne (E:\KAHER-Backend\node_modules\mongoose\lib\query.js:2518:8)
    at model.Query.exec (E:\KAHER-Backend\node_modules\mongoose\lib\query.js:4429:28)
    at process.processTicksAndRejections (node:internal/process/task_queues:95:5)
    at async Object.findById (E:\KAHER-Backend\lib\database\methods\application.js:277:29) {
  stringValue: '"fghfghfg"',
  messageFormat: undefined,
  kind: 'ObjectId',
  value: 'fghfghfg',
  path: '_id',
  reason: BSONError: Argument passed in must be a string of 12 bytes or a string of 24 hex characters or an integer
      at new ObjectId (E:\KAHER-Backend\node_modules\bson\lib\bson.cjs:2055:23)
      at castObjectId (E:\KAHER-Backend\node_modules\mongoose\lib\cast\objectid.js:25:12)
      at ObjectId.cast (E:\KAHER-Backend\node_modules\mongoose\lib\schema\objectid.js:248:12)
      at SchemaType.applySetters (E:\KAHER-Backend\node_modules\mongoose\lib\schematype.js:1219:12)
      at SchemaType.castForQuery (E:\KAHER-Backend\node_modules\mongoose\lib\schematype.js:1633:15)
      at cast (E:\KAHER-Backend\node_modules\mongoose\lib\cast.js:375:32)
      at Query.cast (E:\KAHER-Backend\node_modules\mongoose\lib\query.js:4909:12)
      at Query._castConditions (E:\KAHER-Backend\node_modules\mongoose\lib\query.js:2232:10)
      at model.Query._findOne (E:\KAHER-Backend\node_modules\mongoose\lib\query.js:2518:8)
      at model.Query.exec (E:\KAHER-Backend\node_modules\mongoose\lib\query.js:4429:28),
  valueType: 'string',
  model: Model { Application }
}
[2024-02-26T15:07:07.133Z] error: Failed to find application by id: Cast to ObjectId failed for value "fghfghfg" (type string) at path "_id" for model "Application" CastError: Cast to ObjectId failed for value "fghfghfg" (type string) at path "_id" for model "Application"
    at ObjectId.cast (E:\KAHER-Backend\node_modules\mongoose\lib\schema\objectid.js:250:11)
    at SchemaType.applySetters (E:\KAHER-Backend\node_modules\mongoose\lib\schematype.js:1219:12)
    at SchemaType.castForQuery (E:\KAHER-Backend\node_modules\mongoose\lib\schematype.js:1633:15)
    at cast (E:\KAHER-Backend\node_modules\mongoose\lib\cast.js:375:32)
    at Query.cast (E:\KAHER-Backend\node_modules\mongoose\lib\query.js:4909:12)
    at Query._castConditions (E:\KAHER-Backend\node_modules\mongoose\lib\query.js:2232:10)
    at model.Query._findOne (E:\KAHER-Backend\node_modules\mongoose\lib\query.js:2518:8)
    at model.Query.exec (E:\KAHER-Backend\node_modules\mongoose\lib\query.js:4429:28)
    at process.processTicksAndRejections (node:internal/process/task_queues:95:5)
    at async Object.findById (E:\KAHER-Backend\lib\database\methods\application.js:277:29) {
  stringValue: '"fghfghfg"',
  messageFormat: undefined,
  kind: 'ObjectId',
  value: 'fghfghfg',
  path: '_id',
  reason: BSONError: Argument passed in must be a string of 12 bytes or a string of 24 hex characters or an integer
      at new ObjectId (E:\KAHER-Backend\node_modules\bson\lib\bson.cjs:2055:23)
      at castObjectId (E:\KAHER-Backend\node_modules\mongoose\lib\cast\objectid.js:25:12)
      at ObjectId.cast (E:\KAHER-Backend\node_modules\mongoose\lib\schema\objectid.js:248:12)
      at SchemaType.applySetters (E:\KAHER-Backend\node_modules\mongoose\lib\schematype.js:1219:12)
      at SchemaType.castForQuery (E:\KAHER-Backend\node_modules\mongoose\lib\schematype.js:1633:15)
      at cast (E:\KAHER-Backend\node_modules\mongoose\lib\cast.js:375:32)
      at Query.cast (E:\KAHER-Backend\node_modules\mongoose\lib\query.js:4909:12)
      at Query._castConditions (E:\KAHER-Backend\node_modules\mongoose\lib\query.js:2232:10)
      at model.Query._findOne (E:\KAHER-Backend\node_modules\mongoose\lib\query.js:2518:8)
      at model.Query.exec (E:\KAHER-Backend\node_modules\mongoose\lib\query.js:4429:28),
  valueType: 'string',
  model: Model { Application }
}
[2024-02-26T15:08:16.966Z] info: Connecting to database: PRODUCTION
[2024-02-26T15:08:34.738Z] info: Connecting to database: PRODUCTION
[2024-02-26T15:12:50.477Z] info: Connecting to database: PRODUCTION
[2024-02-26T15:13:33.823Z] info: Connecting to database: PRODUCTION
[2024-02-26T17:22:55.969Z] info: Connecting to database: PRODUCTION
[2024-03-06T08:02:51.085Z] info: Connecting to database: PRODUCTION
[2024-03-07T07:08:01.538Z] info: Connecting to database: PRODUCTION
[2024-03-07T11:55:31.963Z] info: Connecting to database: PRODUCTION
[2024-03-07T11:58:13.865Z] info: Connecting to database: PRODUCTION
[2024-03-07T11:58:42.736Z] info: Connecting to database: PRODUCTION
[2024-03-07T11:59:06.465Z] info: Connecting to database: PRODUCTION
[2024-03-07T12:14:22.405Z] info: Connecting to database: PRODUCTION
[2024-03-07T12:15:14.285Z] info: Connecting to database: PRODUCTION
[2024-03-07T12:15:34.627Z] info: Connecting to database: PRODUCTION
[2024-03-07T12:19:25.942Z] info: Connecting to database: PRODUCTION
[2024-03-07T12:20:09.408Z] info: Connecting to database: PRODUCTION
[2024-03-07T12:20:16.265Z] info: Connecting to database: PRODUCTION
[2024-03-07T12:20:30.868Z] info: Connecting to database: PRODUCTION
[2024-03-07T12:21:53.300Z] info: Connecting to database: PRODUCTION
[2024-03-07T12:22:05.520Z] info: Connecting to database: PRODUCTION
[2024-03-07T12:22:28.326Z] info: Connecting to database: PRODUCTION
[2024-03-07T12:22:36.953Z] error: Failed to find application by id: unknown operator: $e MongoServerError: unknown operator: $e
    at Connection.onMessage (E:\KAHER-Backend\node_modules\mongodb\lib\cmap\connection.js:202:26)
    at MessageStream.<anonymous> (E:\KAHER-Backend\node_modules\mongodb\lib\cmap\connection.js:61:60)
    at MessageStream.emit (node:events:518:28)
    at processIncomingData (E:\KAHER-Backend\node_modules\mongodb\lib\cmap\message_stream.js:124:16)
    at MessageStream._write (E:\KAHER-Backend\node_modules\mongodb\lib\cmap\message_stream.js:33:9)
    at writeOrBuffer (node:internal/streams/writable:564:12)
    at _write (node:internal/streams/writable:493:10)
    at Writable.write (node:internal/streams/writable:502:10)
    at TLSSocket.ondata (node:internal/streams/readable:1007:22)
    at TLSSocket.emit (node:events:518:28) {
  ok: 0,
  code: 2,
  codeName: 'BadValue',
  '$clusterTime': [Object],
  operationTime: new Timestamp({ t: 1709814156, i: 15 }),
  [Symbol(errorLabels)]: Set(0) {}
}
[2024-03-07T12:22:36.953Z] error: Failed to find application by id: unknown operator: $e MongoServerError: unknown operator: $e
    at Connection.onMessage (E:\KAHER-Backend\node_modules\mongodb\lib\cmap\connection.js:202:26)
    at MessageStream.<anonymous> (E:\KAHER-Backend\node_modules\mongodb\lib\cmap\connection.js:61:60)
    at MessageStream.emit (node:events:518:28)
    at processIncomingData (E:\KAHER-Backend\node_modules\mongodb\lib\cmap\message_stream.js:124:16)
    at MessageStream._write (E:\KAHER-Backend\node_modules\mongodb\lib\cmap\message_stream.js:33:9)
    at writeOrBuffer (node:internal/streams/writable:564:12)
    at _write (node:internal/streams/writable:493:10)
    at Writable.write (node:internal/streams/writable:502:10)
    at TLSSocket.ondata (node:internal/streams/readable:1007:22)
    at TLSSocket.emit (node:events:518:28) {
  ok: 0,
  code: 2,
  codeName: 'BadValue',
  '$clusterTime': [Object],
  operationTime: new Timestamp({ t: 1709814156, i: 15 }),
  [Symbol(errorLabels)]: Set(0) {}
}
[2024-03-07T12:22:36.978Z] error: Failed to signup: Error: Please find the Contact Details for support - Contact - It Section, Email - itsection@kledeemeduniversity.edu.in, Contact Number - 244404378/77
    at Object.findAllAssignedAppsForInstitution (E:\KAHER-Backend\lib\database\methods\application.js:1081:15)
    at process.processTicksAndRejections (node:internal/process/task_queues:95:5)
    at async Object.execute (E:\KAHER-Backend\use-cases\application\get-assigned-applications.js:59:17)
    at async exports.getAssignedApplications (E:\KAHER-Backend\controllers\application.controller.js:206:20)
[2024-03-07T12:22:36.978Z] error: Failed to signup: Error: Please find the Contact Details for support - Contact - It Section, Email - itsection@kledeemeduniversity.edu.in, Contact Number - 244404378/77
    at Object.findAllAssignedAppsForInstitution (E:\KAHER-Backend\lib\database\methods\application.js:1081:15)
    at process.processTicksAndRejections (node:internal/process/task_queues:95:5)
    at async Object.execute (E:\KAHER-Backend\use-cases\application\get-assigned-applications.js:59:17)
    at async exports.getAssignedApplications (E:\KAHER-Backend\controllers\application.controller.js:206:20)
[2024-03-07T12:22:54.748Z] info: Connecting to database: PRODUCTION
[2024-03-07T12:23:12.701Z] info: Connecting to database: PRODUCTION
[2024-03-07T12:23:19.950Z] info: Connecting to database: PRODUCTION
[2024-03-07T13:37:50.508Z] info: Connecting to database: PRODUCTION
[2024-03-07T13:38:22.469Z] error: token verification expired
[2024-03-07T13:38:22.469Z] error: token verification expired
[2024-03-07T13:39:22.098Z] info: Connecting to database: PRODUCTION
[2024-03-07T13:40:56.685Z] info: Connecting to database: PRODUCTION
[2024-03-07T13:43:26.358Z] info: Connecting to database: PRODUCTION
[2024-03-07T13:43:53.224Z] info: Connecting to database: PRODUCTION
[2024-03-07T13:44:40.147Z] info: Connecting to database: PRODUCTION
[2024-03-07T13:44:51.226Z] info: Connecting to database: PRODUCTION
[2024-03-07T13:47:01.465Z] info: Connecting to database: PRODUCTION
[2024-03-07T13:48:09.548Z] info: Connecting to database: PRODUCTION
[2024-03-07T13:50:20.259Z] info: Connecting to database: PRODUCTION
[2024-03-07T13:50:26.436Z] error: Failed to signup: ReferenceError: Cannot access 'application' before initialization
    at Object.execute (E:\KAHER-Backend\use-cases\application\submit-application.js:53:13)
    at process.processTicksAndRejections (node:internal/process/task_queues:95:5)
    at async exports.submitApplications (E:\KAHER-Backend\controllers\application.controller.js:229:20)
[2024-03-07T13:50:26.436Z] error: Failed to signup: ReferenceError: Cannot access 'application' before initialization
    at Object.execute (E:\KAHER-Backend\use-cases\application\submit-application.js:53:13)
    at process.processTicksAndRejections (node:internal/process/task_queues:95:5)
    at async exports.submitApplications (E:\KAHER-Backend\controllers\application.controller.js:229:20)
[2024-03-07T13:51:02.088Z] info: Connecting to database: PRODUCTION
[2024-03-07T13:52:04.093Z] info: Connecting to database: PRODUCTION
[2024-03-07T13:52:09.066Z] info: Connecting to database: PRODUCTION
[2024-03-07T13:53:32.519Z] info: Connecting to database: PRODUCTION
[2024-03-07T13:53:53.729Z] info: Connecting to database: PRODUCTION
[2024-03-07T13:54:01.574Z] info: Connecting to database: PRODUCTION
[2024-03-07T13:54:43.025Z] info: Connecting to database: PRODUCTION
[2024-03-07T13:54:49.821Z] info: Connecting to database: PRODUCTION
[2024-03-07T14:03:03.279Z] info: Connecting to database: PRODUCTION
[2024-03-07T14:05:06.252Z] info: Connecting to database: PRODUCTION
[2024-03-07T14:21:16.814Z] info: Connecting to database: PRODUCTION
[2024-03-07T14:21:23.745Z] info: Connecting to database: PRODUCTION
[2024-03-07T14:22:07.320Z] info: Connecting to database: PRODUCTION
[2024-03-07T14:22:13.240Z] error: Failed to signup: ReferenceError: res is not defined
    at Object.execute (E:\KAHER-Backend\use-cases\users\create-user.js:148:18)
    at process.processTicksAndRejections (node:internal/process/task_queues:95:5)
    at async exports.createUser (E:\KAHER-Backend\controllers\user.controller.js:19:20)
[2024-03-07T14:22:13.240Z] error: Failed to signup: ReferenceError: res is not defined
    at Object.execute (E:\KAHER-Backend\use-cases\users\create-user.js:148:18)
    at process.processTicksAndRejections (node:internal/process/task_queues:95:5)
    at async exports.createUser (E:\KAHER-Backend\controllers\user.controller.js:19:20)
[2024-03-07T14:22:49.412Z] info: Connecting to database: PRODUCTION
[2024-03-07T14:23:12.824Z] info: Connecting to database: PRODUCTION
[2024-03-07T14:23:18.547Z] error: Failed to signup: ReferenceError: res is not defined
    at Object.execute (E:\KAHER-Backend\use-cases\users\create-user.js:148:18)
    at process.processTicksAndRejections (node:internal/process/task_queues:95:5)
    at async exports.createUser (E:\KAHER-Backend\controllers\user.controller.js:19:20)
[2024-03-07T14:23:18.547Z] error: Failed to signup: ReferenceError: res is not defined
    at Object.execute (E:\KAHER-Backend\use-cases\users\create-user.js:148:18)
    at process.processTicksAndRejections (node:internal/process/task_queues:95:5)
    at async exports.createUser (E:\KAHER-Backend\controllers\user.controller.js:19:20)
[2024-03-07T14:23:45.241Z] info: Connecting to database: PRODUCTION
[2024-03-07T14:24:00.571Z] error: Failed to signup: ReferenceError: res is not defined
    at Object.execute (E:\KAHER-Backend\use-cases\users\create-user.js:204:19)
    at process.processTicksAndRejections (node:internal/process/task_queues:95:5)
    at async exports.createUser (E:\KAHER-Backend\controllers\user.controller.js:19:20)
[2024-03-07T14:24:00.571Z] error: Failed to signup: ReferenceError: res is not defined
    at Object.execute (E:\KAHER-Backend\use-cases\users\create-user.js:204:19)
    at process.processTicksAndRejections (node:internal/process/task_queues:95:5)
    at async exports.createUser (E:\KAHER-Backend\controllers\user.controller.js:19:20)
[2024-03-07T14:24:41.442Z] info: Connecting to database: PRODUCTION
[2024-03-07T14:24:48.695Z] info: Connecting to database: PRODUCTION
[2024-03-07T14:24:56.472Z] error: Failed to signup: ReferenceError: res is not defined
    at Object.execute (E:\KAHER-Backend\use-cases\users\create-user.js:210:19)
    at process.processTicksAndRejections (node:internal/process/task_queues:95:5)
    at async exports.createUser (E:\KAHER-Backend\controllers\user.controller.js:19:20)
[2024-03-07T14:24:56.472Z] error: Failed to signup: ReferenceError: res is not defined
    at Object.execute (E:\KAHER-Backend\use-cases\users\create-user.js:210:19)
    at process.processTicksAndRejections (node:internal/process/task_queues:95:5)
    at async exports.createUser (E:\KAHER-Backend\controllers\user.controller.js:19:20)
[2024-03-07T14:25:26.311Z] info: Connecting to database: PRODUCTION
[2024-03-07T14:25:31.943Z] info: Connecting to database: PRODUCTION
[2024-03-07T14:25:42.683Z] error: Failed to signup: TypeError: Cannot read properties of undefined (reading 'length')
    at Object.execute (E:\KAHER-Backend\use-cases\users\create-user.js:183:50)
    at process.processTicksAndRejections (node:internal/process/task_queues:95:5)
    at async exports.createUser (E:\KAHER-Backend\controllers\user.controller.js:19:20)
[2024-03-07T14:25:42.683Z] error: Failed to signup: TypeError: Cannot read properties of undefined (reading 'length')
    at Object.execute (E:\KAHER-Backend\use-cases\users\create-user.js:183:50)
    at process.processTicksAndRejections (node:internal/process/task_queues:95:5)
    at async exports.createUser (E:\KAHER-Backend\controllers\user.controller.js:19:20)
[2024-03-07T14:26:00.116Z] info: Connecting to database: PRODUCTION
[2024-03-07T14:26:07.992Z] error: Failed to signup: ReferenceError: res is not defined
    at Object.execute (E:\KAHER-Backend\use-cases\users\create-user.js:211:19)
    at process.processTicksAndRejections (node:internal/process/task_queues:95:5)
    at async exports.createUser (E:\KAHER-Backend\controllers\user.controller.js:19:20)
[2024-03-07T14:26:07.992Z] error: Failed to signup: ReferenceError: res is not defined
    at Object.execute (E:\KAHER-Backend\use-cases\users\create-user.js:211:19)
    at process.processTicksAndRejections (node:internal/process/task_queues:95:5)
    at async exports.createUser (E:\KAHER-Backend\controllers\user.controller.js:19:20)
[2024-03-07T14:26:30.260Z] info: Connecting to database: PRODUCTION
[2024-03-07T14:26:39.407Z] error: Failed to signup: ReferenceError: res is not defined
    at Object.execute (E:\KAHER-Backend\use-cases\users\create-user.js:211:19)
    at process.processTicksAndRejections (node:internal/process/task_queues:95:5)
    at async exports.createUser (E:\KAHER-Backend\controllers\user.controller.js:19:20)
[2024-03-07T14:26:39.407Z] error: Failed to signup: ReferenceError: res is not defined
    at Object.execute (E:\KAHER-Backend\use-cases\users\create-user.js:211:19)
    at process.processTicksAndRejections (node:internal/process/task_queues:95:5)
    at async exports.createUser (E:\KAHER-Backend\controllers\user.controller.js:19:20)
[2024-03-07T14:27:15.521Z] info: Connecting to database: PRODUCTION
[2024-03-07T14:27:21.684Z] info: Connecting to database: PRODUCTION
[2024-03-07T14:27:30.334Z] error: Failed to signup: ReferenceError: res is not defined
    at Object.execute (E:\KAHER-Backend\use-cases\users\create-user.js:211:19)
    at process.processTicksAndRejections (node:internal/process/task_queues:95:5)
    at async exports.createUser (E:\KAHER-Backend\controllers\user.controller.js:19:20)
[2024-03-07T14:27:30.334Z] error: Failed to signup: ReferenceError: res is not defined
    at Object.execute (E:\KAHER-Backend\use-cases\users\create-user.js:211:19)
    at process.processTicksAndRejections (node:internal/process/task_queues:95:5)
    at async exports.createUser (E:\KAHER-Backend\controllers\user.controller.js:19:20)
[2024-03-07T14:28:08.133Z] info: Connecting to database: PRODUCTION
[2024-03-07T14:28:16.746Z] error: Failed to signup: ReferenceError: res is not defined
    at Object.execute (E:\KAHER-Backend\use-cases\users\create-user.js:211:19)
    at process.processTicksAndRejections (node:internal/process/task_queues:95:5)
    at async exports.createUser (E:\KAHER-Backend\controllers\user.controller.js:19:20)
[2024-03-07T14:28:16.746Z] error: Failed to signup: ReferenceError: res is not defined
    at Object.execute (E:\KAHER-Backend\use-cases\users\create-user.js:211:19)
    at process.processTicksAndRejections (node:internal/process/task_queues:95:5)
    at async exports.createUser (E:\KAHER-Backend\controllers\user.controller.js:19:20)
[2024-03-07T14:28:54.397Z] info: Connecting to database: PRODUCTION
[2024-03-07T14:29:04.111Z] error: Failed to signup: ReferenceError: res is not defined
    at Object.execute (E:\KAHER-Backend\use-cases\users\create-user.js:211:19)
    at process.processTicksAndRejections (node:internal/process/task_queues:95:5)
    at async exports.createUser (E:\KAHER-Backend\controllers\user.controller.js:19:20)
[2024-03-07T14:29:04.111Z] error: Failed to signup: ReferenceError: res is not defined
    at Object.execute (E:\KAHER-Backend\use-cases\users\create-user.js:211:19)
    at process.processTicksAndRejections (node:internal/process/task_queues:95:5)
    at async exports.createUser (E:\KAHER-Backend\controllers\user.controller.js:19:20)
[2024-03-07T14:29:31.298Z] info: Connecting to database: PRODUCTION
[2024-03-07T14:30:03.855Z] info: Connecting to database: PRODUCTION
[2024-03-07T14:30:20.056Z] info: Connecting to database: PRODUCTION
[2024-03-07T14:30:25.071Z] info: Connecting to database: PRODUCTION
[2024-03-07T14:30:35.527Z] info: Email sent: 250 OK id=1riElX-00AItW-2w
[2024-03-08T09:15:31.067Z] info: Connecting to database: PRODUCTION
[2024-03-08T09:18:32.793Z] info: Connecting to database: PRODUCTION
[2024-03-08T09:18:48.691Z] info: Connecting to database: PRODUCTION
[2024-03-08T09:19:48.411Z] info: Connecting to database: PRODUCTION
[2024-03-08T09:20:48.617Z] info: Connecting to database: PRODUCTION
[2024-03-08T09:22:15.983Z] info: Connecting to database: PRODUCTION
[2024-03-08T09:24:56.083Z] info: Connecting to database: PRODUCTION
[2024-03-08T09:25:05.265Z] info: Connecting to database: PRODUCTION
[2024-03-08T09:25:15.241Z] info: Connecting to database: PRODUCTION
[2024-03-08T09:25:20.078Z] info: Connecting to database: PRODUCTION
[2024-03-08T09:26:05.320Z] info: Connecting to database: PRODUCTION
[2024-03-08T09:26:55.979Z] info: Connecting to database: PRODUCTION
[2024-03-08T09:31:45.778Z] info: Connecting to database: PRODUCTION
[2024-03-08T09:32:06.308Z] info: Connecting to database: PRODUCTION
[2024-03-08T09:32:12.881Z] info: Connecting to database: PRODUCTION
[2024-03-08T09:32:55.177Z] info: Connecting to database: PRODUCTION
[2024-03-08T09:33:44.595Z] info: Connecting to database: PRODUCTION
[2024-03-08T09:34:47.832Z] info: Connecting to database: PRODUCTION
[2024-03-08T09:35:36.229Z] error: token verification expired
[2024-03-08T09:35:36.229Z] error: token verification expired
[2024-03-08T09:35:46.948Z] error: Failed to find application by id: Cannot read properties of null (reading 'workflow') TypeError: Cannot read properties of null (reading 'workflow')
    at Object.findById (E:\KAHER-Backend\lib\database\methods\application.js:307:43)
    at process.processTicksAndRejections (node:internal/process/task_queues:95:5)
    at async Object.execute (E:\KAHER-Backend\use-cases\application\resend-permission.js:39:21)
    at async exports.resendPermission (E:\KAHER-Backend\controllers\application.controller.js:371:20)
[2024-03-08T09:35:46.948Z] error: Failed to find application by id: Cannot read properties of null (reading 'workflow') TypeError: Cannot read properties of null (reading 'workflow')
    at Object.findById (E:\KAHER-Backend\lib\database\methods\application.js:307:43)
    at process.processTicksAndRejections (node:internal/process/task_queues:95:5)
    at async Object.execute (E:\KAHER-Backend\use-cases\application\resend-permission.js:39:21)
    at async exports.resendPermission (E:\KAHER-Backend\controllers\application.controller.js:371:20)
[2024-03-08T09:35:46.957Z] error: Failed to signup: Error: Please find the Contact Details for support - Contact - It Section, Email - itsection@kledeemeduniversity.edu.in, Contact Number - 244404378/77
    at Object.findById (E:\KAHER-Backend\lib\database\methods\application.js:343:15)
    at process.processTicksAndRejections (node:internal/process/task_queues:95:5)
    at async Object.execute (E:\KAHER-Backend\use-cases\application\resend-permission.js:39:21)
    at async exports.resendPermission (E:\KAHER-Backend\controllers\application.controller.js:371:20)
[2024-03-08T09:35:46.957Z] error: Failed to signup: Error: Please find the Contact Details for support - Contact - It Section, Email - itsection@kledeemeduniversity.edu.in, Contact Number - 244404378/77
    at Object.findById (E:\KAHER-Backend\lib\database\methods\application.js:343:15)
    at process.processTicksAndRejections (node:internal/process/task_queues:95:5)
    at async Object.execute (E:\KAHER-Backend\use-cases\application\resend-permission.js:39:21)
    at async exports.resendPermission (E:\KAHER-Backend\controllers\application.controller.js:371:20)
[2024-03-08T09:37:20.580Z] info: Email sent: 250 OK id=1riWfH-004Q9L-2Y
[2024-03-08T09:37:46.270Z] info: Connecting to database: PRODUCTION
[2024-03-08T09:38:43.589Z] info: Connecting to database: PRODUCTION
[2024-03-08T09:40:23.005Z] info: Connecting to database: PRODUCTION
[2024-03-08T09:41:16.678Z] info: Connecting to database: PRODUCTION
[2024-03-08T09:41:20.940Z] info: Connecting to database: PRODUCTION
[2024-03-08T09:41:44.250Z] info: Connecting to database: PRODUCTION
[2024-03-08T09:41:54.919Z] info: Connecting to database: PRODUCTION
[2024-03-08T09:42:05.585Z] info: Connecting to database: PRODUCTION
[2024-03-08T09:42:11.609Z] error: Failed to signup: TypeError: Assignment to constant variable.
    at Object.execute (E:\KAHER-Backend\use-cases\application\resend-permission.js:50:28)
    at process.processTicksAndRejections (node:internal/process/task_queues:95:5)
    at async exports.resendPermission (E:\KAHER-Backend\controllers\application.controller.js:371:20)
[2024-03-08T09:42:11.609Z] error: Failed to signup: TypeError: Assignment to constant variable.
    at Object.execute (E:\KAHER-Backend\use-cases\application\resend-permission.js:50:28)
    at process.processTicksAndRejections (node:internal/process/task_queues:95:5)
    at async exports.resendPermission (E:\KAHER-Backend\controllers\application.controller.js:371:20)
[2024-03-08T09:42:24.310Z] info: Connecting to database: PRODUCTION
[2024-03-08T09:43:50.503Z] info: Connecting to database: PRODUCTION
[2024-03-08T09:44:53.953Z] info: Connecting to database: PRODUCTION
[2024-03-08T09:45:11.488Z] info: Connecting to database: PRODUCTION
[2024-03-08T09:45:19.267Z] info: Connecting to database: PRODUCTION
[2024-03-08T09:47:46.676Z] info: Connecting to database: PRODUCTION
[2024-03-08T09:48:12.432Z] info: Email sent: 250 OK id=1riWpn-004aR6-2T
[2024-03-08T09:48:47.585Z] info: Connecting to database: PRODUCTION
[2024-03-08T09:48:53.974Z] error: Failed to signup: TypeError: Cannot read properties of undefined (reading 'firstName')
    at Object.execute (E:\KAHER-Backend\use-cases\application\resend-permission.js:150:49)
    at process.processTicksAndRejections (node:internal/process/task_queues:95:5)
    at async exports.resendPermission (E:\KAHER-Backend\controllers\application.controller.js:371:20)
[2024-03-08T09:48:53.974Z] error: Failed to signup: TypeError: Cannot read properties of undefined (reading 'firstName')
    at Object.execute (E:\KAHER-Backend\use-cases\application\resend-permission.js:150:49)
    at process.processTicksAndRejections (node:internal/process/task_queues:95:5)
    at async exports.resendPermission (E:\KAHER-Backend\controllers\application.controller.js:371:20)
[2024-03-08T09:50:12.138Z] info: Connecting to database: PRODUCTION
[2024-03-08T09:50:18.880Z] error: Failed to signup: TypeError: Cannot read properties of undefined (reading 'firstName')
    at Object.execute (E:\KAHER-Backend\use-cases\application\resend-permission.js:153:49)
    at process.processTicksAndRejections (node:internal/process/task_queues:95:5)
    at async exports.resendPermission (E:\KAHER-Backend\controllers\application.controller.js:371:20)
[2024-03-08T09:50:18.880Z] error: Failed to signup: TypeError: Cannot read properties of undefined (reading 'firstName')
    at Object.execute (E:\KAHER-Backend\use-cases\application\resend-permission.js:153:49)
    at process.processTicksAndRejections (node:internal/process/task_queues:95:5)
    at async exports.resendPermission (E:\KAHER-Backend\controllers\application.controller.js:371:20)
[2024-03-08T09:51:18.325Z] info: Connecting to database: PRODUCTION
[2024-03-08T09:51:24.969Z] error: Failed to signup: TypeError: Cannot read properties of undefined (reading 'firstName')
    at Object.execute (E:\KAHER-Backend\use-cases\application\resend-permission.js:156:49)
    at process.processTicksAndRejections (node:internal/process/task_queues:95:5)
    at async exports.resendPermission (E:\KAHER-Backend\controllers\application.controller.js:371:20)
[2024-03-08T09:51:24.969Z] error: Failed to signup: TypeError: Cannot read properties of undefined (reading 'firstName')
    at Object.execute (E:\KAHER-Backend\use-cases\application\resend-permission.js:156:49)
    at process.processTicksAndRejections (node:internal/process/task_queues:95:5)
    at async exports.resendPermission (E:\KAHER-Backend\controllers\application.controller.js:371:20)
[2024-03-08T09:57:42.358Z] info: Connecting to database: PRODUCTION
[2024-03-08T09:57:49.166Z] error: Failed to signup: TypeError: Cannot read properties of undefined (reading 'firstName')
    at Object.execute (E:\KAHER-Backend\use-cases\application\resend-permission.js:156:49)
    at process.processTicksAndRejections (node:internal/process/task_queues:95:5)
    at async exports.resendPermission (E:\KAHER-Backend\controllers\application.controller.js:371:20)
[2024-03-08T09:57:49.166Z] error: Failed to signup: TypeError: Cannot read properties of undefined (reading 'firstName')
    at Object.execute (E:\KAHER-Backend\use-cases\application\resend-permission.js:156:49)
    at process.processTicksAndRejections (node:internal/process/task_queues:95:5)
    at async exports.resendPermission (E:\KAHER-Backend\controllers\application.controller.js:371:20)
[2024-03-08T09:59:35.849Z] info: Connecting to database: PRODUCTION
[2024-03-08T09:59:48.196Z] info: Connecting to database: PRODUCTION
[2024-03-08T09:59:54.902Z] error: Failed to signup: TypeError: Cannot read properties of undefined (reading 'firstName')
    at Object.execute (E:\KAHER-Backend\use-cases\application\resend-permission.js:158:49)
    at process.processTicksAndRejections (node:internal/process/task_queues:95:5)
    at async exports.resendPermission (E:\KAHER-Backend\controllers\application.controller.js:371:20)
[2024-03-08T09:59:54.902Z] error: Failed to signup: TypeError: Cannot read properties of undefined (reading 'firstName')
    at Object.execute (E:\KAHER-Backend\use-cases\application\resend-permission.js:158:49)
    at process.processTicksAndRejections (node:internal/process/task_queues:95:5)
    at async exports.resendPermission (E:\KAHER-Backend\controllers\application.controller.js:371:20)
[2024-03-08T10:00:20.690Z] info: Connecting to database: PRODUCTION
[2024-03-08T10:00:27.442Z] error: Failed to signup: TypeError: Cannot read properties of undefined (reading 'firstName')
    at Object.execute (E:\KAHER-Backend\use-cases\application\resend-permission.js:158:49)
    at process.processTicksAndRejections (node:internal/process/task_queues:95:5)
    at async exports.resendPermission (E:\KAHER-Backend\controllers\application.controller.js:371:20)
[2024-03-08T10:00:27.442Z] error: Failed to signup: TypeError: Cannot read properties of undefined (reading 'firstName')
    at Object.execute (E:\KAHER-Backend\use-cases\application\resend-permission.js:158:49)
    at process.processTicksAndRejections (node:internal/process/task_queues:95:5)
    at async exports.resendPermission (E:\KAHER-Backend\controllers\application.controller.js:371:20)
[2024-03-08T10:01:52.881Z] info: Connecting to database: PRODUCTION
[2024-03-08T10:01:58.513Z] info: Connecting to database: PRODUCTION
[2024-03-08T10:02:03.679Z] error: Failed to signup: TypeError: UserFunction.findOne is not a function
    at Object.execute (E:\KAHER-Backend\use-cases\application\resend-permission.js:56:32)
    at process.processTicksAndRejections (node:internal/process/task_queues:95:5)
    at async exports.resendPermission (E:\KAHER-Backend\controllers\application.controller.js:371:20)
[2024-03-08T10:02:03.679Z] error: Failed to signup: TypeError: UserFunction.findOne is not a function
    at Object.execute (E:\KAHER-Backend\use-cases\application\resend-permission.js:56:32)
    at process.processTicksAndRejections (node:internal/process/task_queues:95:5)
    at async exports.resendPermission (E:\KAHER-Backend\controllers\application.controller.js:371:20)
[2024-03-08T10:03:30.616Z] info: Connecting to database: PRODUCTION
[2024-03-08T10:03:47.351Z] info: Connecting to database: PRODUCTION
[2024-03-08T10:03:57.374Z] info: Email sent: 250 OK id=1riX52-004nw2-28
[2024-03-08T10:04:10.467Z] info: Connecting to database: PRODUCTION
[2024-03-08T10:04:35.188Z] info: Connecting to database: PRODUCTION
[2024-03-08T10:04:39.934Z] info: Connecting to database: PRODUCTION
[2024-03-08T10:04:46.707Z] info: Connecting to database: PRODUCTION
[2024-03-08T10:04:56.726Z] info: Connecting to database: PRODUCTION
[2024-03-08T10:05:07.060Z] info: Email sent: 250 OK id=1riX6A-004oVM-1I
[2024-03-08T10:05:56.961Z] info: Connecting to database: PRODUCTION
[2024-03-08T10:06:05.860Z] info: Connecting to database: PRODUCTION
[2024-03-08T10:35:55.235Z] info: Connecting to database: PRODUCTION
[2024-03-08T10:45:57.229Z] info: Connecting to database: PRODUCTION
[2024-03-08T10:49:41.127Z] info: Connecting to database: PRODUCTION
[2024-03-08T10:50:25.392Z] error: Failed to create exercise entity: CreateError
    at Object.responses (E:\KAHER-Backend\services\form-validator.service.js:261:15)
    at E:\KAHER-Backend\entity\response\create-response.js:48:43
    at Array.forEach (<anonymous>)
    at Object.generate (E:\KAHER-Backend\entity\response\create-response.js:47:38)
    at Object.execute (E:\KAHER-Backend\use-cases\response\create-response.js:42:14)
    at exports.createResponse (E:\KAHER-Backend\controllers\response.controller.js:26:8)
    at Layer.handle [as handle_request] (E:\KAHER-Backend\node_modules\express\lib\router\layer.js:95:5)
    at next (E:\KAHER-Backend\node_modules\express\lib\router\route.js:144:13)
    at module.exports.isLogged (E:\KAHER-Backend\middlewares\is-logged.js:84:12)
    at process.processTicksAndRejections (node:internal/process/task_queues:95:5) {
  status: 422,
  code: 0,
  message: undefined,
  date: 2024-03-08T10:50:25.391Z
}
[2024-03-08T10:50:25.392Z] error: Failed to create exercise entity: CreateError
    at Object.responses (E:\KAHER-Backend\services\form-validator.service.js:261:15)
    at E:\KAHER-Backend\entity\response\create-response.js:48:43
    at Array.forEach (<anonymous>)
    at Object.generate (E:\KAHER-Backend\entity\response\create-response.js:47:38)
    at Object.execute (E:\KAHER-Backend\use-cases\response\create-response.js:42:14)
    at exports.createResponse (E:\KAHER-Backend\controllers\response.controller.js:26:8)
    at Layer.handle [as handle_request] (E:\KAHER-Backend\node_modules\express\lib\router\layer.js:95:5)
    at next (E:\KAHER-Backend\node_modules\express\lib\router\route.js:144:13)
    at module.exports.isLogged (E:\KAHER-Backend\middlewares\is-logged.js:84:12)
    at process.processTicksAndRejections (node:internal/process/task_queues:95:5) {
  status: 422,
  code: 0,
  message: undefined,
  date: 2024-03-08T10:50:25.391Z
}
[2024-03-08T10:50:55.414Z] info: Connecting to database: PRODUCTION
[2024-03-08T10:52:10.399Z] info: Connecting to database: PRODUCTION
[2024-03-08T11:13:32.135Z] info: Connecting to database: PRODUCTION
[2024-03-09T09:44:25.293Z] info: Connecting to database: PRODUCTION
[2024-03-09T09:46:28.475Z] info: Email sent: 250 OK id=1ritHg-001BLP-1i
[2024-03-11T06:47:39.317Z] info: Connecting to database: PRODUCTION
[2024-03-11T06:56:04.834Z] info: Connecting to database: PRODUCTION
[2024-03-11T06:59:21.177Z] info: Connecting to database: PRODUCTION
[2024-03-11T06:59:35.404Z] info: Connecting to database: PRODUCTION
[2024-03-11T11:48:12.532Z] error: token verification expired
[2024-03-11T11:48:12.532Z] error: token verification expired
[2024-03-11T11:50:49.635Z] error: token verification expired
[2024-03-11T11:50:49.635Z] error: token verification expired
[2024-03-11T11:51:27.498Z] info: Connecting to database: PRODUCTION
[2024-03-11T11:52:20.719Z] info: Connecting to database: PRODUCTION
[2024-03-11T11:53:00.067Z] info: Connecting to database: PRODUCTION
[2024-03-11T11:53:56.200Z] info: Connecting to database: PRODUCTION
[2024-03-11T11:54:37.759Z] info: Connecting to database: PRODUCTION
[2024-03-11T12:31:56.908Z] info: Connecting to database: PRODUCTION
[2024-03-11T12:32:08.109Z] info: Connecting to database: PRODUCTION
[2024-03-11T12:32:19.446Z] info: Connecting to database: PRODUCTION
[2024-03-11T12:33:25.316Z] info: Connecting to database: PRODUCTION
[2024-03-11T12:33:32.291Z] info: Connecting to database: PRODUCTION
[2024-03-12T06:22:07.728Z] info: Connecting to database: PRODUCTION
[2024-03-12T06:24:24.751Z] info: Connecting to database: PRODUCTION
[2024-03-12T06:24:56.390Z] error: Failed to create exercise entity: TypeError: validate.string is not a function
    at Object.generate (E:\KAHER-Backend\entity\workflow\create-workflow.js:50:36)
    at Object.execute (E:\KAHER-Backend\use-cases\workflow\create-workflow.js:44:14)
    at process.processTicksAndRejections (node:internal/process/task_queues:95:5)
    at async exports.createWorkflow (E:\KAHER-Backend\controllers\workflow.controller.js:15:20)
[2024-03-12T06:24:56.390Z] error: Failed to create exercise entity: TypeError: validate.string is not a function
    at Object.generate (E:\KAHER-Backend\entity\workflow\create-workflow.js:50:36)
    at Object.execute (E:\KAHER-Backend\use-cases\workflow\create-workflow.js:44:14)
    at process.processTicksAndRejections (node:internal/process/task_queues:95:5)
    at async exports.createWorkflow (E:\KAHER-Backend\controllers\workflow.controller.js:15:20)
[2024-03-12T06:24:56.393Z] error: Failed to signup: Error: Unknown error, contact support.
    at Object.generate (E:\KAHER-Backend\entity\workflow\create-workflow.js:95:15)
    at Object.execute (E:\KAHER-Backend\use-cases\workflow\create-workflow.js:44:14)
    at process.processTicksAndRejections (node:internal/process/task_queues:95:5)
    at async exports.createWorkflow (E:\KAHER-Backend\controllers\workflow.controller.js:15:20)
[2024-03-12T06:24:56.393Z] error: Failed to signup: Error: Unknown error, contact support.
    at Object.generate (E:\KAHER-Backend\entity\workflow\create-workflow.js:95:15)
    at Object.execute (E:\KAHER-Backend\use-cases\workflow\create-workflow.js:44:14)
    at process.processTicksAndRejections (node:internal/process/task_queues:95:5)
    at async exports.createWorkflow (E:\KAHER-Backend\controllers\workflow.controller.js:15:20)
[2024-03-12T06:25:04.155Z] error: Failed to create exercise entity: TypeError: validate.string is not a function
    at Object.generate (E:\KAHER-Backend\entity\workflow\create-workflow.js:50:36)
    at Object.execute (E:\KAHER-Backend\use-cases\workflow\create-workflow.js:44:14)
    at process.processTicksAndRejections (node:internal/process/task_queues:95:5)
    at async exports.createWorkflow (E:\KAHER-Backend\controllers\workflow.controller.js:15:20)
[2024-03-12T06:25:04.155Z] error: Failed to create exercise entity: TypeError: validate.string is not a function
    at Object.generate (E:\KAHER-Backend\entity\workflow\create-workflow.js:50:36)
    at Object.execute (E:\KAHER-Backend\use-cases\workflow\create-workflow.js:44:14)
    at process.processTicksAndRejections (node:internal/process/task_queues:95:5)
    at async exports.createWorkflow (E:\KAHER-Backend\controllers\workflow.controller.js:15:20)
[2024-03-12T06:25:04.160Z] error: Failed to signup: Error: Unknown error, contact support.
    at Object.generate (E:\KAHER-Backend\entity\workflow\create-workflow.js:95:15)
    at Object.execute (E:\KAHER-Backend\use-cases\workflow\create-workflow.js:44:14)
    at process.processTicksAndRejections (node:internal/process/task_queues:95:5)
    at async exports.createWorkflow (E:\KAHER-Backend\controllers\workflow.controller.js:15:20)
[2024-03-12T06:25:04.160Z] error: Failed to signup: Error: Unknown error, contact support.
    at Object.generate (E:\KAHER-Backend\entity\workflow\create-workflow.js:95:15)
    at Object.execute (E:\KAHER-Backend\use-cases\workflow\create-workflow.js:44:14)
    at process.processTicksAndRejections (node:internal/process/task_queues:95:5)
    at async exports.createWorkflow (E:\KAHER-Backend\controllers\workflow.controller.js:15:20)
[2024-03-12T06:28:29.287Z] info: Connecting to database: PRODUCTION
[2024-03-12T06:28:41.366Z] info: Connecting to database: PRODUCTION
[2024-03-12T06:28:48.535Z] info: Connecting to database: PRODUCTION
[2024-03-12T06:28:59.847Z] info: Connecting to database: PRODUCTION
[2024-03-12T07:13:03.051Z] error: token verification error/tampered
[2024-03-12T07:13:03.051Z] error: token verification error/tampered
[2024-03-12T07:14:53.038Z] error: Failed to create exercise entity: TypeError: Cannot read properties of undefined (reading 'length')
    at Object.generate (E:\KAHER-Backend\entity\users\update-users.js:129:33)
    at Object.execute (E:\KAHER-Backend\use-cases\users\update-user.js:65:14)
    at process.processTicksAndRejections (node:internal/process/task_queues:95:5)
    at async exports.updateUser (E:\KAHER-Backend\controllers\user.controller.js:147:20)
[2024-03-12T07:14:53.038Z] error: Failed to create exercise entity: TypeError: Cannot read properties of undefined (reading 'length')
    at Object.generate (E:\KAHER-Backend\entity\users\update-users.js:129:33)
    at Object.execute (E:\KAHER-Backend\use-cases\users\update-user.js:65:14)
    at process.processTicksAndRejections (node:internal/process/task_queues:95:5)
    at async exports.updateUser (E:\KAHER-Backend\controllers\user.controller.js:147:20)
[2024-03-12T07:14:53.043Z] error: Failed to signup: Error: Unknown error, contact support.
    at Object.generate (E:\KAHER-Backend\entity\users\update-users.js:164:15)
    at Object.execute (E:\KAHER-Backend\use-cases\users\update-user.js:65:14)
    at process.processTicksAndRejections (node:internal/process/task_queues:95:5)
    at async exports.updateUser (E:\KAHER-Backend\controllers\user.controller.js:147:20)
[2024-03-12T07:14:53.043Z] error: Failed to signup: Error: Unknown error, contact support.
    at Object.generate (E:\KAHER-Backend\entity\users\update-users.js:164:15)
    at Object.execute (E:\KAHER-Backend\use-cases\users\update-user.js:65:14)
    at process.processTicksAndRejections (node:internal/process/task_queues:95:5)
    at async exports.updateUser (E:\KAHER-Backend\controllers\user.controller.js:147:20)
[2024-03-12T07:15:22.126Z] info: Connecting to database: PRODUCTION
[2024-03-12T07:16:04.079Z] info: Connecting to database: PRODUCTION
[2024-03-12T07:18:24.217Z] error: token verification error/tampered
[2024-03-12T07:18:24.217Z] error: token verification error/tampered
[2024-03-12T07:18:29.677Z] error: token verification error/tampered
[2024-03-12T07:18:29.677Z] error: token verification error/tampered
[2024-03-12T07:18:46.070Z] error: token verification error/tampered
[2024-03-12T07:18:46.070Z] error: token verification error/tampered
[2024-03-12T07:19:23.521Z] error: token verification error/tampered
[2024-03-12T07:19:23.521Z] error: token verification error/tampered
[2024-03-12T07:22:09.474Z] info: Connecting to database: PRODUCTION
[2024-03-12T07:23:29.961Z] error: Failed to create user details: error is not defined ReferenceError: error is not defined
    at Object.create (E:\KAHER-Backend\lib\database\methods\user.js:33:11)
    at process.processTicksAndRejections (node:internal/process/task_queues:95:5)
    at async Object.execute (E:\KAHER-Backend\use-cases\users\create-user.js:176:21)
    at async exports.createUser (E:\KAHER-Backend\controllers\user.controller.js:19:20)
[2024-03-12T07:23:29.961Z] error: Failed to create user details: error is not defined ReferenceError: error is not defined
    at Object.create (E:\KAHER-Backend\lib\database\methods\user.js:33:11)
    at process.processTicksAndRejections (node:internal/process/task_queues:95:5)
    at async Object.execute (E:\KAHER-Backend\use-cases\users\create-user.js:176:21)
    at async exports.createUser (E:\KAHER-Backend\controllers\user.controller.js:19:20)
[2024-03-12T07:23:29.965Z] error: Failed to signup: Error: Please find the Contact Details for support - Contact - It Section, Email - itsection@kledeemeduniversity.edu.in, Contact Number - 244404378/77
    at Object.create (E:\KAHER-Backend\lib\database\methods\user.js:59:15)
    at process.processTicksAndRejections (node:internal/process/task_queues:95:5)
    at async Object.execute (E:\KAHER-Backend\use-cases\users\create-user.js:176:21)
    at async exports.createUser (E:\KAHER-Backend\controllers\user.controller.js:19:20)
[2024-03-12T07:23:29.965Z] error: Failed to signup: Error: Please find the Contact Details for support - Contact - It Section, Email - itsection@kledeemeduniversity.edu.in, Contact Number - 244404378/77
    at Object.create (E:\KAHER-Backend\lib\database\methods\user.js:59:15)
    at process.processTicksAndRejections (node:internal/process/task_queues:95:5)
    at async Object.execute (E:\KAHER-Backend\use-cases\users\create-user.js:176:21)
    at async exports.createUser (E:\KAHER-Backend\controllers\user.controller.js:19:20)
[2024-03-12T07:24:00.789Z] info: Connecting to database: PRODUCTION
[2024-03-12T07:24:42.806Z] info: Email sent: 250 OK id=1rjwV9-00Ejqx-0I
[2024-03-12T07:26:35.004Z] info: Connecting to database: PRODUCTION
[2024-03-12T07:26:51.591Z] info: Email sent: 250 OK id=1rjwXD-00ElRb-2r
[2024-03-12T07:27:28.289Z] info: Connecting to database: PRODUCTION
[2024-03-12T07:27:47.878Z] info: Email sent: 250 OK id=1rjwY8-00Em3U-0X
[2024-03-12T07:28:10.384Z] info: Connecting to database: PRODUCTION
[2024-03-12T07:28:39.844Z] error: Failed to signup: TypeError: Cannot read properties of undefined (reading 'name')
    at Object.execute (E:\KAHER-Backend\use-cases\application\get-assigned-applications.js:58:39)
    at process.processTicksAndRejections (node:internal/process/task_queues:95:5)
    at async exports.getAssignedApplications (E:\KAHER-Backend\controllers\application.controller.js:206:20)
[2024-03-12T07:28:39.844Z] error: Failed to signup: TypeError: Cannot read properties of undefined (reading 'name')
    at Object.execute (E:\KAHER-Backend\use-cases\application\get-assigned-applications.js:58:39)
    at process.processTicksAndRejections (node:internal/process/task_queues:95:5)
    at async exports.getAssignedApplications (E:\KAHER-Backend\controllers\application.controller.js:206:20)
[2024-03-12T07:28:41.956Z] error: Failed to signup: TypeError: Cannot read properties of undefined (reading 'name')
    at Object.execute (E:\KAHER-Backend\use-cases\application\get-assigned-applications.js:58:39)
    at process.processTicksAndRejections (node:internal/process/task_queues:95:5)
    at async exports.getAssignedApplications (E:\KAHER-Backend\controllers\application.controller.js:206:20)
[2024-03-12T07:28:41.956Z] error: Failed to signup: TypeError: Cannot read properties of undefined (reading 'name')
    at Object.execute (E:\KAHER-Backend\use-cases\application\get-assigned-applications.js:58:39)
    at process.processTicksAndRejections (node:internal/process/task_queues:95:5)
    at async exports.getAssignedApplications (E:\KAHER-Backend\controllers\application.controller.js:206:20)
[2024-03-12T08:17:01.853Z] info: Email sent: 250 OK id=1rjxJm-00FQHf-0Q
[2024-03-12T08:18:20.521Z] info: Email sent: 250 OK id=1rjxL2-00FREM-2f
[2024-03-12T08:19:06.743Z] info: Connecting to database: PRODUCTION
[2024-03-12T08:21:51.709Z] info: Connecting to database: PRODUCTION
[2024-03-12T11:11:16.878Z] info: Connecting to database: PRODUCTION
[2024-03-13T06:16:03.426Z] info: Connecting to database: PRODUCTION
[2024-03-13T06:19:23.102Z] info: Connecting to database: PRODUCTION
[2024-03-13T10:47:04.176Z] info: Connecting to database: PRODUCTION
[2024-03-13T11:13:32.594Z] error: Failed to find application by id: Cast to ObjectId failed for value "ABC" (type string) at path "_id" for model "Application" CastError: Cast to ObjectId failed for value "ABC" (type string) at path "_id" for model "Application"
    at ObjectId.cast (E:\KAHER-Backend\node_modules\mongoose\lib\schema\objectid.js:250:11)
    at SchemaType.applySetters (E:\KAHER-Backend\node_modules\mongoose\lib\schematype.js:1219:12)
    at SchemaType.castForQuery (E:\KAHER-Backend\node_modules\mongoose\lib\schematype.js:1633:15)
    at cast (E:\KAHER-Backend\node_modules\mongoose\lib\cast.js:375:32)
    at Query.cast (E:\KAHER-Backend\node_modules\mongoose\lib\query.js:4909:12)
    at Query._castConditions (E:\KAHER-Backend\node_modules\mongoose\lib\query.js:2232:10)
    at model.Query._findOne (E:\KAHER-Backend\node_modules\mongoose\lib\query.js:2518:8)
    at model.Query.exec (E:\KAHER-Backend\node_modules\mongoose\lib\query.js:4429:28)
    at process.processTicksAndRejections (node:internal/process/task_queues:95:5)
    at async Object.findById (E:\KAHER-Backend\lib\database\methods\application.js:277:29) {
  stringValue: '"ABC"',
  messageFormat: undefined,
  kind: 'ObjectId',
  value: 'ABC',
  path: '_id',
  reason: BSONError: Argument passed in must be a string of 12 bytes or a string of 24 hex characters or an integer
      at new ObjectId (E:\KAHER-Backend\node_modules\bson\lib\bson.cjs:2055:23)
      at castObjectId (E:\KAHER-Backend\node_modules\mongoose\lib\cast\objectid.js:25:12)
      at ObjectId.cast (E:\KAHER-Backend\node_modules\mongoose\lib\schema\objectid.js:248:12)
      at SchemaType.applySetters (E:\KAHER-Backend\node_modules\mongoose\lib\schematype.js:1219:12)
      at SchemaType.castForQuery (E:\KAHER-Backend\node_modules\mongoose\lib\schematype.js:1633:15)
      at cast (E:\KAHER-Backend\node_modules\mongoose\lib\cast.js:375:32)
      at Query.cast (E:\KAHER-Backend\node_modules\mongoose\lib\query.js:4909:12)
      at Query._castConditions (E:\KAHER-Backend\node_modules\mongoose\lib\query.js:2232:10)
      at model.Query._findOne (E:\KAHER-Backend\node_modules\mongoose\lib\query.js:2518:8)
      at model.Query.exec (E:\KAHER-Backend\node_modules\mongoose\lib\query.js:4429:28),
  valueType: 'string',
  model: Model { Application }
}
[2024-03-13T11:13:32.594Z] error: Failed to find application by id: Cast to ObjectId failed for value "ABC" (type string) at path "_id" for model "Application" CastError: Cast to ObjectId failed for value "ABC" (type string) at path "_id" for model "Application"
    at ObjectId.cast (E:\KAHER-Backend\node_modules\mongoose\lib\schema\objectid.js:250:11)
    at SchemaType.applySetters (E:\KAHER-Backend\node_modules\mongoose\lib\schematype.js:1219:12)
    at SchemaType.castForQuery (E:\KAHER-Backend\node_modules\mongoose\lib\schematype.js:1633:15)
    at cast (E:\KAHER-Backend\node_modules\mongoose\lib\cast.js:375:32)
    at Query.cast (E:\KAHER-Backend\node_modules\mongoose\lib\query.js:4909:12)
    at Query._castConditions (E:\KAHER-Backend\node_modules\mongoose\lib\query.js:2232:10)
    at model.Query._findOne (E:\KAHER-Backend\node_modules\mongoose\lib\query.js:2518:8)
    at model.Query.exec (E:\KAHER-Backend\node_modules\mongoose\lib\query.js:4429:28)
    at process.processTicksAndRejections (node:internal/process/task_queues:95:5)
    at async Object.findById (E:\KAHER-Backend\lib\database\methods\application.js:277:29) {
  stringValue: '"ABC"',
  messageFormat: undefined,
  kind: 'ObjectId',
  value: 'ABC',
  path: '_id',
  reason: BSONError: Argument passed in must be a string of 12 bytes or a string of 24 hex characters or an integer
      at new ObjectId (E:\KAHER-Backend\node_modules\bson\lib\bson.cjs:2055:23)
      at castObjectId (E:\KAHER-Backend\node_modules\mongoose\lib\cast\objectid.js:25:12)
      at ObjectId.cast (E:\KAHER-Backend\node_modules\mongoose\lib\schema\objectid.js:248:12)
      at SchemaType.applySetters (E:\KAHER-Backend\node_modules\mongoose\lib\schematype.js:1219:12)
      at SchemaType.castForQuery (E:\KAHER-Backend\node_modules\mongoose\lib\schematype.js:1633:15)
      at cast (E:\KAHER-Backend\node_modules\mongoose\lib\cast.js:375:32)
      at Query.cast (E:\KAHER-Backend\node_modules\mongoose\lib\query.js:4909:12)
      at Query._castConditions (E:\KAHER-Backend\node_modules\mongoose\lib\query.js:2232:10)
      at model.Query._findOne (E:\KAHER-Backend\node_modules\mongoose\lib\query.js:2518:8)
      at model.Query.exec (E:\KAHER-Backend\node_modules\mongoose\lib\query.js:4429:28),
  valueType: 'string',
  model: Model { Application }
}
[2024-03-13T11:13:32.609Z] error: Failed to signup: Error: Please find the Contact Details for support - Contact - It Section, Email - itsection@kledeemeduniversity.edu.in, Contact Number - 244404378/77
    at Object.findById (E:\KAHER-Backend\lib\database\methods\application.js:343:15)
    at process.processTicksAndRejections (node:internal/process/task_queues:95:5)
    at async Object.execute (E:\KAHER-Backend\use-cases\application\submit-application.js:58:37)
    at async exports.submitApplications (E:\KAHER-Backend\controllers\application.controller.js:229:20)
[2024-03-13T11:13:32.609Z] error: Failed to signup: Error: Please find the Contact Details for support - Contact - It Section, Email - itsection@kledeemeduniversity.edu.in, Contact Number - 244404378/77
    at Object.findById (E:\KAHER-Backend\lib\database\methods\application.js:343:15)
    at process.processTicksAndRejections (node:internal/process/task_queues:95:5)
    at async Object.execute (E:\KAHER-Backend\use-cases\application\submit-application.js:58:37)
    at async exports.submitApplications (E:\KAHER-Backend\controllers\application.controller.js:229:20)
[2024-03-13T11:15:08.314Z] info: Connecting to database: PRODUCTION
[2024-03-13T11:15:17.123Z] info: Connecting to database: PRODUCTION
[2024-03-13T11:15:43.961Z] info: Connecting to database: PRODUCTION
[2024-03-13T11:16:21.222Z] info: Connecting to database: PRODUCTION
[2024-03-13T11:25:21.436Z] info: Connecting to database: PRODUCTION
[2024-03-13T11:25:43.809Z] error: Failed to signup: TypeError: Cannot read properties of null (reading 'responses')
    at Object.execute (E:\KAHER-Backend\use-cases\application\submit-application.js:51:55)
    at process.processTicksAndRejections (node:internal/process/task_queues:95:5)
    at async exports.submitApplications (E:\KAHER-Backend\controllers\application.controller.js:229:20)
[2024-03-13T11:25:43.809Z] error: Failed to signup: TypeError: Cannot read properties of null (reading 'responses')
    at Object.execute (E:\KAHER-Backend\use-cases\application\submit-application.js:51:55)
    at process.processTicksAndRejections (node:internal/process/task_queues:95:5)
    at async exports.submitApplications (E:\KAHER-Backend\controllers\application.controller.js:229:20)
[2024-03-13T11:28:52.486Z] info: Connecting to database: PRODUCTION
[2024-03-13T11:28:58.053Z] info: Connecting to database: PRODUCTION
[2024-03-13T11:29:21.812Z] info: Connecting to database: PRODUCTION
[2024-03-13T11:33:04.435Z] info: Connecting to database: PRODUCTION
[2024-03-13T11:33:42.275Z] info: Connecting to database: PRODUCTION
[2024-03-13T11:34:50.186Z] info: Connecting to database: PRODUCTION
[2024-03-13T11:35:07.140Z] info: Connecting to database: PRODUCTION
